#
# There is insufficient memory for the Java Runtime Environment to continue.
# Native memory allocation (malloc) failed to allocate 1672736 bytes for Chunk::new
# Possible reasons:
#   The system is out of physical RAM or swap space
#   The process is running with CompressedOops enabled, and the Java Heap may be blocking the growth of the native heap
# Possible solutions:
#   Reduce memory load on the system
#   Increase physical memory or swap space
#   Check if swap backing store is full
#   Decrease Java heap size (-Xmx/-Xms)
#   Decrease number of Java threads
#   Decrease Java thread stack sizes (-Xss)
#   Set larger code cache with -XX:ReservedCodeCacheSize=
#   JVM is running with Unscaled Compressed Oops mode in which the Java heap is
#     placed in the first 4GB address space. The Java Heap base address is the
#     maximum limit for the native heap growth. Please use -XX:HeapBaseMinAddress
#     to set the Java Heap base and to place the Java Heap above 4GB virtual address.
# This output file may be truncated or incomplete.
#
#  Out of Memory Error (allocation.cpp:389), pid=2688, tid=0x0000000000002024
#
# JRE version: Java(TM) SE Runtime Environment (8.0_271-b09) (build 1.8.0_271-b09)
# Java VM: Java HotSpot(TM) 64-Bit Server VM (25.271-b09 mixed mode windows-amd64 compressed oops)
# Failed to write core dump. Minidumps are not enabled by default on client versions of Windows
#

---------------  T H R E A D  ---------------

Current thread (0x000001df56cc4800):  JavaThread "C2 CompilerThread0" daemon [_thread_in_native, id=8228, stack(0x000000b888200000,0x000000b888300000)]

Stack: [0x000000b888200000,0x000000b888300000]
Native frames: (J=compiled Java code, j=interpreted, Vv=VM code, C=native code)
V  [jvm.dll+0x33f6c9]
V  [jvm.dll+0x286122]
V  [jvm.dll+0x286dcd]
V  [jvm.dll+0x27d805]
V  [jvm.dll+0xe574c]
V  [jvm.dll+0xe5f4c]
V  [jvm.dll+0x480095]
V  [jvm.dll+0x447de8]
V  [jvm.dll+0x450c25]
V  [jvm.dll+0x44ffe5]
V  [jvm.dll+0x43aef7]
V  [jvm.dll+0xbc3eb]
V  [jvm.dll+0xbaa4b]
V  [jvm.dll+0x24e7c2]
V  [jvm.dll+0x2a2dcc]
C  [ucrtbase.dll+0x214c2]
C  [KERNEL32.DLL+0x17034]
C  [ntdll.dll+0x4d0d1]


Current CompileTask:
C2:   5211 1740       4       org.jacoco.agent.rt.internal_1f1cc91.asm.ClassReader::readCode (5089 bytes)


---------------  P R O C E S S  ---------------

Java Threads: ( => current thread )
  0x000001df58a12800 JavaThread "AsyncHttpClient-timer-1-1" [_thread_blocked, id=4968, stack(0x000000b888800000,0x000000b888900000)]
  0x000001df589bd800 JavaThread "ForkJoinPool.commonPool-worker-1" daemon [_thread_blocked, id=16292, stack(0x000000b888700000,0x000000b888800000)]
  0x000001df56c87800 JavaThread "Service Thread" daemon [_thread_blocked, id=10092, stack(0x000000b888500000,0x000000b888600000)]
  0x000001df56d36000 JavaThread "C1 CompilerThread2" daemon [_thread_blocked, id=5904, stack(0x000000b888400000,0x000000b888500000)]
  0x000001df56cc5000 JavaThread "C2 CompilerThread1" daemon [_thread_in_native, id=16280, stack(0x000000b888300000,0x000000b888400000)]
=>0x000001df56cc4800 JavaThread "C2 CompilerThread0" daemon [_thread_in_native, id=8228, stack(0x000000b888200000,0x000000b888300000)]
  0x000001df56c71000 JavaThread "org.jacoco.agent.rt.internal_1f1cc91.output.TcpClientOutput" daemon [_thread_in_native, id=2240, stack(0x000000b888100000,0x000000b888200000)]
  0x000001df5555e800 JavaThread "Attach Listener" daemon [_thread_blocked, id=8440, stack(0x000000b888000000,0x000000b888100000)]
  0x000001df5555e000 JavaThread "Signal Dispatcher" daemon [_thread_blocked, id=13332, stack(0x000000b887f00000,0x000000b888000000)]
  0x000001df5553f000 JavaThread "Finalizer" daemon [_thread_blocked, id=13964, stack(0x000000b887e00000,0x000000b887f00000)]
  0x000001df55515800 JavaThread "Reference Handler" daemon [_thread_blocked, id=14888, stack(0x000000b887d00000,0x000000b887e00000)]
  0x000001df4182d000 JavaThread "main" [_thread_in_vm, id=17296, stack(0x000000b887700000,0x000000b887800000)]

Other Threads:
  0x000001df5550b800 VMThread [stack: 0x000000b887c00000,0x000000b887d00000] [id=7412]
  0x000001df56d0a800 WatcherThread [stack: 0x000000b888600000,0x000000b888700000] [id=16256]

VM state:not at safepoint (normal execution)

VM Mutex/Monitor currently owned by a thread: None

heap address: 0x00000000c1600000, size: 1002 MB, Compressed Oops mode: 32-bit
Narrow klass base: 0x0000000000000000, Narrow klass shift: 3
Compressed class space size: 1073741824 Address: 0x0000000100000000

Heap:
 PSYoungGen      total 72192K, used 10093K [0x00000000eb200000, 0x00000000f2580000, 0x0000000100000000)
  eden space 65536K, 6% used [0x00000000eb200000,0x00000000eb676570,0x00000000ef200000)
  from space 6656K, 82% used [0x00000000ef200000,0x00000000ef764f60,0x00000000ef880000)
  to   space 6656K, 0% used [0x00000000f1f00000,0x00000000f1f00000,0x00000000f2580000)
 ParOldGen       total 44032K, used 8925K [0x00000000c1600000, 0x00000000c4100000, 0x00000000eb200000)
  object space 44032K, 20% used [0x00000000c1600000,0x00000000c1eb7778,0x00000000c4100000)
 Metaspace       used 18160K, capacity 18408K, committed 18816K, reserved 1067008K
  class space    used 1936K, capacity 2054K, committed 2176K, reserved 1048576K

Card table byte_map: [0x000001df526c0000,0x000001df528c0000] byte_map_base: 0x000001df520b5000

Marking Bits: (ParMarkBitMap*) 0x00000000700b7fe0
 Begin Bits: [0x000001df52a10000, 0x000001df539b8000)
 End Bits:   [0x000001df539b8000, 0x000001df54960000)

Polling page: 0x000001df41a20000

CodeCache: size=245760Kb used=6862Kb max_used=6870Kb free=238897Kb
 bounds [0x000001df43300000, 0x000001df439c0000, 0x000001df52300000]
 total_blobs=2301 nmethods=1858 adapters=355
 compilation: enabled

Compilation events (10 events):
Event: 5.123 Thread 0x000001df56d36000 1876       2       org.jacoco.agent.rt.internal_1f1cc91.asm.ByteVector::<init> (12 bytes)
Event: 5.123 Thread 0x000001df56d36000 nmethod 1876 0x000001df439b0150 code [0x000001df439b02a0, 0x000001df439b0498]
Event: 5.127 Thread 0x000001df56cc5000 nmethod 1822 0x000001df439b7b10 code [0x000001df439b7d80, 0x000001df439b90e8]
Event: 5.127 Thread 0x000001df56cc5000 1877       4       org.jacoco.agent.rt.internal_1f1cc91.asm.tree.MethodNode::accept (874 bytes)
Event: 5.138 Thread 0x000001df56d36000 1879       2       org.jacoco.agent.rt.internal_1f1cc91.core.internal.flow.LabelInfo::getProbeId (18 bytes)
Event: 5.139 Thread 0x000001df56d36000 nmethod 1879 0x000001df439afd10 code [0x000001df439afe80, 0x000001df439b0058]
Event: 5.141 Thread 0x000001df56d36000 1880       2       org.jacoco.agent.rt.internal_1f1cc91.asm.ClassReader::readByte (11 bytes)
Event: 5.142 Thread 0x000001df56d36000 nmethod 1880 0x000001df439af950 code [0x000001df439afaa0, 0x000001df439afc18]
Event: 5.147 Thread 0x000001df56d36000 1881       2       org.jacoco.agent.rt.internal_1f1cc91.asm.MethodVisitor::visitTypeAnnotation (41 bytes)
Event: 5.148 Thread 0x000001df56d36000 nmethod 1881 0x000001df439b7410 code [0x000001df439b7580, 0x000001df439b77c0]

GC Heap History (10 events):
Event: 3.568 GC heap before
{Heap before GC invocations=5 (full 0):
 PSYoungGen      total 18944K, used 18944K [0x00000000eb200000, 0x00000000ed700000, 0x0000000100000000)
  eden space 16384K, 100% used [0x00000000eb200000,0x00000000ec200000,0x00000000ec200000)
  from space 2560K, 100% used [0x00000000ec480000,0x00000000ec700000,0x00000000ec700000)
  to   space 2560K, 0% used [0x00000000ec200000,0x00000000ec200000,0x00000000ec480000)
 ParOldGen       total 44032K, used 2700K [0x00000000c1600000, 0x00000000c4100000, 0x00000000eb200000)
  object space 44032K, 6% used [0x00000000c1600000,0x00000000c18a33e0,0x00000000c4100000)
 Metaspace       used 10605K, capacity 10776K, committed 11008K, reserved 1058816K
  class space    used 1157K, capacity 1260K, committed 1280K, reserved 1048576K
Event: 3.577 GC heap after
Heap after GC invocations=5 (full 0):
 PSYoungGen      total 18944K, used 2541K [0x00000000eb200000, 0x00000000edc00000, 0x0000000100000000)
  eden space 16384K, 0% used [0x00000000eb200000,0x00000000eb200000,0x00000000ec200000)
  from space 2560K, 99% used [0x00000000ec200000,0x00000000ec47b738,0x00000000ec480000)
  to   space 5120K, 0% used [0x00000000ed700000,0x00000000ed700000,0x00000000edc00000)
 ParOldGen       total 44032K, used 4203K [0x00000000c1600000, 0x00000000c4100000, 0x00000000eb200000)
  object space 44032K, 9% used [0x00000000c1600000,0x00000000c1a1ad20,0x00000000c4100000)
 Metaspace       used 10605K, capacity 10776K, committed 11008K, reserved 1058816K
  class space    used 1157K, capacity 1260K, committed 1280K, reserved 1048576K
}
Event: 3.890 GC heap before
{Heap before GC invocations=6 (full 0):
 PSYoungGen      total 18944K, used 18925K [0x00000000eb200000, 0x00000000edc00000, 0x0000000100000000)
  eden space 16384K, 100% used [0x00000000eb200000,0x00000000ec200000,0x00000000ec200000)
  from space 2560K, 99% used [0x00000000ec200000,0x00000000ec47b738,0x00000000ec480000)
  to   space 5120K, 0% used [0x00000000ed700000,0x00000000ed700000,0x00000000edc00000)
 ParOldGen       total 44032K, used 4203K [0x00000000c1600000, 0x00000000c4100000, 0x00000000eb200000)
  object space 44032K, 9% used [0x00000000c1600000,0x00000000c1a1ad20,0x00000000c4100000)
 Metaspace       used 11959K, capacity 12194K, committed 12544K, reserved 1060864K
  class space    used 1320K, capacity 1437K, committed 1536K, reserved 1048576K
Event: 3.899 GC heap after
Heap after GC invocations=6 (full 0):
 PSYoungGen      total 36864K, used 3639K [0x00000000eb200000, 0x00000000edb00000, 0x0000000100000000)
  eden space 32768K, 0% used [0x00000000eb200000,0x00000000eb200000,0x00000000ed200000)
  from space 4096K, 88% used [0x00000000ed700000,0x00000000eda8df80,0x00000000edb00000)
  to   space 4608K, 0% used [0x00000000ed200000,0x00000000ed200000,0x00000000ed680000)
 ParOldGen       total 44032K, used 4211K [0x00000000c1600000, 0x00000000c4100000, 0x00000000eb200000)
  object space 44032K, 9% used [0x00000000c1600000,0x00000000c1a1cd20,0x00000000c4100000)
 Metaspace       used 11959K, capacity 12194K, committed 12544K, reserved 1060864K
  class space    used 1320K, capacity 1437K, committed 1536K, reserved 1048576K
}
Event: 4.128 GC heap before
{Heap before GC invocations=7 (full 0):
 PSYoungGen      total 36864K, used 36407K [0x00000000eb200000, 0x00000000edb00000, 0x0000000100000000)
  eden space 32768K, 100% used [0x00000000eb200000,0x00000000ed200000,0x00000000ed200000)
  from space 4096K, 88% used [0x00000000ed700000,0x00000000eda8df80,0x00000000edb00000)
  to   space 4608K, 0% used [0x00000000ed200000,0x00000000ed200000,0x00000000ed680000)
 ParOldGen       total 44032K, used 4211K [0x00000000c1600000, 0x00000000c4100000, 0x00000000eb200000)
  object space 44032K, 9% used [0x00000000c1600000,0x00000000c1a1cd20,0x00000000c4100000)
 Metaspace       used 12449K, capacity 12674K, committed 13056K, reserved 1060864K
  class space    used 1347K, capacity 1469K, committed 1536K, reserved 1048576K
Event: 4.142 GC heap after
Heap after GC invocations=7 (full 0):
 PSYoungGen      total 37376K, used 4586K [0x00000000eb200000, 0x00000000eff00000, 0x0000000100000000)
  eden space 32768K, 0% used [0x00000000eb200000,0x00000000eb200000,0x00000000ed200000)
  from space 4608K, 99% used [0x00000000ed200000,0x00000000ed67ab50,0x00000000ed680000)
  to   space 6656K, 0% used [0x00000000ef880000,0x00000000ef880000,0x00000000eff00000)
 ParOldGen       total 44032K, used 6891K [0x00000000c1600000, 0x00000000c4100000, 0x00000000eb200000)
  object space 44032K, 15% used [0x00000000c1600000,0x00000000c1cbae10,0x00000000c4100000)
 Metaspace       used 12449K, capacity 12674K, committed 13056K, reserved 1060864K
  class space    used 1347K, capacity 1469K, committed 1536K, reserved 1048576K
}
Event: 4.466 GC heap before
{Heap before GC invocations=8 (full 0):
 PSYoungGen      total 37376K, used 37354K [0x00000000eb200000, 0x00000000eff00000, 0x0000000100000000)
  eden space 32768K, 100% used [0x00000000eb200000,0x00000000ed200000,0x00000000ed200000)
  from space 4608K, 99% used [0x00000000ed200000,0x00000000ed67ab50,0x00000000ed680000)
  to   space 6656K, 0% used [0x00000000ef880000,0x00000000ef880000,0x00000000eff00000)
 ParOldGen       total 44032K, used 6891K [0x00000000c1600000, 0x00000000c4100000, 0x00000000eb200000)
  object space 44032K, 15% used [0x00000000c1600000,0x00000000c1cbae10,0x00000000c4100000)
 Metaspace       used 14272K, capacity 14508K, committed 14720K, reserved 1062912K
  class space    used 1455K, capacity 1568K, committed 1664K, reserved 1048576K
Event: 4.478 GC heap after
Heap after GC invocations=8 (full 0):
 PSYoungGen      total 72192K, used 4372K [0x00000000eb200000, 0x00000000eff00000, 0x0000000100000000)
  eden space 65536K, 0% used [0x00000000eb200000,0x00000000eb200000,0x00000000ef200000)
  from space 6656K, 65% used [0x00000000ef880000,0x00000000efcc5230,0x00000000eff00000)
  to   space 6656K, 0% used [0x00000000ef200000,0x00000000ef200000,0x00000000ef880000)
 ParOldGen       total 44032K, used 7891K [0x00000000c1600000, 0x00000000c4100000, 0x00000000eb200000)
  object space 44032K, 17% used [0x00000000c1600000,0x00000000c1db4e10,0x00000000c4100000)
 Metaspace       used 14272K, capacity 14508K, committed 14720K, reserved 1062912K
  class space    used 1455K, capacity 1568K, committed 1664K, reserved 1048576K
}
Event: 5.149 GC heap before
{Heap before GC invocations=9 (full 0):
 PSYoungGen      total 72192K, used 69908K [0x00000000eb200000, 0x00000000eff00000, 0x0000000100000000)
  eden space 65536K, 100% used [0x00000000eb200000,0x00000000ef200000,0x00000000ef200000)
  from space 6656K, 65% used [0x00000000ef880000,0x00000000efcc5230,0x00000000eff00000)
  to   space 6656K, 0% used [0x00000000ef200000,0x00000000ef200000,0x00000000ef880000)
 ParOldGen       total 44032K, used 7891K [0x00000000c1600000, 0x00000000c4100000, 0x00000000eb200000)
  object space 44032K, 17% used [0x00000000c1600000,0x00000000c1db4e10,0x00000000c4100000)
 Metaspace       used 17989K, capacity 18246K, committed 18432K, reserved 1064960K
  class space    used 1906K, capacity 2021K, committed 2048K, reserved 1048576K
Event: 5.162 GC heap after
Heap after GC invocations=9 (full 0):
 PSYoungGen      total 72192K, used 5523K [0x00000000eb200000, 0x00000000f2580000, 0x0000000100000000)
  eden space 65536K, 0% used [0x00000000eb200000,0x00000000eb200000,0x00000000ef200000)
  from space 6656K, 82% used [0x00000000ef200000,0x00000000ef764f60,0x00000000ef880000)
  to   space 6656K, 0% used [0x00000000f1f00000,0x00000000f1f00000,0x00000000f2580000)
 ParOldGen       total 44032K, used 8925K [0x00000000c1600000, 0x00000000c4100000, 0x00000000eb200000)
  object space 44032K, 20% used [0x00000000c1600000,0x00000000c1eb7778,0x00000000c4100000)
 Metaspace       used 17989K, capacity 18246K, committed 18432K, reserved 1064960K
  class space    used 1906K, capacity 2021K, committed 2048K, reserved 1048576K
}

Deoptimization events (10 events):
Event: 4.335 Thread 0x000001df4182d000 Uncommon trap: reason=unstable_if action=reinterpret pc=0x000001df434f4b80 method=java.util.HashMap.getNode(ILjava/lang/Object;)Ljava/util/HashMap$Node; @ 62
Event: 4.335 Thread 0x000001df4182d000 Uncommon trap: reason=bimorphic action=maybe_recompile pc=0x000001df437755e4 method=java.util.HashMap.putVal(ILjava/lang/Object;Ljava/lang/Object;ZZ)Ljava/lang/Object; @ 91
Event: 4.335 Thread 0x000001df4182d000 Uncommon trap: reason=bimorphic action=maybe_recompile pc=0x000001df437755e4 method=java.util.HashMap.putVal(ILjava/lang/Object;Ljava/lang/Object;ZZ)Ljava/lang/Object; @ 91
Event: 4.336 Thread 0x000001df4182d000 Uncommon trap: reason=bimorphic action=maybe_recompile pc=0x000001df437755e4 method=java.util.HashMap.putVal(ILjava/lang/Object;Ljava/lang/Object;ZZ)Ljava/lang/Object; @ 91
Event: 4.336 Thread 0x000001df4182d000 Uncommon trap: reason=bimorphic action=maybe_recompile pc=0x000001df4376e7f8 method=java.util.HashMap.putVal(ILjava/lang/Object;Ljava/lang/Object;ZZ)Ljava/lang/Object; @ 91
Event: 4.538 Thread 0x000001df4182d000 Uncommon trap: reason=class_check action=maybe_recompile pc=0x000001df4372cfcc method=java.util.regex.Pattern$Curly.match(Ljava/util/regex/Matcher;ILjava/lang/CharSequence;)Z @ 19
Event: 4.539 Thread 0x000001df4182d000 Uncommon trap: reason=unstable_if action=reinterpret pc=0x000001df438e061c method=java.util.regex.Pattern$CharProperty.match(Ljava/util/regex/Matcher;ILjava/lang/CharSequence;)Z @ 21
Event: 4.539 Thread 0x000001df4182d000 Uncommon trap: reason=class_check action=maybe_recompile pc=0x000001df4372cfcc method=java.util.regex.Pattern$Curly.match(Ljava/util/regex/Matcher;ILjava/lang/CharSequence;)Z @ 19
Event: 4.539 Thread 0x000001df4182d000 Uncommon trap: reason=class_check action=maybe_recompile pc=0x000001df4372cfcc method=java.util.regex.Pattern$Curly.match(Ljava/util/regex/Matcher;ILjava/lang/CharSequence;)Z @ 19
Event: 4.539 Thread 0x000001df4182d000 Uncommon trap: reason=class_check action=maybe_recompile pc=0x000001df4372cfcc method=java.util.regex.Pattern$Curly.match(Ljava/util/regex/Matcher;ILjava/lang/CharSequence;)Z @ 19

Classes redefined (0 events):
No events

Internal exceptions (10 events):
Event: 4.448 Thread 0x000001df4182d000 Exception <a 'java/lang/NoClassDefFoundError': org/apache/log4j/Priority> (0x00000000ecfb51d0) thrown at [C:\jenkins\workspace\8-2-build-windows-amd64-cygwin\jdk8u271\605\hotspot\src\share\vm\classfile\systemDictionary.cpp, line 201]
Event: 5.094 Thread 0x000001df4182d000 Implicit null exception at 0x000001df43714530 to 0x000001df43714d36
Event: 5.094 Thread 0x000001df4182d000 Exception <a 'java/lang/NullPointerException'> (0x00000000eed53ba0) thrown at [C:\jenkins\workspace\8-2-build-windows-amd64-cygwin\jdk8u271\605\hotspot\src\share\vm\runtime\sharedRuntime.cpp, line 609]
Event: 5.094 Thread 0x000001df4182d000 Exception <a 'java/lang/NoSuchMethodError': java.lang.Object.lambda$andFinally$1(Lorg/openqa/selenium/remote/http/HttpHandler;Lorg/openqa/selenium/remote/http/HttpRequest;)Lorg/openqa/selenium/remote/http/HttpResponse;> (0x00000000eed54650) thrown at [C:\
Event: 5.095 Thread 0x000001df4182d000 Implicit null exception at 0x000001df43714530 to 0x000001df43714d36
Event: 5.095 Thread 0x000001df4182d000 Exception <a 'java/lang/NullPointerException'> (0x00000000eed58b80) thrown at [C:\jenkins\workspace\8-2-build-windows-amd64-cygwin\jdk8u271\605\hotspot\src\share\vm\runtime\sharedRuntime.cpp, line 609]
Event: 5.101 Thread 0x000001df4182d000 Implicit null exception at 0x000001df43714530 to 0x000001df43714d36
Event: 5.101 Thread 0x000001df4182d000 Exception <a 'java/lang/NullPointerException'> (0x00000000eedc71e0) thrown at [C:\jenkins\workspace\8-2-build-windows-amd64-cygwin\jdk8u271\605\hotspot\src\share\vm\runtime\sharedRuntime.cpp, line 609]
Event: 5.103 Thread 0x000001df4182d000 Implicit null exception at 0x000001df43714530 to 0x000001df43714d36
Event: 5.103 Thread 0x000001df4182d000 Exception <a 'java/lang/NullPointerException'> (0x00000000eede4dc8) thrown at [C:\jenkins\workspace\8-2-build-windows-amd64-cygwin\jdk8u271\605\hotspot\src\share\vm\runtime\sharedRuntime.cpp, line 609]

Events (10 events):
Event: 5.179 loading class org/openqa/selenium/NoSuchWindowException
Event: 5.179 loading class org/openqa/selenium/NoSuchWindowException done
Event: 5.180 loading class org/openqa/selenium/StaleElementReferenceException
Event: 5.180 loading class org/openqa/selenium/StaleElementReferenceException done
Event: 5.181 loading class org/openqa/selenium/TimeoutException
Event: 5.181 loading class org/openqa/selenium/TimeoutException done
Event: 5.181 loading class org/openqa/selenium/UnableToSetCookieException
Event: 5.181 loading class org/openqa/selenium/UnableToSetCookieException done
Event: 5.183 loading class com/google/common/collect/Iterators
Event: 5.183 loading class com/google/common/collect/Iterators done


Dynamic libraries:
0x00007ff687970000 - 0x00007ff6879b7000 	C:\Program Files\Java\jre1.8.0_271\bin\javaw.exe
0x00007ff9c7e10000 - 0x00007ff9c8006000 	C:\Windows\SYSTEM32\ntdll.dll
0x00007ff9c7c40000 - 0x00007ff9c7cfd000 	C:\Windows\System32\KERNEL32.DLL
0x00007ff9c5870000 - 0x00007ff9c5b39000 	C:\Windows\System32\KERNELBASE.dll
0x00007ff9c6b40000 - 0x00007ff9c6bec000 	C:\Windows\System32\ADVAPI32.dll
0x00007ff9c6060000 - 0x00007ff9c60fe000 	C:\Windows\System32\msvcrt.dll
0x00007ff9c7aa0000 - 0x00007ff9c7b3c000 	C:\Windows\System32\sechost.dll
0x00007ff9c7970000 - 0x00007ff9c7a9b000 	C:\Windows\System32\RPCRT4.dll
0x00007ff9c7720000 - 0x00007ff9c78c0000 	C:\Windows\System32\USER32.dll
0x00007ff9c5550000 - 0x00007ff9c5572000 	C:\Windows\System32\win32u.dll
0x00007ff9c7c10000 - 0x00007ff9c7c3a000 	C:\Windows\System32\GDI32.dll
0x00007ff9c5680000 - 0x00007ff9c578b000 	C:\Windows\System32\gdi32full.dll
0x00007ff9c5c70000 - 0x00007ff9c5d0d000 	C:\Windows\System32\msvcp_win.dll
0x00007ff9c5580000 - 0x00007ff9c5680000 	C:\Windows\System32\ucrtbase.dll
0x00007ff9a9f00000 - 0x00007ff9aa19b000 	C:\Windows\WinSxS\amd64_microsoft.windows.common-controls_6595b64144ccf1df_6.0.19041.746_none_ca02b4b61b8320a4\COMCTL32.dll
0x00007ff9c7d90000 - 0x00007ff9c7dc0000 	C:\Windows\System32\IMM32.DLL
0x00007ff9bc790000 - 0x00007ff9bc7a5000 	C:\Program Files\Java\jre1.8.0_271\bin\vcruntime140.dll
0x00007ff9b5e70000 - 0x00007ff9b5f0b000 	C:\Program Files\Java\jre1.8.0_271\bin\msvcp140.dll
0x000000006f8c0000 - 0x000000007012f000 	C:\Program Files\Java\jre1.8.0_271\bin\server\jvm.dll
0x00007ff9c5f90000 - 0x00007ff9c5f98000 	C:\Windows\System32\PSAPI.DLL
0x00007ff9c2f10000 - 0x00007ff9c2f19000 	C:\Windows\SYSTEM32\WSOCK32.dll
0x00007ff9c7ba0000 - 0x00007ff9c7c0b000 	C:\Windows\System32\WS2_32.dll
0x00007ff9b0b90000 - 0x00007ff9b0bb7000 	C:\Windows\SYSTEM32\WINMM.dll
0x00007ff9b9820000 - 0x00007ff9b982a000 	C:\Windows\SYSTEM32\VERSION.dll
0x00007ff9c34b0000 - 0x00007ff9c34c2000 	C:\Windows\SYSTEM32\kernel.appcore.dll
0x00007ff9c2ee0000 - 0x00007ff9c2ef0000 	C:\Program Files\Java\jre1.8.0_271\bin\verify.dll
0x00007ff9bc730000 - 0x00007ff9bc75b000 	C:\Program Files\Java\jre1.8.0_271\bin\java.dll
0x00007ff9b5e40000 - 0x00007ff9b5e70000 	C:\Program Files\Java\jre1.8.0_271\bin\instrument.dll
0x00007ff9bc710000 - 0x00007ff9bc728000 	C:\Program Files\Java\jre1.8.0_271\bin\zip.dll
0x00007ff9c6dc0000 - 0x00007ff9c7503000 	C:\Windows\System32\SHELL32.dll
0x00007ff9c36b0000 - 0x00007ff9c3e3f000 	C:\Windows\SYSTEM32\windows.storage.dll
0x00007ff9c67d0000 - 0x00007ff9c6b26000 	C:\Windows\System32\combase.dll
0x00007ff9c4ee0000 - 0x00007ff9c4f0c000 	C:\Windows\SYSTEM32\Wldp.dll
0x00007ff9c78c0000 - 0x00007ff9c796e000 	C:\Windows\System32\SHCORE.dll
0x00007ff9c7b40000 - 0x00007ff9c7b95000 	C:\Windows\System32\shlwapi.dll
0x00007ff9c5480000 - 0x00007ff9c54a6000 	C:\Windows\SYSTEM32\profapi.dll
0x00007ff9bbc60000 - 0x00007ff9bbc7c000 	C:\Program Files\Java\jre1.8.0_271\bin\net.dll
0x00007ff9c4c60000 - 0x00007ff9c4cca000 	C:\Windows\system32\mswsock.dll
0x00007ff9aceb0000 - 0x00007ff9acec7000 	C:\Windows\system32\napinsp.dll
0x00007ff9aced0000 - 0x00007ff9aceeb000 	C:\Windows\system32\pnrpnsp.dll
0x00007ff9c0150000 - 0x00007ff9c0165000 	C:\Windows\system32\wshbth.dll
0x00007ff9bfee0000 - 0x00007ff9bfefd000 	C:\Windows\system32\NLAapi.dll
0x00007ff9c4950000 - 0x00007ff9c498b000 	C:\Windows\SYSTEM32\IPHLPAPI.DLL
0x00007ff9c4990000 - 0x00007ff9c4a5b000 	C:\Windows\SYSTEM32\DNSAPI.dll
0x00007ff9c7dc0000 - 0x00007ff9c7dc8000 	C:\Windows\System32\NSI.dll
0x00007ff9acef0000 - 0x00007ff9acf02000 	C:\Windows\System32\winrnr.dll
0x00007ff9bc920000 - 0x00007ff9bc92a000 	C:\Windows\System32\rasadhlp.dll
0x00007ff9bd350000 - 0x00007ff9bd3cf000 	C:\Windows\System32\fwpuclnt.dll
0x00007ff9c5b40000 - 0x00007ff9c5b67000 	C:\Windows\System32\bcrypt.dll
0x00007ff9b7590000 - 0x00007ff9b75b4000 	C:\Program Files\Java\jre1.8.0_271\bin\sunec.dll
0x00007ff9bedd0000 - 0x00007ff9bede7000 	C:\Windows\SYSTEM32\dhcpcsvc6.DLL
0x00007ff9bf5f0000 - 0x00007ff9bf60d000 	C:\Windows\SYSTEM32\dhcpcsvc.DLL
0x00007ff9bbc40000 - 0x00007ff9bbc53000 	C:\Program Files\Java\jre1.8.0_271\bin\nio.dll
0x00007ff9c4e40000 - 0x00007ff9c4e58000 	C:\Windows\SYSTEM32\CRYPTSP.dll
0x00007ff9c4600000 - 0x00007ff9c4634000 	C:\Windows\system32\rsaenh.dll
0x00007ff9c53d0000 - 0x00007ff9c53fe000 	C:\Windows\SYSTEM32\USERENV.dll
0x00007ff9c57f0000 - 0x00007ff9c5870000 	C:\Windows\System32\bcryptprimitives.dll
0x00007ff9c4e30000 - 0x00007ff9c4e3c000 	C:\Windows\SYSTEM32\CRYPTBASE.dll
0x00007ff9be230000 - 0x00007ff9be414000 	C:\Windows\SYSTEM32\dbghelp.dll

VM Arguments:
jvm_args: -javaagent:C:\Users\Dell\Downloads\64bit\eclipse_64bit\configuration\org.eclipse.osgi\453\0\.cp\jacocoagent.jar=includes=*,excludes=,exclclassloader=sun.reflect.DelegatingClassLoader,output=tcpclient,port=49638 -Dfile.encoding=Cp1252 
java_command: week2.day1.learnDropDown
java_class_path (initial): D:\Selenium\Mavenproject\target\classes;C:\Users\Dell\.m2\repository\org\seleniumhq\selenium\selenium-java\4.0.0-alpha-6\selenium-java-4.0.0-alpha-6.jar;C:\Users\Dell\.m2\repository\org\seleniumhq\selenium\selenium-api\4.0.0-alpha-6\selenium-api-4.0.0-alpha-6.jar;C:\Users\Dell\.m2\repository\org\seleniumhq\selenium\selenium-chrome-driver\4.0.0-alpha-6\selenium-chrome-driver-4.0.0-alpha-6.jar;C:\Users\Dell\.m2\repository\com\google\auto\service\auto-service-annotations\1.0-rc6\auto-service-annotations-1.0-rc6.jar;C:\Users\Dell\.m2\repository\com\google\auto\service\auto-service\1.0-rc6\auto-service-1.0-rc6.jar;C:\Users\Dell\.m2\repository\com\google\auto\auto-common\0.10\auto-common-0.10.jar;C:\Users\Dell\.m2\repository\com\google\guava\guava\29.0-jre\guava-29.0-jre.jar;C:\Users\Dell\.m2\repository\com\google\guava\failureaccess\1.0.1\failureaccess-1.0.1.jar;C:\Users\Dell\.m2\repository\com\google\guava\listenablefuture\9999.0-empty-to-avoid-conflict-with-guava\listenablefuture-9999.0-empty-to-avoid-conflict-with-guava.jar;C:\Users\Dell\.m2\repository\com\google\code\findbugs\jsr305\3.0.2\jsr305-3.0.2.jar;C:\Users\Dell\.m2\repository\org\checkerframework\checker-qual\2.11.1\checker-qual-2.11.1.jar;C:\Users\Dell\.m2\repository\com\google\errorprone\error_prone_annotations\2.3.4\error_prone_annotations-2.3.4.jar;C:\Users\Dell\.m2\repository\com\google\j2objc\j2objc-annotations\1.3\j2objc-annotations-1.3.jar;C:\Users\Dell\.m2\repository\org\seleniumhq\selenium\selenium-chromium-driver\4.0.0-alpha-6\selenium-chromium-driver-4.0.0-alpha-6.jar;C:\Users\Dell\.m2\repository\org\seleniumhq\selenium\selenium-devtools\4.0.0-alpha-6\selenium-devtools-4.0.0-alpha-6.jar;C:\Users\Dell\.m2\repository\org\seleniumhq\selenium\selenium-http\4.0.0-alpha-6\selenium-http-4.0.0-alpha-6.jar;C:\Users\Dell\.m2\repository\org\seleniumhq\selenium\selenium-json\4.0.0-alpha-6\selenium-json-4.0.0-alpha-6.jar;C:\Users\Dell\.m2\repository\org\seleniumhq\selenium\selenium
Launcher Type: SUN_STANDARD

Environment Variables:
PATH=C:/Program Files/Java/jre1.8.0_271/bin/server;C:/Program Files/Java/jre1.8.0_271/bin;C:/Program Files/Java/jre1.8.0_271/lib/amd64;C:\Program Files (x86)\Common Files\Oracle\Java\javapath;C:\Windows\system32;C:\Windows;C:\Windows\System32\Wbem;C:\Windows\System32\WindowsPowerShell\v1.0\;C:\Windows\System32\OpenSSH\;C:\Users\Dell\AppData\Local\Microsoft\WindowsApps;;C:\Users\Dell\Downloads\64bit\eclipse_64bit;
USERNAME=Dell
OS=Windows_NT
PROCESSOR_IDENTIFIER=Intel64 Family 6 Model 69 Stepping 1, GenuineIntel



---------------  S Y S T E M  ---------------

OS: Windows 10.0 , 64 bit Build 19041 (10.0.19041.662)

CPU:total 4 (initial active 4) (2 cores per cpu, 2 threads per core) family 6 model 69 stepping 1, cmov, cx8, fxsr, mmx, sse, sse2, sse3, ssse3, sse4.1, sse4.2, popcnt, avx, avx2, aes, clmul, erms, lzcnt, ht, tsc, tscinvbit, bmi1, bmi2

Memory: 4k page, physical 4096180k(348980k free), swap 16679092k(5136k free)

vm_info: Java HotSpot(TM) 64-Bit Server VM (25.271-b09) for windows-amd64 JRE (1.8.0_271-b09), built on Sep 16 2020 19:14:59 by "" with MS VC++ 15.9 (VS2017)

time: Thu Feb 25 21:03:09 2021
timezone: India Standard Time
elapsed time: 5.219774 seconds (0d 0h 0m 5s)

