#
# There is insufficient memory for the Java Runtime Environment to continue.
# Native memory allocation (malloc) failed to allocate 358816 bytes for Chunk::new
# Possible reasons:
#   The system is out of physical RAM or swap space
#   The process is running with CompressedOops enabled, and the Java Heap may be blocking the growth of the native heap
# Possible solutions:
#   Reduce memory load on the system
#   Increase physical memory or swap space
#   Check if swap backing store is full
#   Decrease Java heap size (-Xmx/-Xms)
#   Decrease number of Java threads
#   Decrease Java thread stack sizes (-Xss)
#   Set larger code cache with -XX:ReservedCodeCacheSize=
#   JVM is running with Unscaled Compressed Oops mode in which the Java heap is
#     placed in the first 4GB address space. The Java Heap base address is the
#     maximum limit for the native heap growth. Please use -XX:HeapBaseMinAddress
#     to set the Java Heap base and to place the Java Heap above 4GB virtual address.
# This output file may be truncated or incomplete.
#
#  Out of Memory Error (allocation.cpp:389), pid=2220, tid=0x0000000000003ae8
#
# JRE version: Java(TM) SE Runtime Environment (8.0_271-b09) (build 1.8.0_271-b09)
# Java VM: Java HotSpot(TM) 64-Bit Server VM (25.271-b09 mixed mode windows-amd64 compressed oops)
# Failed to write core dump. Minidumps are not enabled by default on client versions of Windows
#

---------------  T H R E A D  ---------------

Current thread (0x0000021b39954000):  JavaThread "C2 CompilerThread0" daemon [_thread_in_native, id=15080, stack(0x00000060dc300000,0x00000060dc400000)]

Stack: [0x00000060dc300000,0x00000060dc400000]
Native frames: (J=compiled Java code, j=interpreted, Vv=VM code, C=native code)
V  [jvm.dll+0x33f6c9]
V  [jvm.dll+0x286122]
V  [jvm.dll+0x286dcd]
V  [jvm.dll+0x27d805]
V  [jvm.dll+0xe574c]
V  [jvm.dll+0xe5f4c]
V  [jvm.dll+0x462b72]
V  [jvm.dll+0x49df9d]
V  [jvm.dll+0x452bf1]
V  [jvm.dll+0x44feb4]
V  [jvm.dll+0x43aef7]
V  [jvm.dll+0xbc3eb]
V  [jvm.dll+0xbaa4b]
V  [jvm.dll+0x24e7c2]
V  [jvm.dll+0x2a2dcc]
C  [ucrtbase.dll+0x21bb2]
C  [KERNEL32.DLL+0x17034]
C  [ntdll.dll+0x4d241]


Current CompileTask:
C2:   1943 1063 %     4       sun.security.util.AbstractAlgorithmConstraints::checkAlgorithm @ 98 (140 bytes)


---------------  P R O C E S S  ---------------

Java Threads: ( => current thread )
  0x0000021b399e4000 JavaThread "Service Thread" daemon [_thread_blocked, id=14864, stack(0x00000060dc600000,0x00000060dc700000)]
  0x0000021b3995f800 JavaThread "C1 CompilerThread2" daemon [_thread_blocked, id=14660, stack(0x00000060dc500000,0x00000060dc600000)]
  0x0000021b3995a000 JavaThread "C2 CompilerThread1" daemon [_thread_blocked, id=7852, stack(0x00000060dc400000,0x00000060dc500000)]
=>0x0000021b39954000 JavaThread "C2 CompilerThread0" daemon [_thread_in_native, id=15080, stack(0x00000060dc300000,0x00000060dc400000)]
  0x0000021b39951000 JavaThread "Attach Listener" daemon [_thread_blocked, id=14772, stack(0x00000060dc200000,0x00000060dc300000)]
  0x0000021b39950000 JavaThread "Signal Dispatcher" daemon [_thread_blocked, id=17336, stack(0x00000060dc100000,0x00000060dc200000)]
  0x0000021b39933800 JavaThread "Finalizer" daemon [_thread_blocked, id=13672, stack(0x00000060dbf00000,0x00000060dc000000)]
  0x0000021b3990a000 JavaThread "Reference Handler" daemon [_thread_blocked, id=15356, stack(0x00000060dbe00000,0x00000060dbf00000)]
  0x0000021b25627000 JavaThread "main" [_thread_in_native, id=2444, stack(0x00000060db800000,0x00000060db900000)]

Other Threads:
  0x0000021b39902800 VMThread [stack: 0x00000060dbd00000,0x00000060dbe00000] [id=16884]
  0x0000021b39a4a800 WatcherThread [stack: 0x00000060dc700000,0x00000060dc800000] [id=13836]

VM state:not at safepoint (normal execution)

VM Mutex/Monitor currently owned by a thread: None

heap address: 0x00000000c1600000, size: 1002 MB, Compressed Oops mode: 32-bit
Narrow klass base: 0x0000000000000000, Narrow klass shift: 3
Compressed class space size: 1073741824 Address: 0x0000000100000000

Heap:
 PSYoungGen      total 18944K, used 11894K [0x00000000eb200000, 0x00000000ec700000, 0x0000000100000000)
  eden space 16384K, 57% used [0x00000000eb200000,0x00000000ebb243e8,0x00000000ec200000)
  from space 2560K, 98% used [0x00000000ec200000,0x00000000ec479570,0x00000000ec480000)
  to   space 2560K, 0% used [0x00000000ec480000,0x00000000ec480000,0x00000000ec700000)
 ParOldGen       total 44032K, used 1143K [0x00000000c1600000, 0x00000000c4100000, 0x00000000eb200000)
  object space 44032K, 2% used [0x00000000c1600000,0x00000000c171ddb0,0x00000000c4100000)
 Metaspace       used 8360K, capacity 8628K, committed 8704K, reserved 1056768K
  class space    used 914K, capacity 1002K, committed 1024K, reserved 1048576K

Card table byte_map: [0x0000021b36460000,0x0000021b36660000] byte_map_base: 0x0000021b35e55000

Marking Bits: (ParMarkBitMap*) 0x0000000073bc7fe0
 Begin Bits: [0x0000021b367b0000, 0x0000021b37758000)
 End Bits:   [0x0000021b37758000, 0x0000021b38700000)

Polling page: 0x0000021b25840000

CodeCache: size=245760Kb used=3771Kb max_used=3784Kb free=241988Kb
 bounds [0x0000021b270a0000, 0x0000021b27460000, 0x0000021b360a0000]
 total_blobs=1422 nmethods=1083 adapters=252
 compilation: enabled

Compilation events (10 events):
Event: 1.759 Thread 0x0000021b3995f800 1080       3       java.util.Hashtable::rehash (142 bytes)
Event: 1.759 Thread 0x0000021b3995a000 1081 %     4       sun.security.provider.SHA::implCompress @ 279 (491 bytes)
Event: 1.759 Thread 0x0000021b3995f800 nmethod 1080 0x0000021b2744e110 code [0x0000021b2744e2e0, 0x0000021b2744e930]
Event: 1.761 Thread 0x0000021b3995f800 1082   !   3       java.nio.charset.Charset::defaultCharset (65 bytes)
Event: 1.762 Thread 0x0000021b3995f800 nmethod 1082 0x0000021b2744d350 code [0x0000021b2744d540, 0x0000021b2744dd00]
Event: 1.762 Thread 0x0000021b3995f800 1083       3       java.lang.String::getBytes (14 bytes)
Event: 1.762 Thread 0x0000021b3995f800 nmethod 1083 0x0000021b2743b710 code [0x0000021b2743b880, 0x0000021b2743ba30]
Event: 1.762 Thread 0x0000021b3995f800 1084   !   3       java.lang.StringCoding::encode (64 bytes)
Event: 1.764 Thread 0x0000021b3995f800 nmethod 1084 0x0000021b2744f990 code [0x0000021b2744fc00, 0x0000021b27450910]
Event: 1.776 Thread 0x0000021b3995a000 nmethod 1081% 0x0000021b27454150 code [0x0000021b274542a0, 0x0000021b27454858]

GC Heap History (2 events):
Event: 1.470 GC heap before
{Heap before GC invocations=1 (full 0):
 PSYoungGen      total 18944K, used 16384K [0x00000000eb200000, 0x00000000ec700000, 0x0000000100000000)
  eden space 16384K, 100% used [0x00000000eb200000,0x00000000ec200000,0x00000000ec200000)
  from space 2560K, 0% used [0x00000000ec480000,0x00000000ec480000,0x00000000ec700000)
  to   space 2560K, 0% used [0x00000000ec200000,0x00000000ec200000,0x00000000ec480000)
 ParOldGen       total 44032K, used 0K [0x00000000c1600000, 0x00000000c4100000, 0x00000000eb200000)
  object space 44032K, 0% used [0x00000000c1600000,0x00000000c1600000,0x00000000c4100000)
 Metaspace       used 7899K, capacity 8132K, committed 8448K, reserved 1056768K
  class space    used 861K, capacity 901K, committed 1024K, reserved 1048576K
Event: 1.479 GC heap after
Heap after GC invocations=1 (full 0):
 PSYoungGen      total 18944K, used 2533K [0x00000000eb200000, 0x00000000ec700000, 0x0000000100000000)
  eden space 16384K, 0% used [0x00000000eb200000,0x00000000eb200000,0x00000000ec200000)
  from space 2560K, 98% used [0x00000000ec200000,0x00000000ec479570,0x00000000ec480000)
  to   space 2560K, 0% used [0x00000000ec480000,0x00000000ec480000,0x00000000ec700000)
 ParOldGen       total 44032K, used 1143K [0x00000000c1600000, 0x00000000c4100000, 0x00000000eb200000)
  object space 44032K, 2% used [0x00000000c1600000,0x00000000c171ddb0,0x00000000c4100000)
 Metaspace       used 7899K, capacity 8132K, committed 8448K, reserved 1056768K
  class space    used 861K, capacity 901K, committed 1024K, reserved 1048576K
}

Deoptimization events (9 events):
Event: 0.330 Thread 0x0000021b25627000 Uncommon trap: reason=unstable_if action=reinterpret pc=0x0000021b271b35a0 method=java.lang.String.hashCode()I @ 14
Event: 0.842 Thread 0x0000021b25627000 Uncommon trap: reason=unstable_if action=reinterpret pc=0x0000021b2726a098 method=java.util.Properties.loadConvert([CII[C)Ljava/lang/String; @ 4
Event: 0.849 Thread 0x0000021b25627000 Uncommon trap: reason=unstable_if action=reinterpret pc=0x0000021b272c7738 method=java.lang.String.indexOf([CII[CIII)I @ 3
Event: 0.859 Thread 0x0000021b25627000 Uncommon trap: reason=unstable_if action=reinterpret pc=0x0000021b272a326c method=sun.misc.MetaIndex.mayContain(Ljava/lang/String;)Z @ 38
Event: 1.116 Thread 0x0000021b25627000 Uncommon trap: reason=unstable_if action=reinterpret pc=0x0000021b273510ec method=java.io.ByteArrayInputStream.read([BII)I @ 63
Event: 1.167 Thread 0x0000021b25627000 Uncommon trap: reason=unstable_if action=reinterpret pc=0x0000021b273286d0 method=java.io.ByteArrayInputStream.read()I @ 8
Event: 1.173 Thread 0x0000021b25627000 Uncommon trap: reason=class_check action=maybe_recompile pc=0x0000021b2738a664 method=java.util.regex.Pattern$BmpCharProperty.match(Ljava/util/regex/Matcher;ILjava/lang/CharSequence;)Z @ 31
Event: 1.173 Thread 0x0000021b25627000 Uncommon trap: reason=unstable_if action=reinterpret pc=0x0000021b2738a600 method=java.util.regex.Pattern$BmpCharProperty.match(Ljava/util/regex/Matcher;ILjava/lang/CharSequence;)Z @ 5
Event: 1.496 Thread 0x0000021b25627000 Uncommon trap: reason=unstable_if action=reinterpret pc=0x0000021b27387694 method=java.math.BigInteger.addOne([IIII)I @ 55

Classes redefined (0 events):
No events

Internal exceptions (9 events):
Event: 0.065 Thread 0x0000021b25627000 Exception <a 'java/lang/NoSuchMethodError': Method sun.misc.Unsafe.defineClass(Ljava/lang/String;[BII)Ljava/lang/Class; name or signature does not match> (0x00000000eb207cc0) thrown at [C:\jenkins\workspace\8-2-build-windows-amd64-cygwin\jdk8u271\605\hots
Event: 0.065 Thread 0x0000021b25627000 Exception <a 'java/lang/NoSuchMethodError': Method sun.misc.Unsafe.prefetchRead(Ljava/lang/Object;J)V name or signature does not match> (0x00000000eb207fa8) thrown at [C:\jenkins\workspace\8-2-build-windows-amd64-cygwin\jdk8u271\605\hotspot\src\share\vm\p
Event: 0.523 Thread 0x0000021b25627000 Exception <a 'java/security/PrivilegedActionException'> (0x00000000eb59f460) thrown at [C:\jenkins\workspace\8-2-build-windows-amd64-cygwin\jdk8u271\605\hotspot\src\share\vm\prims\jvm.cpp, line 1512]
Event: 0.523 Thread 0x0000021b25627000 Exception <a 'java/security/PrivilegedActionException'> (0x00000000eb59f670) thrown at [C:\jenkins\workspace\8-2-build-windows-amd64-cygwin\jdk8u271\605\hotspot\src\share\vm\prims\jvm.cpp, line 1512]
Event: 0.524 Thread 0x0000021b25627000 Exception <a 'java/security/PrivilegedActionException'> (0x00000000eb5a32e0) thrown at [C:\jenkins\workspace\8-2-build-windows-amd64-cygwin\jdk8u271\605\hotspot\src\share\vm\prims\jvm.cpp, line 1512]
Event: 0.524 Thread 0x0000021b25627000 Exception <a 'java/security/PrivilegedActionException'> (0x00000000eb5a34f0) thrown at [C:\jenkins\workspace\8-2-build-windows-amd64-cygwin\jdk8u271\605\hotspot\src\share\vm\prims\jvm.cpp, line 1512]
Event: 0.528 Thread 0x0000021b25627000 Exception <a 'java/lang/NoClassDefFoundError': org/slf4j/impl/StaticLoggerBinder> (0x00000000eb5bd4f0) thrown at [C:\jenkins\workspace\8-2-build-windows-amd64-cygwin\jdk8u271\605\hotspot\src\share\vm\classfile\systemDictionary.cpp, line 201]
Event: 0.798 Thread 0x0000021b25627000 Exception <a 'java/lang/NoSuchFieldError': method resolution failed> (0x00000000eba395c0) thrown at [C:\jenkins\workspace\8-2-build-windows-amd64-cygwin\jdk8u271\605\hotspot\src\share\vm\prims\methodHandles.cpp, line 1169]
Event: 0.805 Thread 0x0000021b25627000 Exception <a 'java/lang/NoSuchFieldError': method resolution failed> (0x00000000eba46960) thrown at [C:\jenkins\workspace\8-2-build-windows-amd64-cygwin\jdk8u271\605\hotspot\src\share\vm\prims\methodHandles.cpp, line 1169]

Events (10 events):
Event: 1.750 loading class sun/security/ssl/AbstractTrustManagerWrapper
Event: 1.750 loading class sun/security/ssl/AbstractTrustManagerWrapper done
Event: 1.750 loading class sun/security/provider/SecureRandom$SeederHolder
Event: 1.751 loading class sun/security/provider/SecureRandom$SeederHolder done
Event: 1.751 loading class sun/security/provider/SeedGenerator
Event: 1.751 loading class sun/security/provider/SeedGenerator done
Event: 1.751 loading class sun/security/provider/NativeSeedGenerator
Event: 1.751 loading class sun/security/provider/NativeSeedGenerator done
Event: 1.758 loading class sun/security/provider/SeedGenerator$1
Event: 1.758 loading class sun/security/provider/SeedGenerator$1 done


Dynamic libraries:
0x00007ff781d30000 - 0x00007ff781d77000 	C:\Program Files\Java\jre1.8.0_271\bin\javaw.exe
0x00007ffac5290000 - 0x00007ffac5486000 	C:\Windows\SYSTEM32\ntdll.dll
0x00007ffac4290000 - 0x00007ffac434d000 	C:\Windows\System32\KERNEL32.DLL
0x00007ffac2e90000 - 0x00007ffac3159000 	C:\Windows\System32\KERNELBASE.dll
0x00007ffac3f00000 - 0x00007ffac3fac000 	C:\Windows\System32\ADVAPI32.dll
0x00007ffac36a0000 - 0x00007ffac373e000 	C:\Windows\System32\msvcrt.dll
0x00007ffac3770000 - 0x00007ffac380c000 	C:\Windows\System32\sechost.dll
0x00007ffac3c80000 - 0x00007ffac3dab000 	C:\Windows\System32\RPCRT4.dll
0x00007ffac5080000 - 0x00007ffac5220000 	C:\Windows\System32\USER32.dll
0x00007ffac29d0000 - 0x00007ffac29f2000 	C:\Windows\System32\win32u.dll
0x00007ffac3740000 - 0x00007ffac376a000 	C:\Windows\System32\GDI32.dll
0x00007ffac2b80000 - 0x00007ffac2c8b000 	C:\Windows\System32\gdi32full.dll
0x00007ffac2df0000 - 0x00007ffac2e8d000 	C:\Windows\System32\msvcp_win.dll
0x00007ffac2a00000 - 0x00007ffac2b00000 	C:\Windows\System32\ucrtbase.dll
0x00007ffaba600000 - 0x00007ffaba89b000 	C:\Windows\WinSxS\amd64_microsoft.windows.common-controls_6595b64144ccf1df_6.0.19041.746_none_ca02b4b61b8320a4\COMCTL32.dll
0x00007ffac5220000 - 0x00007ffac5250000 	C:\Windows\System32\IMM32.DLL
0x00007ffab75f0000 - 0x00007ffab7605000 	C:\Program Files\Java\jre1.8.0_271\bin\vcruntime140.dll
0x00007ffaaf1e0000 - 0x00007ffaaf27b000 	C:\Program Files\Java\jre1.8.0_271\bin\msvcp140.dll
0x00000000733d0000 - 0x0000000073c3f000 	C:\Program Files\Java\jre1.8.0_271\bin\server\jvm.dll
0x00007ffac4280000 - 0x00007ffac4288000 	C:\Windows\System32\PSAPI.DLL
0x00007ffabb670000 - 0x00007ffabb679000 	C:\Windows\SYSTEM32\WSOCK32.dll
0x00007ffac4350000 - 0x00007ffac43bb000 	C:\Windows\System32\WS2_32.dll
0x00007ffaa8ef0000 - 0x00007ffaa8f17000 	C:\Windows\SYSTEM32\WINMM.dll
0x00007ffab9390000 - 0x00007ffab939a000 	C:\Windows\SYSTEM32\VERSION.dll
0x00007ffac0920000 - 0x00007ffac0932000 	C:\Windows\SYSTEM32\kernel.appcore.dll
0x00007ffab8080000 - 0x00007ffab8090000 	C:\Program Files\Java\jre1.8.0_271\bin\verify.dll
0x00007ffab6880000 - 0x00007ffab68ab000 	C:\Program Files\Java\jre1.8.0_271\bin\java.dll
0x00007ffab4170000 - 0x00007ffab4188000 	C:\Program Files\Java\jre1.8.0_271\bin\zip.dll
0x00007ffac4930000 - 0x00007ffac5072000 	C:\Windows\System32\SHELL32.dll
0x00007ffac0b20000 - 0x00007ffac12b0000 	C:\Windows\SYSTEM32\windows.storage.dll
0x00007ffac44f0000 - 0x00007ffac4846000 	C:\Windows\System32\combase.dll
0x00007ffac2360000 - 0x00007ffac238c000 	C:\Windows\SYSTEM32\Wldp.dll
0x00007ffac3560000 - 0x00007ffac360e000 	C:\Windows\System32\SHCORE.dll
0x00007ffac3500000 - 0x00007ffac3555000 	C:\Windows\System32\shlwapi.dll
0x00007ffac2900000 - 0x00007ffac2926000 	C:\Windows\SYSTEM32\profapi.dll
0x00007ffab82a0000 - 0x00007ffab82c4000 	C:\Program Files\Java\jre1.8.0_271\bin\sunec.dll
0x00007ffab4150000 - 0x00007ffab416c000 	C:\Program Files\Java\jre1.8.0_271\bin\net.dll
0x00007ffac20e0000 - 0x00007ffac214a000 	C:\Windows\system32\mswsock.dll
0x00007ffac1dd0000 - 0x00007ffac1e0b000 	C:\Windows\SYSTEM32\IPHLPAPI.DLL
0x00007ffac3db0000 - 0x00007ffac3db8000 	C:\Windows\System32\NSI.dll
0x00007ffabc330000 - 0x00007ffabc347000 	C:\Windows\SYSTEM32\dhcpcsvc6.DLL
0x00007ffabc310000 - 0x00007ffabc32d000 	C:\Windows\SYSTEM32\dhcpcsvc.DLL
0x00007ffac1e60000 - 0x00007ffac1f2b000 	C:\Windows\SYSTEM32\DNSAPI.dll
0x00007ffab4130000 - 0x00007ffab4143000 	C:\Program Files\Java\jre1.8.0_271\bin\nio.dll
0x00007ffac22c0000 - 0x00007ffac22d8000 	C:\Windows\SYSTEM32\CRYPTSP.dll
0x00007ffac1a80000 - 0x00007ffac1ab4000 	C:\Windows\system32\rsaenh.dll
0x00007ffac32c0000 - 0x00007ffac32e7000 	C:\Windows\System32\bcrypt.dll
0x00007ffac28c0000 - 0x00007ffac28ee000 	C:\Windows\SYSTEM32\USERENV.dll
0x00007ffac2b00000 - 0x00007ffac2b80000 	C:\Windows\System32\bcryptprimitives.dll
0x00007ffac22b0000 - 0x00007ffac22bc000 	C:\Windows\SYSTEM32\CRYPTBASE.dll
0x00007ffabac60000 - 0x00007ffabae44000 	C:\Windows\SYSTEM32\dbghelp.dll

VM Arguments:
jvm_args: -Dfile.encoding=Cp1252 
java_command: learnListSet.RailIn
java_class_path (initial): D:\Selenium\Mavenproject\target\classes;C:\Users\Dell\.m2\repository\org\seleniumhq\selenium\selenium-java\4.0.0-alpha-6\selenium-java-4.0.0-alpha-6.jar;C:\Users\Dell\.m2\repository\org\seleniumhq\selenium\selenium-api\4.0.0-alpha-6\selenium-api-4.0.0-alpha-6.jar;C:\Users\Dell\.m2\repository\org\seleniumhq\selenium\selenium-chrome-driver\4.0.0-alpha-6\selenium-chrome-driver-4.0.0-alpha-6.jar;C:\Users\Dell\.m2\repository\com\google\auto\service\auto-service-annotations\1.0-rc6\auto-service-annotations-1.0-rc6.jar;C:\Users\Dell\.m2\repository\com\google\auto\service\auto-service\1.0-rc6\auto-service-1.0-rc6.jar;C:\Users\Dell\.m2\repository\com\google\auto\auto-common\0.10\auto-common-0.10.jar;C:\Users\Dell\.m2\repository\com\google\guava\guava\29.0-jre\guava-29.0-jre.jar;C:\Users\Dell\.m2\repository\com\google\guava\failureaccess\1.0.1\failureaccess-1.0.1.jar;C:\Users\Dell\.m2\repository\com\google\guava\listenablefuture\9999.0-empty-to-avoid-conflict-with-guava\listenablefuture-9999.0-empty-to-avoid-conflict-with-guava.jar;C:\Users\Dell\.m2\repository\com\google\code\findbugs\jsr305\3.0.2\jsr305-3.0.2.jar;C:\Users\Dell\.m2\repository\org\checkerframework\checker-qual\2.11.1\checker-qual-2.11.1.jar;C:\Users\Dell\.m2\repository\com\google\errorprone\error_prone_annotations\2.3.4\error_prone_annotations-2.3.4.jar;C:\Users\Dell\.m2\repository\com\google\j2objc\j2objc-annotations\1.3\j2objc-annotations-1.3.jar;C:\Users\Dell\.m2\repository\org\seleniumhq\selenium\selenium-chromium-driver\4.0.0-alpha-6\selenium-chromium-driver-4.0.0-alpha-6.jar;C:\Users\Dell\.m2\repository\org\seleniumhq\selenium\selenium-devtools\4.0.0-alpha-6\selenium-devtools-4.0.0-alpha-6.jar;C:\Users\Dell\.m2\repository\org\seleniumhq\selenium\selenium-http\4.0.0-alpha-6\selenium-http-4.0.0-alpha-6.jar;C:\Users\Dell\.m2\repository\org\seleniumhq\selenium\selenium-json\4.0.0-alpha-6\selenium-json-4.0.0-alpha-6.jar;C:\Users\Dell\.m2\repository\org\seleniumhq\selenium\selenium
Launcher Type: SUN_STANDARD

Environment Variables:
PATH=C:/Program Files/Java/jre1.8.0_271/bin/server;C:/Program Files/Java/jre1.8.0_271/bin;C:/Program Files/Java/jre1.8.0_271/lib/amd64;C:\Program Files (x86)\Common Files\Oracle\Java\javapath;C:\Windows\system32;C:\Windows;C:\Windows\System32\Wbem;C:\Windows\System32\WindowsPowerShell\v1.0\;C:\Windows\System32\OpenSSH\;C:\Users\Dell\AppData\Local\Microsoft\WindowsApps;;C:\Users\Dell\Downloads\64bit\eclipse_64bit;
USERNAME=Dell
OS=Windows_NT
PROCESSOR_IDENTIFIER=Intel64 Family 6 Model 69 Stepping 1, GenuineIntel



---------------  S Y S T E M  ---------------

OS: Windows 10.0 , 64 bit Build 19041 (10.0.19041.804)

CPU:total 4 (initial active 4) (2 cores per cpu, 2 threads per core) family 6 model 69 stepping 1, cmov, cx8, fxsr, mmx, sse, sse2, sse3, ssse3, sse4.1, sse4.2, popcnt, avx, avx2, aes, clmul, erms, lzcnt, ht, tsc, tscinvbit, bmi1, bmi2

Memory: 4k page, physical 4096180k(590348k free), swap 16679092k(4120k free)

vm_info: Java HotSpot(TM) 64-Bit Server VM (25.271-b09) for windows-amd64 JRE (1.8.0_271-b09), built on Sep 16 2020 19:14:59 by "" with MS VC++ 15.9 (VS2017)

time: Sun Feb 28 16:14:33 2021
timezone: India Standard Time
elapsed time: 1.952179 seconds (0d 0h 0m 1s)

