#
# There is insufficient memory for the Java Runtime Environment to continue.
# Native memory allocation (malloc) failed to allocate 236336 bytes for Chunk::new
# Possible reasons:
#   The system is out of physical RAM or swap space
#   The process is running with CompressedOops enabled, and the Java Heap may be blocking the growth of the native heap
# Possible solutions:
#   Reduce memory load on the system
#   Increase physical memory or swap space
#   Check if swap backing store is full
#   Decrease Java heap size (-Xmx/-Xms)
#   Decrease number of Java threads
#   Decrease Java thread stack sizes (-Xss)
#   Set larger code cache with -XX:ReservedCodeCacheSize=
#   JVM is running with Unscaled Compressed Oops mode in which the Java heap is
#     placed in the first 4GB address space. The Java Heap base address is the
#     maximum limit for the native heap growth. Please use -XX:HeapBaseMinAddress
#     to set the Java Heap base and to place the Java Heap above 4GB virtual address.
# This output file may be truncated or incomplete.
#
#  Out of Memory Error (allocation.cpp:389), pid=8528, tid=0x0000000000004238
#
# JRE version: Java(TM) SE Runtime Environment (8.0_271-b09) (build 1.8.0_271-b09)
# Java VM: Java HotSpot(TM) 64-Bit Server VM (25.271-b09 mixed mode windows-amd64 compressed oops)
# Failed to write core dump. Minidumps are not enabled by default on client versions of Windows
#

---------------  T H R E A D  ---------------

Current thread (0x0000025aee00c800):  JavaThread "C2 CompilerThread1" daemon [_thread_in_native, id=16952, stack(0x000000c974300000,0x000000c974400000)]

Stack: [0x000000c974300000,0x000000c974400000]
Native frames: (J=compiled Java code, j=interpreted, Vv=VM code, C=native code)
V  [jvm.dll+0x33f6c9]


Current CompileTask:
C2:   1554  274   !   4       sun.misc.URLClassPath$JarLoader::getResource (85 bytes)


---------------  P R O C E S S  ---------------

Java Threads: ( => current thread )
  0x0000025aee086000 JavaThread "Service Thread" daemon [_thread_blocked, id=7512, stack(0x000000c974500000,0x000000c974600000)]
  0x0000025aee011800 JavaThread "C1 CompilerThread2" daemon [_thread_blocked, id=15872, stack(0x000000c974400000,0x000000c974500000)]
=>0x0000025aee00c800 JavaThread "C2 CompilerThread1" daemon [_thread_in_native, id=16952, stack(0x000000c974300000,0x000000c974400000)]
  0x0000025aee006000 JavaThread "C2 CompilerThread0" daemon [_thread_blocked, id=16076, stack(0x000000c974200000,0x000000c974300000)]
  0x0000025aee003800 JavaThread "Attach Listener" daemon [_thread_blocked, id=7432, stack(0x000000c974100000,0x000000c974200000)]
  0x0000025aee002000 JavaThread "Signal Dispatcher" daemon [_thread_blocked, id=12596, stack(0x000000c974000000,0x000000c974100000)]
  0x0000025aedfe4000 JavaThread "Finalizer" daemon [_thread_blocked, id=10892, stack(0x000000c973f00000,0x000000c974000000)]
  0x0000025aedfba800 JavaThread "Reference Handler" daemon [_thread_blocked, id=16396, stack(0x000000c973e00000,0x000000c973f00000)]
  0x0000025ad9ea6000 JavaThread "main" [_thread_in_native, id=8948, stack(0x000000c973800000,0x000000c973900000)]

Other Threads:
  0x0000025aedfb2800 VMThread [stack: 0x000000c973d00000,0x000000c973e00000] [id=14868]
  0x0000025aee0e9000 WatcherThread [stack: 0x000000c974600000,0x000000c974700000] [id=13648]

VM state:not at safepoint (normal execution)

VM Mutex/Monitor currently owned by a thread: None

heap address: 0x00000000c1600000, size: 1002 MB, Compressed Oops mode: 32-bit
Narrow klass base: 0x0000000000000000, Narrow klass shift: 3
Compressed class space size: 1073741824 Address: 0x0000000100000000

Heap:
 PSYoungGen      total 18944K, used 7882K [0x00000000eb200000, 0x00000000ec700000, 0x0000000100000000)
  eden space 16384K, 48% used [0x00000000eb200000,0x00000000eb9b28d8,0x00000000ec200000)
  from space 2560K, 0% used [0x00000000ec480000,0x00000000ec480000,0x00000000ec700000)
  to   space 2560K, 0% used [0x00000000ec200000,0x00000000ec200000,0x00000000ec480000)
 ParOldGen       total 44032K, used 0K [0x00000000c1600000, 0x00000000c4100000, 0x00000000eb200000)
  object space 44032K, 0% used [0x00000000c1600000,0x00000000c1600000,0x00000000c4100000)
 Metaspace       used 4674K, capacity 4952K, committed 5248K, reserved 1056768K
  class space    used 493K, capacity 528K, committed 640K, reserved 1048576K

Card table byte_map: [0x0000025aeab10000,0x0000025aead10000] byte_map_base: 0x0000025aea505000

Marking Bits: (ParMarkBitMap*) 0x0000000073bc7fe0
 Begin Bits: [0x0000025aeae60000, 0x0000025aebe08000)
 End Bits:   [0x0000025aebe08000, 0x0000025aecdb0000)

Polling page: 0x0000025ad9e50000

CodeCache: size=245760Kb used=1902Kb max_used=1914Kb free=243857Kb
 bounds [0x0000025adb750000, 0x0000025adb9c0000, 0x0000025aea750000]
 total_blobs=566 nmethods=286 adapters=193
 compilation: enabled

Compilation events (10 events):
Event: 1.492 Thread 0x0000025aee011800  280       3       java.lang.String::indexOf (7 bytes)
Event: 1.492 Thread 0x0000025aee011800 nmethod 280 0x0000025adb91b990 code [0x0000025adb91bb00, 0x0000025adb91bd90]
Event: 1.498 Thread 0x0000025aee011800  282       3       java.lang.ProcessEnvironment$NameComparator::compare (90 bytes)
Event: 1.499 Thread 0x0000025aee011800 nmethod 282 0x0000025adb91eb10 code [0x0000025adb91ed40, 0x0000025adb91fa40]
Event: 1.499 Thread 0x0000025aee011800  283       3       java.util.regex.Pattern$Slice::match (79 bytes)
Event: 1.500 Thread 0x0000025aee011800 nmethod 283 0x0000025adb926fd0 code [0x0000025adb927160, 0x0000025adb927600]
Event: 1.500 Thread 0x0000025aee011800  281       3       java.lang.ProcessEnvironment$NameComparator::compare (13 bytes)
Event: 1.501 Thread 0x0000025aee011800 nmethod 281 0x0000025adb927810 code [0x0000025adb927980, 0x0000025adb927d70]
Event: 1.501 Thread 0x0000025aee006000 nmethod 265 0x0000025adb927e50 code [0x0000025adb9280c0, 0x0000025adb9296c0]
Event: 1.502 Thread 0x0000025aee006000  284       4       java.lang.String::lastIndexOf (151 bytes)

GC Heap History (0 events):
No events

Deoptimization events (1 events):
Event: 0.464 Thread 0x0000025ad9ea6000 Uncommon trap: reason=unstable_if action=reinterpret pc=0x0000025adb8630e0 method=java.lang.String.hashCode()I @ 14

Classes redefined (0 events):
No events

Internal exceptions (7 events):
Event: 0.130 Thread 0x0000025ad9ea6000 Exception <a 'java/lang/NoSuchMethodError': Method sun.misc.Unsafe.defineClass(Ljava/lang/String;[BII)Ljava/lang/Class; name or signature does not match> (0x00000000eb207cc0) thrown at [C:\jenkins\workspace\8-2-build-windows-amd64-cygwin\jdk8u271\605\hots
Event: 0.130 Thread 0x0000025ad9ea6000 Exception <a 'java/lang/NoSuchMethodError': Method sun.misc.Unsafe.prefetchRead(Ljava/lang/Object;J)V name or signature does not match> (0x00000000eb207fa8) thrown at [C:\jenkins\workspace\8-2-build-windows-amd64-cygwin\jdk8u271\605\hotspot\src\share\vm\p
Event: 0.953 Thread 0x0000025ad9ea6000 Exception <a 'java/security/PrivilegedActionException'> (0x00000000eb59f460) thrown at [C:\jenkins\workspace\8-2-build-windows-amd64-cygwin\jdk8u271\605\hotspot\src\share\vm\prims\jvm.cpp, line 1512]
Event: 0.953 Thread 0x0000025ad9ea6000 Exception <a 'java/security/PrivilegedActionException'> (0x00000000eb59f670) thrown at [C:\jenkins\workspace\8-2-build-windows-amd64-cygwin\jdk8u271\605\hotspot\src\share\vm\prims\jvm.cpp, line 1512]
Event: 0.955 Thread 0x0000025ad9ea6000 Exception <a 'java/security/PrivilegedActionException'> (0x00000000eb5a32e0) thrown at [C:\jenkins\workspace\8-2-build-windows-amd64-cygwin\jdk8u271\605\hotspot\src\share\vm\prims\jvm.cpp, line 1512]
Event: 0.955 Thread 0x0000025ad9ea6000 Exception <a 'java/security/PrivilegedActionException'> (0x00000000eb5a34f0) thrown at [C:\jenkins\workspace\8-2-build-windows-amd64-cygwin\jdk8u271\605\hotspot\src\share\vm\prims\jvm.cpp, line 1512]
Event: 0.958 Thread 0x0000025ad9ea6000 Exception <a 'java/lang/NoClassDefFoundError': org/slf4j/impl/StaticLoggerBinder> (0x00000000eb5bd4f0) thrown at [C:\jenkins\workspace\8-2-build-windows-amd64-cygwin\jdk8u271\605\hotspot\src\share\vm\classfile\systemDictionary.cpp, line 201]

Events (10 events):
Event: 1.487 loading class org/apache/hc/client5/http/cookie/CookieStore
Event: 1.487 loading class org/apache/hc/client5/http/cookie/CookieStore done
Event: 1.488 loading class org/apache/hc/client5/http/impl/classic/CloseableHttpClient
Event: 1.488 loading class org/apache/hc/client5/http/impl/classic/CloseableHttpClient done
Event: 1.490 loading class org/apache/hc/client5/http/classic/HttpClient
Event: 1.490 loading class org/apache/hc/client5/http/classic/HttpClient done
Event: 1.491 loading class org/apache/hc/client5/http/impl/classic/InternalHttpClient
Event: 1.491 loading class org/apache/hc/client5/http/impl/classic/InternalHttpClient done
Event: 1.496 loading class org/apache/hc/client5/http/config/Configurable
Event: 1.496 loading class org/apache/hc/client5/http/config/Configurable done


Dynamic libraries:
0x00007ff781d30000 - 0x00007ff781d77000 	C:\Program Files\Java\jre1.8.0_271\bin\javaw.exe
0x00007ffac5290000 - 0x00007ffac5486000 	C:\Windows\SYSTEM32\ntdll.dll
0x00007ffac4290000 - 0x00007ffac434d000 	C:\Windows\System32\KERNEL32.DLL
0x00007ffac2e90000 - 0x00007ffac3159000 	C:\Windows\System32\KERNELBASE.dll
0x00007ffac3f00000 - 0x00007ffac3fac000 	C:\Windows\System32\ADVAPI32.dll
0x00007ffac36a0000 - 0x00007ffac373e000 	C:\Windows\System32\msvcrt.dll
0x00007ffac3770000 - 0x00007ffac380c000 	C:\Windows\System32\sechost.dll
0x00007ffac3c80000 - 0x00007ffac3dab000 	C:\Windows\System32\RPCRT4.dll
0x00007ffac5080000 - 0x00007ffac5220000 	C:\Windows\System32\USER32.dll
0x00007ffac29d0000 - 0x00007ffac29f2000 	C:\Windows\System32\win32u.dll
0x00007ffac3740000 - 0x00007ffac376a000 	C:\Windows\System32\GDI32.dll
0x00007ffac2b80000 - 0x00007ffac2c8b000 	C:\Windows\System32\gdi32full.dll
0x00007ffac2df0000 - 0x00007ffac2e8d000 	C:\Windows\System32\msvcp_win.dll
0x00007ffac2a00000 - 0x00007ffac2b00000 	C:\Windows\System32\ucrtbase.dll
0x00007ffaba600000 - 0x00007ffaba89b000 	C:\Windows\WinSxS\amd64_microsoft.windows.common-controls_6595b64144ccf1df_6.0.19041.746_none_ca02b4b61b8320a4\COMCTL32.dll
0x00007ffac5220000 - 0x00007ffac5250000 	C:\Windows\System32\IMM32.DLL
0x00007ffab75f0000 - 0x00007ffab7605000 	C:\Program Files\Java\jre1.8.0_271\bin\vcruntime140.dll
0x00007ffaaf1e0000 - 0x00007ffaaf27b000 	C:\Program Files\Java\jre1.8.0_271\bin\msvcp140.dll
0x00000000733d0000 - 0x0000000073c3f000 	C:\Program Files\Java\jre1.8.0_271\bin\server\jvm.dll
0x00007ffac4280000 - 0x00007ffac4288000 	C:\Windows\System32\PSAPI.DLL
0x00007ffabb670000 - 0x00007ffabb679000 	C:\Windows\SYSTEM32\WSOCK32.dll
0x00007ffac4350000 - 0x00007ffac43bb000 	C:\Windows\System32\WS2_32.dll
0x00007ffaa8ef0000 - 0x00007ffaa8f17000 	C:\Windows\SYSTEM32\WINMM.dll
0x00007ffab9390000 - 0x00007ffab939a000 	C:\Windows\SYSTEM32\VERSION.dll
0x00007ffac0920000 - 0x00007ffac0932000 	C:\Windows\SYSTEM32\kernel.appcore.dll
0x00007ffab8080000 - 0x00007ffab8090000 	C:\Program Files\Java\jre1.8.0_271\bin\verify.dll
0x00007ffab6880000 - 0x00007ffab68ab000 	C:\Program Files\Java\jre1.8.0_271\bin\java.dll
0x00007ffab4170000 - 0x00007ffab4188000 	C:\Program Files\Java\jre1.8.0_271\bin\zip.dll
0x00007ffac4930000 - 0x00007ffac5072000 	C:\Windows\System32\SHELL32.dll
0x00007ffac0b20000 - 0x00007ffac12b0000 	C:\Windows\SYSTEM32\windows.storage.dll
0x00007ffac44f0000 - 0x00007ffac4846000 	C:\Windows\System32\combase.dll
0x00007ffac2360000 - 0x00007ffac238c000 	C:\Windows\SYSTEM32\Wldp.dll
0x00007ffac3560000 - 0x00007ffac360e000 	C:\Windows\System32\SHCORE.dll
0x00007ffac3500000 - 0x00007ffac3555000 	C:\Windows\System32\shlwapi.dll
0x00007ffac2900000 - 0x00007ffac2926000 	C:\Windows\SYSTEM32\profapi.dll

VM Arguments:
jvm_args: -Dfile.encoding=Cp1252 
java_command: learnListSet.RailIn
java_class_path (initial): D:\Selenium\Mavenproject\target\classes;C:\Users\Dell\.m2\repository\org\seleniumhq\selenium\selenium-java\4.0.0-alpha-6\selenium-java-4.0.0-alpha-6.jar;C:\Users\Dell\.m2\repository\org\seleniumhq\selenium\selenium-api\4.0.0-alpha-6\selenium-api-4.0.0-alpha-6.jar;C:\Users\Dell\.m2\repository\org\seleniumhq\selenium\selenium-chrome-driver\4.0.0-alpha-6\selenium-chrome-driver-4.0.0-alpha-6.jar;C:\Users\Dell\.m2\repository\com\google\auto\service\auto-service-annotations\1.0-rc6\auto-service-annotations-1.0-rc6.jar;C:\Users\Dell\.m2\repository\com\google\auto\service\auto-service\1.0-rc6\auto-service-1.0-rc6.jar;C:\Users\Dell\.m2\repository\com\google\auto\auto-common\0.10\auto-common-0.10.jar;C:\Users\Dell\.m2\repository\com\google\guava\guava\29.0-jre\guava-29.0-jre.jar;C:\Users\Dell\.m2\repository\com\google\guava\failureaccess\1.0.1\failureaccess-1.0.1.jar;C:\Users\Dell\.m2\repository\com\google\guava\listenablefuture\9999.0-empty-to-avoid-conflict-with-guava\listenablefuture-9999.0-empty-to-avoid-conflict-with-guava.jar;C:\Users\Dell\.m2\repository\com\google\code\findbugs\jsr305\3.0.2\jsr305-3.0.2.jar;C:\Users\Dell\.m2\repository\org\checkerframework\checker-qual\2.11.1\checker-qual-2.11.1.jar;C:\Users\Dell\.m2\repository\com\google\errorprone\error_prone_annotations\2.3.4\error_prone_annotations-2.3.4.jar;C:\Users\Dell\.m2\repository\com\google\j2objc\j2objc-annotations\1.3\j2objc-annotations-1.3.jar;C:\Users\Dell\.m2\repository\org\seleniumhq\selenium\selenium-chromium-driver\4.0.0-alpha-6\selenium-chromium-driver-4.0.0-alpha-6.jar;C:\Users\Dell\.m2\repository\org\seleniumhq\selenium\selenium-devtools\4.0.0-alpha-6\selenium-devtools-4.0.0-alpha-6.jar;C:\Users\Dell\.m2\repository\org\seleniumhq\selenium\selenium-http\4.0.0-alpha-6\selenium-http-4.0.0-alpha-6.jar;C:\Users\Dell\.m2\repository\org\seleniumhq\selenium\selenium-json\4.0.0-alpha-6\selenium-json-4.0.0-alpha-6.jar;C:\Users\Dell\.m2\repository\org\seleniumhq\selenium\selenium
Launcher Type: SUN_STANDARD

Environment Variables:
PATH=C:/Program Files/Java/jre1.8.0_271/bin/server;C:/Program Files/Java/jre1.8.0_271/bin;C:/Program Files/Java/jre1.8.0_271/lib/amd64;C:\Program Files (x86)\Common Files\Oracle\Java\javapath;C:\Windows\system32;C:\Windows;C:\Windows\System32\Wbem;C:\Windows\System32\WindowsPowerShell\v1.0\;C:\Windows\System32\OpenSSH\;C:\Users\Dell\AppData\Local\Microsoft\WindowsApps;;C:\Users\Dell\Downloads\64bit\eclipse_64bit;
USERNAME=Dell
OS=Windows_NT
PROCESSOR_IDENTIFIER=Intel64 Family 6 Model 69 Stepping 1, GenuineIntel



---------------  S Y S T E M  ---------------

OS: Windows 10.0 , 64 bit Build 19041 (10.0.19041.804)

CPU:total 4 (initial active 4) (2 cores per cpu, 2 threads per core) family 6 model 69 stepping 1, cmov, cx8, fxsr, mmx, sse, sse2, sse3, ssse3, sse4.1, sse4.2, popcnt, avx, avx2, aes, clmul, erms, lzcnt, ht, tsc, tscinvbit, bmi1, bmi2

Memory: 4k page, physical 4096180k(468972k free), swap 16679092k(1880k free)

vm_info: Java HotSpot(TM) 64-Bit Server VM (25.271-b09) for windows-amd64 JRE (1.8.0_271-b09), built on Sep 16 2020 19:14:59 by "" with MS VC++ 15.9 (VS2017)

time: Sun Feb 28 16:11:47 2021
timezone: India Standard Time
elapsed time: 1.558839 seconds (0d 0h 0m 1s)

