#
# There is insufficient memory for the Java Runtime Environment to continue.
# Native memory allocation (malloc) failed to allocate 236336 bytes for Chunk::new
# Possible reasons:
#   The system is out of physical RAM or swap space
#   The process is running with CompressedOops enabled, and the Java Heap may be blocking the growth of the native heap
# Possible solutions:
#   Reduce memory load on the system
#   Increase physical memory or swap space
#   Check if swap backing store is full
#   Decrease Java heap size (-Xmx/-Xms)
#   Decrease number of Java threads
#   Decrease Java thread stack sizes (-Xss)
#   Set larger code cache with -XX:ReservedCodeCacheSize=
#   JVM is running with Unscaled Compressed Oops mode in which the Java heap is
#     placed in the first 4GB address space. The Java Heap base address is the
#     maximum limit for the native heap growth. Please use -XX:HeapBaseMinAddress
#     to set the Java Heap base and to place the Java Heap above 4GB virtual address.
# This output file may be truncated or incomplete.
#
#  Out of Memory Error (allocation.cpp:389), pid=6344, tid=0x0000000000000a68
#
# JRE version: Java(TM) SE Runtime Environment (8.0_271-b09) (build 1.8.0_271-b09)
# Java VM: Java HotSpot(TM) 64-Bit Server VM (25.271-b09 mixed mode windows-amd64 compressed oops)
# Failed to write core dump. Minidumps are not enabled by default on client versions of Windows
#

---------------  T H R E A D  ---------------

Current thread (0x000001d1d18c4800):  JavaThread "C2 CompilerThread1" daemon [_thread_in_native, id=2664, stack(0x000000425ed00000,0x000000425ee00000)]

Stack: [0x000000425ed00000,0x000000425ee00000]
Native frames: (J=compiled Java code, j=interpreted, Vv=VM code, C=native code)
V  [jvm.dll+0x33f6c9]
V  [jvm.dll+0x286122]
V  [jvm.dll+0x286dcd]
V  [jvm.dll+0x27d805]
V  [jvm.dll+0xe574c]
V  [jvm.dll+0xe5f4c]
V  [jvm.dll+0x462b72]
V  [jvm.dll+0x49df9d]
V  [jvm.dll+0x452684]
V  [jvm.dll+0x44feb4]
V  [jvm.dll+0x43aef7]
V  [jvm.dll+0xbc3eb]
V  [jvm.dll+0xbaa4b]
V  [jvm.dll+0x24e7c2]
V  [jvm.dll+0x2a2dcc]
C  [ucrtbase.dll+0x21bb2]
C  [KERNEL32.DLL+0x17034]
C  [ntdll.dll+0x4d241]


Current CompileTask:
C2:   1021  252   !   4       sun.misc.URLClassPath$JarLoader::getResource (85 bytes)


---------------  P R O C E S S  ---------------

Java Threads: ( => current thread )
  0x000001d1d1946000 JavaThread "Service Thread" daemon [_thread_blocked, id=7908, stack(0x000000425ef00000,0x000000425f000000)]
  0x000001d1d18cc000 JavaThread "C1 CompilerThread2" daemon [_thread_in_native, id=4512, stack(0x000000425ee00000,0x000000425ef00000)]
=>0x000001d1d18c4800 JavaThread "C2 CompilerThread1" daemon [_thread_in_native, id=2664, stack(0x000000425ed00000,0x000000425ee00000)]
  0x000001d1d18b6000 JavaThread "C2 CompilerThread0" daemon [_thread_blocked, id=17088, stack(0x000000425ec00000,0x000000425ed00000)]
  0x000001d1d18b2000 JavaThread "Attach Listener" daemon [_thread_blocked, id=10072, stack(0x000000425eb00000,0x000000425ec00000)]
  0x000001d1d18b1000 JavaThread "Signal Dispatcher" daemon [_thread_blocked, id=9328, stack(0x000000425ea00000,0x000000425eb00000)]
  0x000001d1d1894000 JavaThread "Finalizer" daemon [_thread_blocked, id=13548, stack(0x000000425e900000,0x000000425ea00000)]
  0x000001d1d186a800 JavaThread "Reference Handler" daemon [_thread_blocked, id=1444, stack(0x000000425e800000,0x000000425e900000)]
  0x000001d1bd686800 JavaThread "main" [_thread_in_native, id=9680, stack(0x000000425e200000,0x000000425e300000)]

Other Threads:
  0x000001d1d1863000 VMThread [stack: 0x000000425e700000,0x000000425e800000] [id=13968]
  0x000001d1d19ab000 WatcherThread [stack: 0x000000425f000000,0x000000425f100000] [id=3060]

VM state:not at safepoint (normal execution)

VM Mutex/Monitor currently owned by a thread: None

heap address: 0x00000000c1600000, size: 1002 MB, Compressed Oops mode: 32-bit
Narrow klass base: 0x0000000000000000, Narrow klass shift: 3
Compressed class space size: 1073741824 Address: 0x0000000100000000

Heap:
 PSYoungGen      total 18944K, used 11160K [0x00000000eb200000, 0x00000000ec700000, 0x0000000100000000)
  eden space 16384K, 68% used [0x00000000eb200000,0x00000000ebce6188,0x00000000ec200000)
  from space 2560K, 0% used [0x00000000ec480000,0x00000000ec480000,0x00000000ec700000)
  to   space 2560K, 0% used [0x00000000ec200000,0x00000000ec200000,0x00000000ec480000)
 ParOldGen       total 44032K, used 0K [0x00000000c1600000, 0x00000000c4100000, 0x00000000eb200000)
  object space 44032K, 0% used [0x00000000c1600000,0x00000000c1600000,0x00000000c4100000)
 Metaspace       used 6980K, capacity 7134K, committed 7296K, reserved 1058816K
  class space    used 772K, capacity 829K, committed 896K, reserved 1048576K

Card table byte_map: [0x000001d1ce4b0000,0x000001d1ce6b0000] byte_map_base: 0x000001d1cdea5000

Marking Bits: (ParMarkBitMap*) 0x0000000073bc7fe0
 Begin Bits: [0x000001d1ce800000, 0x000001d1cf7a8000)
 End Bits:   [0x000001d1cf7a8000, 0x000001d1d0750000)

Polling page: 0x000001d1bd610000

CodeCache: size=245760Kb used=2488Kb max_used=2488Kb free=243271Kb
 bounds [0x000001d1bf0f0000, 0x000001d1bf370000, 0x000001d1ce0f0000]
 total_blobs=882 nmethods=570 adapters=225
 compilation: enabled

Compilation events (10 events):
Event: 0.788 Thread 0x000001d1d18cc000 nmethod 392 0x000001d1bf2f3ed0 code [0x000001d1bf2f4100, 0x000001d1bf2f4dd0]
Event: 0.788 Thread 0x000001d1d18cc000  381       3       java.lang.invoke.MethodType::makeImpl (66 bytes)
Event: 0.790 Thread 0x000001d1d18cc000 nmethod 381 0x000001d1bf2f3110 code [0x000001d1bf2f3300, 0x000001d1bf2f3b70]
Event: 0.790 Thread 0x000001d1d18cc000  399       3       java.lang.invoke.LambdaForm$Name::initIndex (26 bytes)
Event: 0.790 Thread 0x000001d1d18cc000 nmethod 399 0x000001d1bf2f2d50 code [0x000001d1bf2f2ea0, 0x000001d1bf2f3098]
Event: 0.790 Thread 0x000001d1d18cc000  377       1       java.lang.invoke.MethodHandle::type (5 bytes)
Event: 0.790 Thread 0x000001d1d18cc000 nmethod 377 0x000001d1bf2f2a10 code [0x000001d1bf2f2b60, 0x000001d1bf2f2c78]
Event: 0.790 Thread 0x000001d1d18cc000  400       3       java.lang.invoke.LambdaForm$BasicType::basicTypeSlots (8 bytes)
Event: 0.791 Thread 0x000001d1d18cc000 nmethod 400 0x000001d1bf2ffa10 code [0x000001d1bf2ffb80, 0x000001d1bf2ffdb8]
Event: 0.791 Thread 0x000001d1d18cc000  401       3       sun.invoke.util.Wrapper::stackSlots (9 bytes)

GC Heap History (0 events):
No events

Deoptimization events (1 events):
Event: 0.278 Thread 0x000001d1bd686800 Uncommon trap: reason=unstable_if action=reinterpret pc=0x000001d1bf1fdfa0 method=java.lang.String.hashCode()I @ 14

Classes redefined (0 events):
No events

Internal exceptions (9 events):
Event: 0.054 Thread 0x000001d1bd686800 Exception <a 'java/lang/NoSuchMethodError': Method sun.misc.Unsafe.defineClass(Ljava/lang/String;[BII)Ljava/lang/Class; name or signature does not match> (0x00000000eb207cc0) thrown at [C:\jenkins\workspace\8-2-build-windows-amd64-cygwin\jdk8u271\605\hots
Event: 0.054 Thread 0x000001d1bd686800 Exception <a 'java/lang/NoSuchMethodError': Method sun.misc.Unsafe.prefetchRead(Ljava/lang/Object;J)V name or signature does not match> (0x00000000eb207fa8) thrown at [C:\jenkins\workspace\8-2-build-windows-amd64-cygwin\jdk8u271\605\hotspot\src\share\vm\p
Event: 0.504 Thread 0x000001d1bd686800 Exception <a 'java/security/PrivilegedActionException'> (0x00000000eb59e620) thrown at [C:\jenkins\workspace\8-2-build-windows-amd64-cygwin\jdk8u271\605\hotspot\src\share\vm\prims\jvm.cpp, line 1512]
Event: 0.504 Thread 0x000001d1bd686800 Exception <a 'java/security/PrivilegedActionException'> (0x00000000eb59e830) thrown at [C:\jenkins\workspace\8-2-build-windows-amd64-cygwin\jdk8u271\605\hotspot\src\share\vm\prims\jvm.cpp, line 1512]
Event: 0.505 Thread 0x000001d1bd686800 Exception <a 'java/security/PrivilegedActionException'> (0x00000000eb5a24a0) thrown at [C:\jenkins\workspace\8-2-build-windows-amd64-cygwin\jdk8u271\605\hotspot\src\share\vm\prims\jvm.cpp, line 1512]
Event: 0.505 Thread 0x000001d1bd686800 Exception <a 'java/security/PrivilegedActionException'> (0x00000000eb5a26b0) thrown at [C:\jenkins\workspace\8-2-build-windows-amd64-cygwin\jdk8u271\605\hotspot\src\share\vm\prims\jvm.cpp, line 1512]
Event: 0.509 Thread 0x000001d1bd686800 Exception <a 'java/lang/NoClassDefFoundError': org/slf4j/impl/StaticLoggerBinder> (0x00000000eb5bc6b0) thrown at [C:\jenkins\workspace\8-2-build-windows-amd64-cygwin\jdk8u271\605\hotspot\src\share\vm\classfile\systemDictionary.cpp, line 201]
Event: 0.778 Thread 0x000001d1bd686800 Exception <a 'java/lang/NoSuchFieldError': method resolution failed> (0x00000000eba39398) thrown at [C:\jenkins\workspace\8-2-build-windows-amd64-cygwin\jdk8u271\605\hotspot\src\share\vm\prims\methodHandles.cpp, line 1169]
Event: 0.781 Thread 0x000001d1bd686800 Exception <a 'java/lang/NoSuchFieldError': method resolution failed> (0x00000000eba46738) thrown at [C:\jenkins\workspace\8-2-build-windows-amd64-cygwin\jdk8u271\605\hotspot\src\share\vm\prims\methodHandles.cpp, line 1169]

Events (10 events):
Event: 0.778 loading class java/lang/IllegalAccessException
Event: 0.778 loading class java/lang/IllegalAccessException done
Event: 0.787 loading class java/lang/invoke/LambdaFormEditor
Event: 0.787 loading class java/lang/invoke/LambdaFormEditor done
Event: 0.787 loading class java/lang/invoke/LambdaFormEditor$Transform$Kind
Event: 0.787 loading class java/lang/invoke/LambdaFormEditor$Transform$Kind done
Event: 0.788 loading class java/lang/invoke/LambdaFormEditor$Transform
Event: 0.788 loading class java/lang/invoke/LambdaFormEditor$Transform done
Event: 0.788 loading class java/lang/invoke/LambdaFormBuffer
Event: 0.788 loading class java/lang/invoke/LambdaFormBuffer done


Dynamic libraries:
0x00007ff781d30000 - 0x00007ff781d77000 	C:\Program Files\Java\jre1.8.0_271\bin\javaw.exe
0x00007ffac5290000 - 0x00007ffac5486000 	C:\Windows\SYSTEM32\ntdll.dll
0x00007ffac4290000 - 0x00007ffac434d000 	C:\Windows\System32\KERNEL32.DLL
0x00007ffac2e90000 - 0x00007ffac3159000 	C:\Windows\System32\KERNELBASE.dll
0x00007ffac3f00000 - 0x00007ffac3fac000 	C:\Windows\System32\ADVAPI32.dll
0x00007ffac36a0000 - 0x00007ffac373e000 	C:\Windows\System32\msvcrt.dll
0x00007ffac3770000 - 0x00007ffac380c000 	C:\Windows\System32\sechost.dll
0x00007ffac3c80000 - 0x00007ffac3dab000 	C:\Windows\System32\RPCRT4.dll
0x00007ffac5080000 - 0x00007ffac5220000 	C:\Windows\System32\USER32.dll
0x00007ffac29d0000 - 0x00007ffac29f2000 	C:\Windows\System32\win32u.dll
0x00007ffac3740000 - 0x00007ffac376a000 	C:\Windows\System32\GDI32.dll
0x00007ffac2b80000 - 0x00007ffac2c8b000 	C:\Windows\System32\gdi32full.dll
0x00007ffac2df0000 - 0x00007ffac2e8d000 	C:\Windows\System32\msvcp_win.dll
0x00007ffac2a00000 - 0x00007ffac2b00000 	C:\Windows\System32\ucrtbase.dll
0x00007ffaba600000 - 0x00007ffaba89b000 	C:\Windows\WinSxS\amd64_microsoft.windows.common-controls_6595b64144ccf1df_6.0.19041.746_none_ca02b4b61b8320a4\COMCTL32.dll
0x00007ffac5220000 - 0x00007ffac5250000 	C:\Windows\System32\IMM32.DLL
0x00007ffab5e20000 - 0x00007ffab5e35000 	C:\Program Files\Java\jre1.8.0_271\bin\vcruntime140.dll
0x00007ffaa1f70000 - 0x00007ffaa200b000 	C:\Program Files\Java\jre1.8.0_271\bin\msvcp140.dll
0x00000000733d0000 - 0x0000000073c3f000 	C:\Program Files\Java\jre1.8.0_271\bin\server\jvm.dll
0x00007ffac4280000 - 0x00007ffac4288000 	C:\Windows\System32\PSAPI.DLL
0x00007ffab2720000 - 0x00007ffab2747000 	C:\Windows\SYSTEM32\WINMM.dll
0x00007ffab9390000 - 0x00007ffab939a000 	C:\Windows\SYSTEM32\VERSION.dll
0x00007ffab8080000 - 0x00007ffab8089000 	C:\Windows\SYSTEM32\WSOCK32.dll
0x00007ffac4350000 - 0x00007ffac43bb000 	C:\Windows\System32\WS2_32.dll
0x00007ffac0920000 - 0x00007ffac0932000 	C:\Windows\SYSTEM32\kernel.appcore.dll
0x00007ffab7530000 - 0x00007ffab7540000 	C:\Program Files\Java\jre1.8.0_271\bin\verify.dll
0x00007ffab4070000 - 0x00007ffab409b000 	C:\Program Files\Java\jre1.8.0_271\bin\java.dll
0x00007ffab5e00000 - 0x00007ffab5e18000 	C:\Program Files\Java\jre1.8.0_271\bin\zip.dll
0x00007ffac4930000 - 0x00007ffac5072000 	C:\Windows\System32\SHELL32.dll
0x00007ffac0b20000 - 0x00007ffac12b0000 	C:\Windows\SYSTEM32\windows.storage.dll
0x00007ffac44f0000 - 0x00007ffac4846000 	C:\Windows\System32\combase.dll
0x00007ffac2360000 - 0x00007ffac238c000 	C:\Windows\SYSTEM32\Wldp.dll
0x00007ffac3560000 - 0x00007ffac360e000 	C:\Windows\System32\SHCORE.dll
0x00007ffac3500000 - 0x00007ffac3555000 	C:\Windows\System32\shlwapi.dll
0x00007ffac2900000 - 0x00007ffac2926000 	C:\Windows\SYSTEM32\profapi.dll
0x00007ffabac60000 - 0x00007ffabae44000 	C:\Windows\SYSTEM32\dbghelp.dll
0x00007ffac2b00000 - 0x00007ffac2b80000 	C:\Windows\System32\bcryptPrimitives.dll
0x00007ffaaab10000 - 0x00007ffaaab34000 	C:\Program Files\Java\jre1.8.0_271\bin\sunec.dll

VM Arguments:
jvm_args: -Dfile.encoding=Cp1252 
java_command: LearnFrame_Alert
java_class_path (initial): D:\Selenium\Mavenproject\target\classes;C:\Users\Dell\.m2\repository\org\seleniumhq\selenium\selenium-java\4.0.0-alpha-6\selenium-java-4.0.0-alpha-6.jar;C:\Users\Dell\.m2\repository\org\seleniumhq\selenium\selenium-api\4.0.0-alpha-6\selenium-api-4.0.0-alpha-6.jar;C:\Users\Dell\.m2\repository\org\seleniumhq\selenium\selenium-chrome-driver\4.0.0-alpha-6\selenium-chrome-driver-4.0.0-alpha-6.jar;C:\Users\Dell\.m2\repository\com\google\auto\service\auto-service-annotations\1.0-rc6\auto-service-annotations-1.0-rc6.jar;C:\Users\Dell\.m2\repository\com\google\auto\service\auto-service\1.0-rc6\auto-service-1.0-rc6.jar;C:\Users\Dell\.m2\repository\com\google\auto\auto-common\0.10\auto-common-0.10.jar;C:\Users\Dell\.m2\repository\com\google\guava\guava\29.0-jre\guava-29.0-jre.jar;C:\Users\Dell\.m2\repository\com\google\guava\failureaccess\1.0.1\failureaccess-1.0.1.jar;C:\Users\Dell\.m2\repository\com\google\guava\listenablefuture\9999.0-empty-to-avoid-conflict-with-guava\listenablefuture-9999.0-empty-to-avoid-conflict-with-guava.jar;C:\Users\Dell\.m2\repository\com\google\code\findbugs\jsr305\3.0.2\jsr305-3.0.2.jar;C:\Users\Dell\.m2\repository\org\checkerframework\checker-qual\2.11.1\checker-qual-2.11.1.jar;C:\Users\Dell\.m2\repository\com\google\errorprone\error_prone_annotations\2.3.4\error_prone_annotations-2.3.4.jar;C:\Users\Dell\.m2\repository\com\google\j2objc\j2objc-annotations\1.3\j2objc-annotations-1.3.jar;C:\Users\Dell\.m2\repository\org\seleniumhq\selenium\selenium-chromium-driver\4.0.0-alpha-6\selenium-chromium-driver-4.0.0-alpha-6.jar;C:\Users\Dell\.m2\repository\org\seleniumhq\selenium\selenium-devtools\4.0.0-alpha-6\selenium-devtools-4.0.0-alpha-6.jar;C:\Users\Dell\.m2\repository\org\seleniumhq\selenium\selenium-http\4.0.0-alpha-6\selenium-http-4.0.0-alpha-6.jar;C:\Users\Dell\.m2\repository\org\seleniumhq\selenium\selenium-json\4.0.0-alpha-6\selenium-json-4.0.0-alpha-6.jar;C:\Users\Dell\.m2\repository\org\seleniumhq\selenium\selenium
Launcher Type: SUN_STANDARD

Environment Variables:
PATH=C:/Program Files/Java/jre1.8.0_271/bin/server;C:/Program Files/Java/jre1.8.0_271/bin;C:/Program Files/Java/jre1.8.0_271/lib/amd64;C:\Program Files (x86)\Common Files\Oracle\Java\javapath;C:\Windows\system32;C:\Windows;C:\Windows\System32\Wbem;C:\Windows\System32\WindowsPowerShell\v1.0\;C:\Windows\System32\OpenSSH\;C:\Users\Dell\AppData\Local\Microsoft\WindowsApps;;C:\Users\Dell\Downloads\64bit\eclipse_64bit;
USERNAME=Dell
OS=Windows_NT
PROCESSOR_IDENTIFIER=Intel64 Family 6 Model 69 Stepping 1, GenuineIntel



---------------  S Y S T E M  ---------------

OS: Windows 10.0 , 64 bit Build 19041 (10.0.19041.804)

CPU:total 4 (initial active 4) (2 cores per cpu, 2 threads per core) family 6 model 69 stepping 1, cmov, cx8, fxsr, mmx, sse, sse2, sse3, ssse3, sse4.1, sse4.2, popcnt, avx, avx2, aes, clmul, erms, lzcnt, ht, tsc, tscinvbit, bmi1, bmi2

Memory: 4k page, physical 4096180k(324216k free), swap 16679092k(1904k free)

vm_info: Java HotSpot(TM) 64-Bit Server VM (25.271-b09) for windows-amd64 JRE (1.8.0_271-b09), built on Sep 16 2020 19:14:59 by "" with MS VC++ 15.9 (VS2017)

time: Sat Mar  6 17:10:49 2021
timezone: India Standard Time
elapsed time: 1.065493 seconds (0d 0h 0m 1s)

