#
# There is insufficient memory for the Java Runtime Environment to continue.
# Native memory allocation (malloc) failed to allocate 1048576 bytes for AllocateHeap
# Possible reasons:
#   The system is out of physical RAM or swap space
#   The process is running with CompressedOops enabled, and the Java Heap may be blocking the growth of the native heap
# Possible solutions:
#   Reduce memory load on the system
#   Increase physical memory or swap space
#   Check if swap backing store is full
#   Decrease Java heap size (-Xmx/-Xms)
#   Decrease number of Java threads
#   Decrease Java thread stack sizes (-Xss)
#   Set larger code cache with -XX:ReservedCodeCacheSize=
#   JVM is running with Unscaled Compressed Oops mode in which the Java heap is
#     placed in the first 4GB address space. The Java Heap base address is the
#     maximum limit for the native heap growth. Please use -XX:HeapBaseMinAddress
#     to set the Java Heap base and to place the Java Heap above 4GB virtual address.
# This output file may be truncated or incomplete.
#
#  Out of Memory Error (memory/allocation.inline.hpp:61), pid=2760, tid=0x0000000000001848
#
# JRE version:  (8.0_271-b09) (build )
# Java VM: Java HotSpot(TM) 64-Bit Server VM (25.271-b09 mixed mode windows-amd64 compressed oops)
# Failed to write core dump. Minidumps are not enabled by default on client versions of Windows
#

---------------  T H R E A D  ---------------

Current thread (0x0000026c48876800):  JavaThread "Unknown thread" [_thread_in_vm, id=6216, stack(0x000000d8b7d00000,0x000000d8b7e00000)]

Stack: [0x000000d8b7d00000,0x000000d8b7e00000]
Native frames: (J=compiled Java code, j=interpreted, Vv=VM code, C=native code)
V  [jvm.dll+0x33f6c9]
V  [jvm.dll+0x286122]
V  [jvm.dll+0x286dcd]
V  [jvm.dll+0x27d805]
V  [jvm.dll+0x1565d]
V  [jvm.dll+0x3e35e7]
V  [jvm.dll+0x3e3fd8]
V  [jvm.dll+0x10cfff]
V  [jvm.dll+0x21ab2b]
V  [jvm.dll+0x2494e7]
V  [jvm.dll+0x172a76]
C  [javaw.exe+0x2322]
C  [javaw.exe+0x16544]
C  [KERNEL32.DLL+0x17034]
C  [ntdll.dll+0x4d241]


---------------  P R O C E S S  ---------------

Java Threads: ( => current thread )

Other Threads:

=>0x0000026c48876800 (exited) JavaThread "Unknown thread" [_thread_in_vm, id=6216, stack(0x000000d8b7d00000,0x000000d8b7e00000)]

VM state:not at safepoint (normal execution)

VM Mutex/Monitor currently owned by a thread: None

heap address: 0x00000000c1600000, size: 1002 MB, Compressed Oops mode: 32-bit
Narrow klass base: 0x0000000000000000, Narrow klass shift: 3
Compressed class space size: 1073741824 Address: 0x0000000100000000

Heap:
 PSYoungGen      total 18944K, used 327K [0x00000000eb200000, 0x00000000ec700000, 0x0000000100000000)
  eden space 16384K, 2% used [0x00000000eb200000,0x00000000eb251ec8,0x00000000ec200000)
  from space 2560K, 0% used [0x00000000ec480000,0x00000000ec480000,0x00000000ec700000)
  to   space 2560K, 0% used [0x00000000ec200000,0x00000000ec200000,0x00000000ec480000)
 ParOldGen       total 44032K, used 0K [0x00000000c1600000, 0x00000000c4100000, 0x00000000eb200000)
  object space 44032K, 0% used [0x00000000c1600000,0x00000000c1600000,0x00000000c4100000)
 Metaspace       used 752K, capacity 4480K, committed 4480K, reserved 1056768K
  class space    used 76K, capacity 384K, committed 384K, reserved 1048576K

Card table byte_map: [0x0000026c59510000,0x0000026c59710000] byte_map_base: 0x0000026c58f05000

Marking Bits: (ParMarkBitMap*) 0x0000000073bc7fe0
 Begin Bits: [0x0000026c59860000, 0x0000026c5a808000)
 End Bits:   [0x0000026c5a808000, 0x0000026c5b7b0000)

Polling page: 0x0000026c48b00000

CodeCache: size=245760Kb used=328Kb max_used=328Kb free=245431Kb
 bounds [0x0000026c4a150000, 0x0000026c4a3c0000, 0x0000026c59150000]
 total_blobs=58 nmethods=0 adapters=38
 compilation: enabled

Compilation events (0 events):
No events

GC Heap History (0 events):
No events

Deoptimization events (0 events):
No events

Classes redefined (0 events):
No events

Internal exceptions (0 events):
No events

Events (10 events):
Event: 0.038 loading class java/lang/Short
Event: 0.038 loading class java/lang/Short done
Event: 0.038 loading class java/lang/Integer
Event: 0.038 loading class java/lang/Integer done
Event: 0.038 loading class java/lang/Long
Event: 0.038 loading class java/lang/Long done
Event: 0.039 loading class java/lang/NullPointerException
Event: 0.039 loading class java/lang/NullPointerException done
Event: 0.039 loading class java/lang/ArithmeticException
Event: 0.039 loading class java/lang/ArithmeticException done


Dynamic libraries:
0x00007ff781d30000 - 0x00007ff781d77000 	C:\Program Files\Java\jre1.8.0_271\bin\javaw.exe
0x00007ffac5290000 - 0x00007ffac5486000 	C:\Windows\SYSTEM32\ntdll.dll
0x00007ffac4290000 - 0x00007ffac434d000 	C:\Windows\System32\KERNEL32.DLL
0x00007ffac2e90000 - 0x00007ffac3159000 	C:\Windows\System32\KERNELBASE.dll
0x00007ffac3f00000 - 0x00007ffac3fac000 	C:\Windows\System32\ADVAPI32.dll
0x00007ffac36a0000 - 0x00007ffac373e000 	C:\Windows\System32\msvcrt.dll
0x00007ffac3770000 - 0x00007ffac380c000 	C:\Windows\System32\sechost.dll
0x00007ffac3c80000 - 0x00007ffac3dab000 	C:\Windows\System32\RPCRT4.dll
0x00007ffac5080000 - 0x00007ffac5220000 	C:\Windows\System32\USER32.dll
0x00007ffac29d0000 - 0x00007ffac29f2000 	C:\Windows\System32\win32u.dll
0x00007ffac3740000 - 0x00007ffac376a000 	C:\Windows\System32\GDI32.dll
0x00007ffac2b80000 - 0x00007ffac2c8b000 	C:\Windows\System32\gdi32full.dll
0x00007ffac2df0000 - 0x00007ffac2e8d000 	C:\Windows\System32\msvcp_win.dll
0x00007ffac2a00000 - 0x00007ffac2b00000 	C:\Windows\System32\ucrtbase.dll
0x00007ffaba600000 - 0x00007ffaba89b000 	C:\Windows\WinSxS\amd64_microsoft.windows.common-controls_6595b64144ccf1df_6.0.19041.746_none_ca02b4b61b8320a4\COMCTL32.dll
0x00007ffac5220000 - 0x00007ffac5250000 	C:\Windows\System32\IMM32.DLL
0x00007ffab5e20000 - 0x00007ffab5e35000 	C:\Program Files\Java\jre1.8.0_271\bin\vcruntime140.dll
0x00007ffaa1f70000 - 0x00007ffaa200b000 	C:\Program Files\Java\jre1.8.0_271\bin\msvcp140.dll
0x00000000733d0000 - 0x0000000073c3f000 	C:\Program Files\Java\jre1.8.0_271\bin\server\jvm.dll
0x00007ffac4280000 - 0x00007ffac4288000 	C:\Windows\System32\PSAPI.DLL
0x00007ffab2720000 - 0x00007ffab2747000 	C:\Windows\SYSTEM32\WINMM.dll
0x00007ffab8080000 - 0x00007ffab8089000 	C:\Windows\SYSTEM32\WSOCK32.dll
0x00007ffab9390000 - 0x00007ffab939a000 	C:\Windows\SYSTEM32\VERSION.dll
0x00007ffac4350000 - 0x00007ffac43bb000 	C:\Windows\System32\WS2_32.dll
0x00007ffac0920000 - 0x00007ffac0932000 	C:\Windows\SYSTEM32\kernel.appcore.dll
0x00007ffab7530000 - 0x00007ffab7540000 	C:\Program Files\Java\jre1.8.0_271\bin\verify.dll
0x00007ffab4070000 - 0x00007ffab409b000 	C:\Program Files\Java\jre1.8.0_271\bin\java.dll
0x00007ffab5e00000 - 0x00007ffab5e18000 	C:\Program Files\Java\jre1.8.0_271\bin\zip.dll
0x00007ffabac60000 - 0x00007ffabae44000 	C:\Windows\SYSTEM32\dbghelp.dll
0x00007ffac2b00000 - 0x00007ffac2b80000 	C:\Windows\System32\bcryptPrimitives.dll

VM Arguments:
jvm_args: -Dfile.encoding=Cp1252 
java_command: LearnFrame_Alert
java_class_path (initial): D:\Selenium\Mavenproject\target\classes;C:\Users\Dell\.m2\repository\org\seleniumhq\selenium\selenium-java\4.0.0-alpha-6\selenium-java-4.0.0-alpha-6.jar;C:\Users\Dell\.m2\repository\org\seleniumhq\selenium\selenium-api\4.0.0-alpha-6\selenium-api-4.0.0-alpha-6.jar;C:\Users\Dell\.m2\repository\org\seleniumhq\selenium\selenium-chrome-driver\4.0.0-alpha-6\selenium-chrome-driver-4.0.0-alpha-6.jar;C:\Users\Dell\.m2\repository\com\google\auto\service\auto-service-annotations\1.0-rc6\auto-service-annotations-1.0-rc6.jar;C:\Users\Dell\.m2\repository\com\google\auto\service\auto-service\1.0-rc6\auto-service-1.0-rc6.jar;C:\Users\Dell\.m2\repository\com\google\auto\auto-common\0.10\auto-common-0.10.jar;C:\Users\Dell\.m2\repository\com\google\guava\guava\29.0-jre\guava-29.0-jre.jar;C:\Users\Dell\.m2\repository\com\google\guava\failureaccess\1.0.1\failureaccess-1.0.1.jar;C:\Users\Dell\.m2\repository\com\google\guava\listenablefuture\9999.0-empty-to-avoid-conflict-with-guava\listenablefuture-9999.0-empty-to-avoid-conflict-with-guava.jar;C:\Users\Dell\.m2\repository\com\google\code\findbugs\jsr305\3.0.2\jsr305-3.0.2.jar;C:\Users\Dell\.m2\repository\org\checkerframework\checker-qual\2.11.1\checker-qual-2.11.1.jar;C:\Users\Dell\.m2\repository\com\google\errorprone\error_prone_annotations\2.3.4\error_prone_annotations-2.3.4.jar;C:\Users\Dell\.m2\repository\com\google\j2objc\j2objc-annotations\1.3\j2objc-annotations-1.3.jar;C:\Users\Dell\.m2\repository\org\seleniumhq\selenium\selenium-chromium-driver\4.0.0-alpha-6\selenium-chromium-driver-4.0.0-alpha-6.jar;C:\Users\Dell\.m2\repository\org\seleniumhq\selenium\selenium-devtools\4.0.0-alpha-6\selenium-devtools-4.0.0-alpha-6.jar;C:\Users\Dell\.m2\repository\org\seleniumhq\selenium\selenium-http\4.0.0-alpha-6\selenium-http-4.0.0-alpha-6.jar;C:\Users\Dell\.m2\repository\org\seleniumhq\selenium\selenium-json\4.0.0-alpha-6\selenium-json-4.0.0-alpha-6.jar;C:\Users\Dell\.m2\repository\org\seleniumhq\selenium\selenium
Launcher Type: SUN_STANDARD

Environment Variables:
PATH=C:/Program Files/Java/jre1.8.0_271/bin/server;C:/Program Files/Java/jre1.8.0_271/bin;C:/Program Files/Java/jre1.8.0_271/lib/amd64;C:\Program Files (x86)\Common Files\Oracle\Java\javapath;C:\Windows\system32;C:\Windows;C:\Windows\System32\Wbem;C:\Windows\System32\WindowsPowerShell\v1.0\;C:\Windows\System32\OpenSSH\;C:\Users\Dell\AppData\Local\Microsoft\WindowsApps;;C:\Users\Dell\Downloads\64bit\eclipse_64bit;
USERNAME=Dell
OS=Windows_NT
PROCESSOR_IDENTIFIER=Intel64 Family 6 Model 69 Stepping 1, GenuineIntel



---------------  S Y S T E M  ---------------

OS: Windows 10.0 , 64 bit Build 19041 (10.0.19041.804)

CPU:total 4 (initial active 4) (2 cores per cpu, 2 threads per core) family 6 model 69 stepping 1, cmov, cx8, fxsr, mmx, sse, sse2, sse3, ssse3, sse4.1, sse4.2, popcnt, avx, avx2, aes, clmul, erms, lzcnt, ht, tsc, tscinvbit, bmi1, bmi2

Memory: 4k page, physical 4096180k(371784k free), swap 16679092k(5656k free)

vm_info: Java HotSpot(TM) 64-Bit Server VM (25.271-b09) for windows-amd64 JRE (1.8.0_271-b09), built on Sep 16 2020 19:14:59 by "" with MS VC++ 15.9 (VS2017)

time: Sat Mar  6 17:04:20 2021
timezone: India Standard Time
elapsed time: 0.428185 seconds (0d 0h 0m 0s)

