#
# There is insufficient memory for the Java Runtime Environment to continue.
# Native memory allocation (malloc) failed to allocate 246976 bytes for Chunk::new
# Possible reasons:
#   The system is out of physical RAM or swap space
#   The process is running with CompressedOops enabled, and the Java Heap may be blocking the growth of the native heap
# Possible solutions:
#   Reduce memory load on the system
#   Increase physical memory or swap space
#   Check if swap backing store is full
#   Decrease Java heap size (-Xmx/-Xms)
#   Decrease number of Java threads
#   Decrease Java thread stack sizes (-Xss)
#   Set larger code cache with -XX:ReservedCodeCacheSize=
#   JVM is running with Unscaled Compressed Oops mode in which the Java heap is
#     placed in the first 4GB address space. The Java Heap base address is the
#     maximum limit for the native heap growth. Please use -XX:HeapBaseMinAddress
#     to set the Java Heap base and to place the Java Heap above 4GB virtual address.
# This output file may be truncated or incomplete.
#
#  Out of Memory Error (allocation.cpp:389), pid=15976, tid=0x0000000000003b90
#
# JRE version: Java(TM) SE Runtime Environment (8.0_271-b09) (build 1.8.0_271-b09)
# Java VM: Java HotSpot(TM) 64-Bit Server VM (25.271-b09 mixed mode windows-amd64 compressed oops)
# Failed to write core dump. Minidumps are not enabled by default on client versions of Windows
#

---------------  T H R E A D  ---------------

Current thread (0x000001dd3d3c5800):  JavaThread "C2 CompilerThread0" daemon [_thread_in_native, id=15248, stack(0x000000d17f800000,0x000000d17f900000)]

Stack: [0x000000d17f800000,0x000000d17f900000]
Native frames: (J=compiled Java code, j=interpreted, Vv=VM code, C=native code)
V  [jvm.dll+0x33f6c9]
V  [jvm.dll+0x286122]
V  [jvm.dll+0x286dcd]
V  [jvm.dll+0x27d805]
V  [jvm.dll+0xe574c]
V  [jvm.dll+0xe5f4c]
V  [jvm.dll+0x480095]
V  [jvm.dll+0x447c30]
V  [jvm.dll+0x450c25]
V  [jvm.dll+0x44ffe5]
V  [jvm.dll+0x43aef7]
V  [jvm.dll+0xbc3eb]
V  [jvm.dll+0xbaa4b]
V  [jvm.dll+0x24e7c2]
V  [jvm.dll+0x2a2dcc]
C  [ucrtbase.dll+0x214c2]
C  [KERNEL32.DLL+0x17034]
C  [ntdll.dll+0x4d0d1]


Current CompileTask:
C2:   3543 1279   !   4       sun.misc.URLClassPath$JarLoader::getResource (353 bytes)


---------------  P R O C E S S  ---------------

Java Threads: ( => current thread )
  0x000001dd3fdf8000 JavaThread "Exec Stream Pumper" daemon [_thread_in_native, id=376, stack(0x000000d100400000,0x000000d100500000)]
  0x000001dd3f10c800 JavaThread "Exec Stream Pumper" daemon [_thread_in_native, id=16528, stack(0x000000d100300000,0x000000d100400000)]
  0x000001dd3f10e800 JavaThread "UrlChecker-2" daemon [_thread_in_native, id=9276, stack(0x000000d100100000,0x000000d100200000)]
  0x000001dd3f10d000 JavaThread "ForkJoinPool.commonPool-worker-2" daemon [_thread_blocked, id=6252, stack(0x000000d100000000,0x000000d100100000)]
  0x000001dd3f10e000 JavaThread "Exec Default Executor" daemon [_thread_in_native, id=13096, stack(0x000000d17ff00000,0x000000d180000000)]
  0x000001dd3f10b800 JavaThread "AsyncHttpClient-timer-1-1" [_thread_blocked, id=1336, stack(0x000000d17fe00000,0x000000d17ff00000)]
  0x000001dd3f964800 JavaThread "ForkJoinPool.commonPool-worker-1" daemon [_thread_blocked, id=9444, stack(0x000000d17fd00000,0x000000d17fe00000)]
  0x000001dd3d451000 JavaThread "Service Thread" daemon [_thread_blocked, id=7364, stack(0x000000d17fb00000,0x000000d17fc00000)]
  0x000001dd3d3d0000 JavaThread "C1 CompilerThread2" daemon [_thread_blocked, id=10000, stack(0x000000d17fa00000,0x000000d17fb00000)]
  0x000001dd3d3cb000 JavaThread "C2 CompilerThread1" daemon [_thread_blocked, id=13624, stack(0x000000d17f900000,0x000000d17fa00000)]
=>0x000001dd3d3c5800 JavaThread "C2 CompilerThread0" daemon [_thread_in_native, id=15248, stack(0x000000d17f800000,0x000000d17f900000)]
  0x000001dd3d3c4800 JavaThread "Attach Listener" daemon [_thread_blocked, id=10336, stack(0x000000d17f700000,0x000000d17f800000)]
  0x000001dd3d3c3800 JavaThread "Signal Dispatcher" daemon [_thread_blocked, id=16540, stack(0x000000d17f600000,0x000000d17f700000)]
  0x000001dd3d3a6800 JavaThread "Finalizer" daemon [_thread_blocked, id=13412, stack(0x000000d17f500000,0x000000d17f600000)]
  0x000001dd3d37d800 JavaThread "Reference Handler" daemon [_thread_blocked, id=17032, stack(0x000000d17f400000,0x000000d17f500000)]
  0x000001dd29836800 JavaThread "Forwarding newSession on session null to remote" [_thread_blocked, id=10704, stack(0x000000d17ee00000,0x000000d17ef00000)]

Other Threads:
  0x000001dd3d376800 VMThread [stack: 0x000000d17f300000,0x000000d17f400000] [id=15076]
  0x000001dd3d4c5800 WatcherThread [stack: 0x000000d17fc00000,0x000000d17fd00000] [id=10280]

VM state:not at safepoint (normal execution)

VM Mutex/Monitor currently owned by a thread: None

heap address: 0x00000000c1600000, size: 1002 MB, Compressed Oops mode: 32-bit
Narrow klass base: 0x0000000000000000, Narrow klass shift: 3
Compressed class space size: 1073741824 Address: 0x0000000100000000

Heap:
 PSYoungGen      total 35328K, used 15115K [0x00000000eb200000, 0x00000000ed700000, 0x0000000100000000)
  eden space 32768K, 46% used [0x00000000eb200000,0x00000000ec0c2ed0,0x00000000ed200000)
  from space 2560K, 0% used [0x00000000ed480000,0x00000000ed480000,0x00000000ed700000)
  to   space 2560K, 0% used [0x00000000ed200000,0x00000000ed200000,0x00000000ed480000)
 ParOldGen       total 33280K, used 6097K [0x00000000c1600000, 0x00000000c3680000, 0x00000000eb200000)
  object space 33280K, 18% used [0x00000000c1600000,0x00000000c1bf46b0,0x00000000c3680000)
 Metaspace       used 16732K, capacity 17034K, committed 17408K, reserved 1064960K
  class space    used 1904K, capacity 2027K, committed 2048K, reserved 1048576K

Card table byte_map: [0x000001dd3a530000,0x000001dd3a730000] byte_map_base: 0x000001dd39f25000

Marking Bits: (ParMarkBitMap*) 0x00000000700b7fe0
 Begin Bits: [0x000001dd3a880000, 0x000001dd3b828000)
 End Bits:   [0x000001dd3b828000, 0x000001dd3c7d0000)

Polling page: 0x000001dd297b0000

CodeCache: size=245760Kb used=4869Kb max_used=4884Kb free=240890Kb
 bounds [0x000001dd2b170000, 0x000001dd2b640000, 0x000001dd3a170000]
 total_blobs=1773 nmethods=1338 adapters=347
 compilation: enabled

Compilation events (10 events):
Event: 2.804 Thread 0x000001dd3d3d0000 nmethod 1298 0x000001dd2b612ad0 code [0x000001dd2b612c40, 0x000001dd2b612e70]
Event: 2.828 Thread 0x000001dd3d3d0000 1299       3       sun.net.util.URLUtil::urlNoFragString (114 bytes)
Event: 2.830 Thread 0x000001dd3d3d0000 nmethod 1299 0x000001dd2b617190 code [0x000001dd2b617420, 0x000001dd2b6188c0]
Event: 2.830 Thread 0x000001dd3d3d0000 1300   !   3       java.util.zip.ZipFile$ZipEntryIterator::next (212 bytes)
Event: 2.833 Thread 0x000001dd3d3d0000 nmethod 1300 0x000001dd2b61ad10 code [0x000001dd2b61b080, 0x000001dd2b61c9c0]
Event: 2.833 Thread 0x000001dd3d3d0000 1301       3       java.util.zip.ZipFile::access$500 (6 bytes)
Event: 2.833 Thread 0x000001dd3d3d0000 nmethod 1301 0x000001dd2b616e10 code [0x000001dd2b616f80, 0x000001dd2b6170f0]
Event: 2.834 Thread 0x000001dd3d3d0000 1303       3       java.util.zip.ZipFile::access$900 (7 bytes)
Event: 2.834 Thread 0x000001dd3d3d0000 nmethod 1303 0x000001dd2b612310 code [0x000001dd2b612480, 0x000001dd2b6125f0]
Event: 2.842 Thread 0x000001dd3d3cb000 1304       4       java.util.HashMap::resize (359 bytes)

GC Heap History (10 events):
Event: 1.408 GC heap before
{Heap before GC invocations=1 (full 0):
 PSYoungGen      total 18944K, used 16384K [0x00000000eb200000, 0x00000000ec700000, 0x0000000100000000)
  eden space 16384K, 100% used [0x00000000eb200000,0x00000000ec200000,0x00000000ec200000)
  from space 2560K, 0% used [0x00000000ec480000,0x00000000ec480000,0x00000000ec700000)
  to   space 2560K, 0% used [0x00000000ec200000,0x00000000ec200000,0x00000000ec480000)
 ParOldGen       total 44032K, used 0K [0x00000000c1600000, 0x00000000c4100000, 0x00000000eb200000)
  object space 44032K, 0% used [0x00000000c1600000,0x00000000c1600000,0x00000000c4100000)
 Metaspace       used 7881K, capacity 8068K, committed 8192K, reserved 1056768K
  class space    used 861K, capacity 901K, committed 1024K, reserved 1048576K
Event: 1.416 GC heap after
Heap after GC invocations=1 (full 0):
 PSYoungGen      total 18944K, used 2549K [0x00000000eb200000, 0x00000000ec700000, 0x0000000100000000)
  eden space 16384K, 0% used [0x00000000eb200000,0x00000000eb200000,0x00000000ec200000)
  from space 2560K, 99% used [0x00000000ec200000,0x00000000ec47d560,0x00000000ec480000)
  to   space 2560K, 0% used [0x00000000ec480000,0x00000000ec480000,0x00000000ec700000)
 ParOldGen       total 44032K, used 1128K [0x00000000c1600000, 0x00000000c4100000, 0x00000000eb200000)
  object space 44032K, 2% used [0x00000000c1600000,0x00000000c171a388,0x00000000c4100000)
 Metaspace       used 7881K, capacity 8068K, committed 8192K, reserved 1056768K
  class space    used 861K, capacity 901K, committed 1024K, reserved 1048576K
}
Event: 2.009 GC heap before
{Heap before GC invocations=2 (full 0):
 PSYoungGen      total 18944K, used 18933K [0x00000000eb200000, 0x00000000ec700000, 0x0000000100000000)
  eden space 16384K, 100% used [0x00000000eb200000,0x00000000ec200000,0x00000000ec200000)
  from space 2560K, 99% used [0x00000000ec200000,0x00000000ec47d560,0x00000000ec480000)
  to   space 2560K, 0% used [0x00000000ec480000,0x00000000ec480000,0x00000000ec700000)
 ParOldGen       total 44032K, used 1128K [0x00000000c1600000, 0x00000000c4100000, 0x00000000eb200000)
  object space 44032K, 2% used [0x00000000c1600000,0x00000000c171a388,0x00000000c4100000)
 Metaspace       used 8922K, capacity 9172K, committed 9344K, reserved 1056768K
  class space    used 1004K, capacity 1098K, committed 1152K, reserved 1048576K
Event: 2.019 GC heap after
Heap after GC invocations=2 (full 0):
 PSYoungGen      total 18944K, used 2528K [0x00000000eb200000, 0x00000000ed700000, 0x0000000100000000)
  eden space 16384K, 0% used [0x00000000eb200000,0x00000000eb200000,0x00000000ec200000)
  from space 2560K, 98% used [0x00000000ec480000,0x00000000ec6f8020,0x00000000ec700000)
  to   space 2560K, 0% used [0x00000000ec200000,0x00000000ec200000,0x00000000ec480000)
 ParOldGen       total 44032K, used 2887K [0x00000000c1600000, 0x00000000c4100000, 0x00000000eb200000)
  object space 44032K, 6% used [0x00000000c1600000,0x00000000c18d1c20,0x00000000c4100000)
 Metaspace       used 8922K, capacity 9172K, committed 9344K, reserved 1056768K
  class space    used 1004K, capacity 1098K, committed 1152K, reserved 1048576K
}
Event: 2.499 GC heap before
{Heap before GC invocations=3 (full 0):
 PSYoungGen      total 18944K, used 18912K [0x00000000eb200000, 0x00000000ed700000, 0x0000000100000000)
  eden space 16384K, 100% used [0x00000000eb200000,0x00000000ec200000,0x00000000ec200000)
  from space 2560K, 98% used [0x00000000ec480000,0x00000000ec6f8020,0x00000000ec700000)
  to   space 2560K, 0% used [0x00000000ec200000,0x00000000ec200000,0x00000000ec480000)
 ParOldGen       total 44032K, used 2887K [0x00000000c1600000, 0x00000000c4100000, 0x00000000eb200000)
  object space 44032K, 6% used [0x00000000c1600000,0x00000000c18d1c20,0x00000000c4100000)
 Metaspace       used 12371K, capacity 12580K, committed 12672K, reserved 1060864K
  class space    used 1322K, capacity 1404K, committed 1408K, reserved 1048576K
Event: 2.517 GC heap after
Heap after GC invocations=3 (full 0):
 PSYoungGen      total 18944K, used 2549K [0x00000000eb200000, 0x00000000ed700000, 0x0000000100000000)
  eden space 16384K, 0% used [0x00000000eb200000,0x00000000eb200000,0x00000000ec200000)
  from space 2560K, 99% used [0x00000000ec200000,0x00000000ec47d590,0x00000000ec480000)
  to   space 2560K, 0% used [0x00000000ed480000,0x00000000ed480000,0x00000000ed700000)
 ParOldGen       total 44032K, used 5895K [0x00000000c1600000, 0x00000000c4100000, 0x00000000eb200000)
  object space 44032K, 13% used [0x00000000c1600000,0x00000000c1bc1f58,0x00000000c4100000)
 Metaspace       used 12371K, capacity 12580K, committed 12672K, reserved 1060864K
  class space    used 1322K, capacity 1404K, committed 1408K, reserved 1048576K
}
Event: 2.706 GC heap before
{Heap before GC invocations=4 (full 0):
 PSYoungGen      total 18944K, used 10820K [0x00000000eb200000, 0x00000000ed700000, 0x0000000100000000)
  eden space 16384K, 50% used [0x00000000eb200000,0x00000000eba13cb8,0x00000000ec200000)
  from space 2560K, 99% used [0x00000000ec200000,0x00000000ec47d590,0x00000000ec480000)
  to   space 2560K, 0% used [0x00000000ed480000,0x00000000ed480000,0x00000000ed700000)
 ParOldGen       total 44032K, used 5895K [0x00000000c1600000, 0x00000000c4100000, 0x00000000eb200000)
  object space 44032K, 13% used [0x00000000c1600000,0x00000000c1bc1f58,0x00000000c4100000)
 Metaspace       used 13489K, capacity 13742K, committed 13952K, reserved 1064960K
  class space    used 1481K, capacity 1599K, committed 1664K, reserved 1048576K
Event: 2.713 GC heap after
Heap after GC invocations=4 (full 0):
 PSYoungGen      total 35328K, used 2549K [0x00000000eb200000, 0x00000000ed700000, 0x0000000100000000)
  eden space 32768K, 0% used [0x00000000eb200000,0x00000000eb200000,0x00000000ed200000)
  from space 2560K, 99% used [0x00000000ed480000,0x00000000ed6fd5a0,0x00000000ed700000)
  to   space 2560K, 0% used [0x00000000ed200000,0x00000000ed200000,0x00000000ed480000)
 ParOldGen       total 44032K, used 7234K [0x00000000c1600000, 0x00000000c4100000, 0x00000000eb200000)
  object space 44032K, 16% used [0x00000000c1600000,0x00000000c1d108f8,0x00000000c4100000)
 Metaspace       used 13489K, capacity 13742K, committed 13952K, reserved 1064960K
  class space    used 1481K, capacity 1599K, committed 1664K, reserved 1048576K
}
Event: 2.713 GC heap before
{Heap before GC invocations=5 (full 1):
 PSYoungGen      total 35328K, used 2549K [0x00000000eb200000, 0x00000000ed700000, 0x0000000100000000)
  eden space 32768K, 0% used [0x00000000eb200000,0x00000000eb200000,0x00000000ed200000)
  from space 2560K, 99% used [0x00000000ed480000,0x00000000ed6fd5a0,0x00000000ed700000)
  to   space 2560K, 0% used [0x00000000ed200000,0x00000000ed200000,0x00000000ed480000)
 ParOldGen       total 44032K, used 7234K [0x00000000c1600000, 0x00000000c4100000, 0x00000000eb200000)
  object space 44032K, 16% used [0x00000000c1600000,0x00000000c1d108f8,0x00000000c4100000)
 Metaspace       used 13489K, capacity 13742K, committed 13952K, reserved 1064960K
  class space    used 1481K, capacity 1599K, committed 1664K, reserved 1048576K
Event: 2.758 GC heap after
Heap after GC invocations=5 (full 1):
 PSYoungGen      total 35328K, used 0K [0x00000000eb200000, 0x00000000ed700000, 0x0000000100000000)
  eden space 32768K, 0% used [0x00000000eb200000,0x00000000eb200000,0x00000000ed200000)
  from space 2560K, 0% used [0x00000000ed480000,0x00000000ed480000,0x00000000ed700000)
  to   space 2560K, 0% used [0x00000000ed200000,0x00000000ed200000,0x00000000ed480000)
 ParOldGen       total 33280K, used 6097K [0x00000000c1600000, 0x00000000c3680000, 0x00000000eb200000)
  object space 33280K, 18% used [0x00000000c1600000,0x00000000c1bf46b0,0x00000000c3680000)
 Metaspace       used 13489K, capacity 13742K, committed 13952K, reserved 1062912K
  class space    used 1481K, capacity 1599K, committed 1664K, reserved 1048576K
}

Deoptimization events (10 events):
Event: 2.474 Thread 0x000001dd29836800 Uncommon trap: reason=bimorphic action=maybe_recompile pc=0x000001dd2b4a6814 method=java.util.HashMap.putVal(ILjava/lang/Object;Ljava/lang/Object;ZZ)Ljava/lang/Object; @ 91
Event: 2.474 Thread 0x000001dd29836800 Uncommon trap: reason=bimorphic action=maybe_recompile pc=0x000001dd2b4a6814 method=java.util.HashMap.putVal(ILjava/lang/Object;Ljava/lang/Object;ZZ)Ljava/lang/Object; @ 91
Event: 2.475 Thread 0x000001dd29836800 Uncommon trap: reason=bimorphic action=maybe_recompile pc=0x000001dd2b4a6814 method=java.util.HashMap.putVal(ILjava/lang/Object;Ljava/lang/Object;ZZ)Ljava/lang/Object; @ 91
Event: 2.531 Thread 0x000001dd29836800 Uncommon trap: reason=unstable_if action=reinterpret pc=0x000001dd2b399c98 method=java.util.Properties$LineReader.readLine()I @ 246
Event: 2.533 Thread 0x000001dd29836800 Uncommon trap: reason=unstable_if action=reinterpret pc=0x000001dd2b3ae8a8 method=java.lang.Integer.parseInt(Ljava/lang/String;I)I @ 122
Event: 2.628 Thread 0x000001dd29836800 Uncommon trap: reason=class_check action=maybe_recompile pc=0x000001dd2b46a364 method=java.util.regex.Pattern$Curly.match(Ljava/util/regex/Matcher;ILjava/lang/CharSequence;)Z @ 19
Event: 2.628 Thread 0x000001dd29836800 Uncommon trap: reason=class_check action=maybe_recompile pc=0x000001dd2b46a364 method=java.util.regex.Pattern$Curly.match(Ljava/util/regex/Matcher;ILjava/lang/CharSequence;)Z @ 19
Event: 2.628 Thread 0x000001dd29836800 Uncommon trap: reason=class_check action=maybe_recompile pc=0x000001dd2b46a364 method=java.util.regex.Pattern$Curly.match(Ljava/util/regex/Matcher;ILjava/lang/CharSequence;)Z @ 19
Event: 2.628 Thread 0x000001dd29836800 Uncommon trap: reason=class_check action=maybe_recompile pc=0x000001dd2b46a364 method=java.util.regex.Pattern$Curly.match(Ljava/util/regex/Matcher;ILjava/lang/CharSequence;)Z @ 19
Event: 2.648 Thread 0x000001dd29836800 Uncommon trap: reason=unstable_if action=reinterpret pc=0x000001dd2b5bc8ac method=java.io.WinNTFileSystem.isLetter(C)Z @ 3

Classes redefined (0 events):
No events

Internal exceptions (10 events):
Event: 0.601 Thread 0x000001dd29836800 Exception <a 'java/security/PrivilegedActionException'> (0x00000000eb5a34c8) thrown at [C:\jenkins\workspace\8-2-build-windows-amd64-cygwin\jdk8u271\605\hotspot\src\share\vm\prims\jvm.cpp, line 1512]
Event: 0.604 Thread 0x000001dd29836800 Exception <a 'java/lang/NoClassDefFoundError': org/slf4j/impl/StaticLoggerBinder> (0x00000000eb5bd4c8) thrown at [C:\jenkins\workspace\8-2-build-windows-amd64-cygwin\jdk8u271\605\hotspot\src\share\vm\classfile\systemDictionary.cpp, line 201]
Event: 0.796 Thread 0x000001dd29836800 Exception <a 'java/lang/NoSuchFieldError': method resolution failed> (0x00000000eba3a158) thrown at [C:\jenkins\workspace\8-2-build-windows-amd64-cygwin\jdk8u271\605\hotspot\src\share\vm\prims\methodHandles.cpp, line 1169]
Event: 0.800 Thread 0x000001dd29836800 Exception <a 'java/lang/NoSuchFieldError': method resolution failed> (0x00000000eba477d0) thrown at [C:\jenkins\workspace\8-2-build-windows-amd64-cygwin\jdk8u271\605\hotspot\src\share\vm\prims\methodHandles.cpp, line 1169]
Event: 2.300 Thread 0x000001dd29836800 Exception <a 'java/lang/NoSuchMethodError': java.lang.Object.lambda$create$0(Lorg/openqa/selenium/remote/http/HttpClient$Factory;)Z> (0x00000000ebb95bc0) thrown at [C:\jenkins\workspace\8-2-build-windows-amd64-cygwin\jdk8u271\605\hotspot\src\share\vm\inte
Event: 2.300 Thread 0x000001dd29836800 Exception <a 'java/lang/NoSuchMethodError': java.lang.Object.lambda$create$1(Ljava/lang/String;Lorg/openqa/selenium/remote/http/HttpClient$Factory;)Z> (0x00000000ebb98c40) thrown at [C:\jenkins\workspace\8-2-build-windows-amd64-cygwin\jdk8u271\605\hotspot
Event: 2.555 Thread 0x000001dd29836800 Exception <a 'java/lang/NoSuchMethodError': java.lang.Object.lambda$static$0(Lorg/asynchttpclient/uri/Uri;)Lorg/asynchttpclient/proxy/ProxyServer;> (0x00000000eb3ecd88) thrown at [C:\jenkins\workspace\8-2-build-windows-amd64-cygwin\jdk8u271\605\hotspot\sr
Event: 2.565 Thread 0x000001dd29836800 Exception <a 'java/lang/NoClassDefFoundError': org/apache/logging/log4j/spi/ExtendedLoggerWrapper> (0x00000000eb4667c8) thrown at [C:\jenkins\workspace\8-2-build-windows-amd64-cygwin\jdk8u271\605\hotspot\src\share\vm\classfile\systemDictionary.cpp, line 2
Event: 2.565 Thread 0x000001dd29836800 Exception <a 'java/lang/NoClassDefFoundError'> (0x00000000eb4667c8) thrown at [C:\jenkins\workspace\8-2-build-windows-amd64-cygwin\jdk8u271\605\hotspot\src\share\vm\prims\jvm.cpp, line 1516]
Event: 2.567 Thread 0x000001dd29836800 Exception <a 'java/lang/NoClassDefFoundError': org/apache/log4j/Priority> (0x00000000eb47e9d8) thrown at [C:\jenkins\workspace\8-2-build-windows-amd64-cygwin\jdk8u271\605\hotspot\src\share\vm\classfile\systemDictionary.cpp, line 201]

Events (10 events):
Event: 2.844 loading class io/netty/channel/SelectStrategyFactory
Event: 2.844 loading class io/netty/channel/SelectStrategyFactory done
Event: 2.845 loading class io/netty/util/concurrent/RejectedExecutionHandlers
Event: 2.845 loading class io/netty/util/concurrent/RejectedExecutionHandlers done
Event: 2.845 loading class io/netty/util/concurrent/RejectedExecutionHandler
Event: 2.845 loading class io/netty/util/concurrent/RejectedExecutionHandler done
Event: 2.845 loading class io/netty/util/concurrent/RejectedExecutionHandlers$1
Event: 2.845 loading class io/netty/util/concurrent/RejectedExecutionHandlers$1 done
Event: 2.846 loading class io/netty/util/concurrent/ThreadPerTaskExecutor
Event: 2.846 loading class io/netty/util/concurrent/ThreadPerTaskExecutor done


Dynamic libraries:
0x00007ff687970000 - 0x00007ff6879b7000 	C:\Program Files\Java\jre1.8.0_271\bin\javaw.exe
0x00007ff9c7e10000 - 0x00007ff9c8006000 	C:\Windows\SYSTEM32\ntdll.dll
0x00007ff9c7c40000 - 0x00007ff9c7cfd000 	C:\Windows\System32\KERNEL32.DLL
0x00007ff9c5870000 - 0x00007ff9c5b39000 	C:\Windows\System32\KERNELBASE.dll
0x00007ff9c6b40000 - 0x00007ff9c6bec000 	C:\Windows\System32\ADVAPI32.dll
0x00007ff9c6060000 - 0x00007ff9c60fe000 	C:\Windows\System32\msvcrt.dll
0x00007ff9c7aa0000 - 0x00007ff9c7b3c000 	C:\Windows\System32\sechost.dll
0x00007ff9c7970000 - 0x00007ff9c7a9b000 	C:\Windows\System32\RPCRT4.dll
0x00007ff9c7720000 - 0x00007ff9c78c0000 	C:\Windows\System32\USER32.dll
0x00007ff9c5550000 - 0x00007ff9c5572000 	C:\Windows\System32\win32u.dll
0x00007ff9c7c10000 - 0x00007ff9c7c3a000 	C:\Windows\System32\GDI32.dll
0x00007ff9c5680000 - 0x00007ff9c578b000 	C:\Windows\System32\gdi32full.dll
0x00007ff9c5c70000 - 0x00007ff9c5d0d000 	C:\Windows\System32\msvcp_win.dll
0x00007ff9c5580000 - 0x00007ff9c5680000 	C:\Windows\System32\ucrtbase.dll
0x00007ff9a9f00000 - 0x00007ff9aa19b000 	C:\Windows\WinSxS\amd64_microsoft.windows.common-controls_6595b64144ccf1df_6.0.19041.746_none_ca02b4b61b8320a4\COMCTL32.dll
0x00007ff9c7d90000 - 0x00007ff9c7dc0000 	C:\Windows\System32\IMM32.DLL
0x00007ff9bc790000 - 0x00007ff9bc7a5000 	C:\Program Files\Java\jre1.8.0_271\bin\vcruntime140.dll
0x00007ff9b5e70000 - 0x00007ff9b5f0b000 	C:\Program Files\Java\jre1.8.0_271\bin\msvcp140.dll
0x000000006f8c0000 - 0x000000007012f000 	C:\Program Files\Java\jre1.8.0_271\bin\server\jvm.dll
0x00007ff9c5f90000 - 0x00007ff9c5f98000 	C:\Windows\System32\PSAPI.DLL
0x00007ff9b9820000 - 0x00007ff9b982a000 	C:\Windows\SYSTEM32\VERSION.dll
0x00007ff9c2f10000 - 0x00007ff9c2f19000 	C:\Windows\SYSTEM32\WSOCK32.dll
0x00007ff9b0b90000 - 0x00007ff9b0bb7000 	C:\Windows\SYSTEM32\WINMM.dll
0x00007ff9c7ba0000 - 0x00007ff9c7c0b000 	C:\Windows\System32\WS2_32.dll
0x00007ff9c34b0000 - 0x00007ff9c34c2000 	C:\Windows\SYSTEM32\kernel.appcore.dll
0x00007ff9c2ee0000 - 0x00007ff9c2ef0000 	C:\Program Files\Java\jre1.8.0_271\bin\verify.dll
0x00007ff9bc730000 - 0x00007ff9bc75b000 	C:\Program Files\Java\jre1.8.0_271\bin\java.dll
0x00007ff9bc710000 - 0x00007ff9bc728000 	C:\Program Files\Java\jre1.8.0_271\bin\zip.dll
0x00007ff9c6dc0000 - 0x00007ff9c7503000 	C:\Windows\System32\SHELL32.dll
0x00007ff9c36b0000 - 0x00007ff9c3e3f000 	C:\Windows\SYSTEM32\windows.storage.dll
0x00007ff9c67d0000 - 0x00007ff9c6b26000 	C:\Windows\System32\combase.dll
0x00007ff9c4ee0000 - 0x00007ff9c4f0c000 	C:\Windows\SYSTEM32\Wldp.dll
0x00007ff9c78c0000 - 0x00007ff9c796e000 	C:\Windows\System32\SHCORE.dll
0x00007ff9c7b40000 - 0x00007ff9c7b95000 	C:\Windows\System32\shlwapi.dll
0x00007ff9c5480000 - 0x00007ff9c54a6000 	C:\Windows\SYSTEM32\profapi.dll
0x00007ff9b7590000 - 0x00007ff9b75b4000 	C:\Program Files\Java\jre1.8.0_271\bin\sunec.dll
0x00007ff9bbc60000 - 0x00007ff9bbc7c000 	C:\Program Files\Java\jre1.8.0_271\bin\net.dll
0x00007ff9c4c60000 - 0x00007ff9c4cca000 	C:\Windows\system32\mswsock.dll
0x00007ff9c4950000 - 0x00007ff9c498b000 	C:\Windows\SYSTEM32\IPHLPAPI.DLL
0x00007ff9c7dc0000 - 0x00007ff9c7dc8000 	C:\Windows\System32\NSI.dll
0x00007ff9bedd0000 - 0x00007ff9bede7000 	C:\Windows\SYSTEM32\dhcpcsvc6.DLL
0x00007ff9bf5f0000 - 0x00007ff9bf60d000 	C:\Windows\SYSTEM32\dhcpcsvc.DLL
0x00007ff9c4990000 - 0x00007ff9c4a5b000 	C:\Windows\SYSTEM32\DNSAPI.dll
0x00007ff9bbc40000 - 0x00007ff9bbc53000 	C:\Program Files\Java\jre1.8.0_271\bin\nio.dll
0x00007ff9c4e40000 - 0x00007ff9c4e58000 	C:\Windows\SYSTEM32\CRYPTSP.dll
0x00007ff9c4600000 - 0x00007ff9c4634000 	C:\Windows\system32\rsaenh.dll
0x00007ff9c5b40000 - 0x00007ff9c5b67000 	C:\Windows\System32\bcrypt.dll
0x00007ff9c53d0000 - 0x00007ff9c53fe000 	C:\Windows\SYSTEM32\USERENV.dll
0x00007ff9c57f0000 - 0x00007ff9c5870000 	C:\Windows\System32\bcryptprimitives.dll
0x00007ff9c4e30000 - 0x00007ff9c4e3c000 	C:\Windows\SYSTEM32\CRYPTBASE.dll
0x00007ff9bc920000 - 0x00007ff9bc92a000 	C:\Windows\System32\rasadhlp.dll
0x00007ff9bd350000 - 0x00007ff9bd3cf000 	C:\Windows\System32\fwpuclnt.dll
0x00007ff9be230000 - 0x00007ff9be414000 	C:\Windows\SYSTEM32\dbghelp.dll

VM Arguments:
jvm_args: -Dfile.encoding=Cp1252 
java_command: week2.day1.learnDropDown
java_class_path (initial): D:\Selenium\Mavenproject\target\classes;C:\Users\Dell\.m2\repository\org\seleniumhq\selenium\selenium-java\4.0.0-alpha-6\selenium-java-4.0.0-alpha-6.jar;C:\Users\Dell\.m2\repository\org\seleniumhq\selenium\selenium-api\4.0.0-alpha-6\selenium-api-4.0.0-alpha-6.jar;C:\Users\Dell\.m2\repository\org\seleniumhq\selenium\selenium-chrome-driver\4.0.0-alpha-6\selenium-chrome-driver-4.0.0-alpha-6.jar;C:\Users\Dell\.m2\repository\com\google\auto\service\auto-service-annotations\1.0-rc6\auto-service-annotations-1.0-rc6.jar;C:\Users\Dell\.m2\repository\com\google\auto\service\auto-service\1.0-rc6\auto-service-1.0-rc6.jar;C:\Users\Dell\.m2\repository\com\google\auto\auto-common\0.10\auto-common-0.10.jar;C:\Users\Dell\.m2\repository\com\google\guava\guava\29.0-jre\guava-29.0-jre.jar;C:\Users\Dell\.m2\repository\com\google\guava\failureaccess\1.0.1\failureaccess-1.0.1.jar;C:\Users\Dell\.m2\repository\com\google\guava\listenablefuture\9999.0-empty-to-avoid-conflict-with-guava\listenablefuture-9999.0-empty-to-avoid-conflict-with-guava.jar;C:\Users\Dell\.m2\repository\com\google\code\findbugs\jsr305\3.0.2\jsr305-3.0.2.jar;C:\Users\Dell\.m2\repository\org\checkerframework\checker-qual\2.11.1\checker-qual-2.11.1.jar;C:\Users\Dell\.m2\repository\com\google\errorprone\error_prone_annotations\2.3.4\error_prone_annotations-2.3.4.jar;C:\Users\Dell\.m2\repository\com\google\j2objc\j2objc-annotations\1.3\j2objc-annotations-1.3.jar;C:\Users\Dell\.m2\repository\org\seleniumhq\selenium\selenium-chromium-driver\4.0.0-alpha-6\selenium-chromium-driver-4.0.0-alpha-6.jar;C:\Users\Dell\.m2\repository\org\seleniumhq\selenium\selenium-devtools\4.0.0-alpha-6\selenium-devtools-4.0.0-alpha-6.jar;C:\Users\Dell\.m2\repository\org\seleniumhq\selenium\selenium-http\4.0.0-alpha-6\selenium-http-4.0.0-alpha-6.jar;C:\Users\Dell\.m2\repository\org\seleniumhq\selenium\selenium-json\4.0.0-alpha-6\selenium-json-4.0.0-alpha-6.jar;C:\Users\Dell\.m2\repository\org\seleniumhq\selenium\selenium
Launcher Type: SUN_STANDARD

Environment Variables:
PATH=C:/Program Files/Java/jre1.8.0_271/bin/server;C:/Program Files/Java/jre1.8.0_271/bin;C:/Program Files/Java/jre1.8.0_271/lib/amd64;C:\Program Files (x86)\Common Files\Oracle\Java\javapath;C:\Windows\system32;C:\Windows;C:\Windows\System32\Wbem;C:\Windows\System32\WindowsPowerShell\v1.0\;C:\Windows\System32\OpenSSH\;C:\Users\Dell\AppData\Local\Microsoft\WindowsApps;;C:\Users\Dell\Downloads\64bit\eclipse_64bit;
USERNAME=Dell
OS=Windows_NT
PROCESSOR_IDENTIFIER=Intel64 Family 6 Model 69 Stepping 1, GenuineIntel



---------------  S Y S T E M  ---------------

OS: Windows 10.0 , 64 bit Build 19041 (10.0.19041.662)

CPU:total 4 (initial active 4) (2 cores per cpu, 2 threads per core) family 6 model 69 stepping 1, cmov, cx8, fxsr, mmx, sse, sse2, sse3, ssse3, sse4.1, sse4.2, popcnt, avx, avx2, aes, clmul, erms, lzcnt, ht, tsc, tscinvbit, bmi1, bmi2

Memory: 4k page, physical 4096180k(344948k free), swap 16679092k(4228k free)

vm_info: Java HotSpot(TM) 64-Bit Server VM (25.271-b09) for windows-amd64 JRE (1.8.0_271-b09), built on Sep 16 2020 19:14:59 by "" with MS VC++ 15.9 (VS2017)

time: Thu Feb 25 21:06:18 2021
timezone: India Standard Time
elapsed time: 3.576728 seconds (0d 0h 0m 3s)

