#
# There is insufficient memory for the Java Runtime Environment to continue.
# Native memory allocation (malloc) failed to allocate 40176 bytes for Chunk::new
# Possible reasons:
#   The system is out of physical RAM or swap space
#   The process is running with CompressedOops enabled, and the Java Heap may be blocking the growth of the native heap
# Possible solutions:
#   Reduce memory load on the system
#   Increase physical memory or swap space
#   Check if swap backing store is full
#   Decrease Java heap size (-Xmx/-Xms)
#   Decrease number of Java threads
#   Decrease Java thread stack sizes (-Xss)
#   Set larger code cache with -XX:ReservedCodeCacheSize=
#   JVM is running with Unscaled Compressed Oops mode in which the Java heap is
#     placed in the first 4GB address space. The Java Heap base address is the
#     maximum limit for the native heap growth. Please use -XX:HeapBaseMinAddress
#     to set the Java Heap base and to place the Java Heap above 4GB virtual address.
# This output file may be truncated or incomplete.
#
#  Out of Memory Error (allocation.cpp:389), pid=10452, tid=0x00000000000036d4
#
# JRE version: Java(TM) SE Runtime Environment (8.0_271-b09) (build 1.8.0_271-b09)
# Java VM: Java HotSpot(TM) 64-Bit Server VM (25.271-b09 mixed mode windows-amd64 compressed oops)
# Failed to write core dump. Minidumps are not enabled by default on client versions of Windows
#

---------------  T H R E A D  ---------------

Current thread (0x000002cea45ee000):  JavaThread "C2 CompilerThread1" daemon [_thread_in_native, id=14036, stack(0x000000f0f2e00000,0x000000f0f2f00000)]

Stack: [0x000000f0f2e00000,0x000000f0f2f00000]
Native frames: (J=compiled Java code, j=interpreted, Vv=VM code, C=native code)
V  [jvm.dll+0x33f6c9]
V  [jvm.dll+0x286122]
V  [jvm.dll+0x286dcd]
V  [jvm.dll+0x27d805]
V  [jvm.dll+0xe574c]
V  [jvm.dll+0xe5f4c]
V  [jvm.dll+0xe5a9d]
V  [jvm.dll+0x1053e5]
V  [jvm.dll+0x49dec9]
V  [jvm.dll+0x452156]
V  [jvm.dll+0x44feb4]
V  [jvm.dll+0x43aef7]
V  [jvm.dll+0xbc3eb]
V  [jvm.dll+0xbaa4b]
V  [jvm.dll+0x24e7c2]
V  [jvm.dll+0x2a2dcc]
C  [ucrtbase.dll+0x214c2]
C  [KERNEL32.DLL+0x17034]
C  [ntdll.dll+0x4d0d1]


Current CompileTask:
C2:   3439  592       4       org.jacoco.agent.rt.internal_1f1cc91.asm.commons.AnalyzerAdapter::execute (1997 bytes)


---------------  P R O C E S S  ---------------

Java Threads: ( => current thread )
  0x000002ce8f3cc000 JavaThread "DestroyJavaVM" [_thread_blocked, id=12220, stack(0x000000f0f2200000,0x000000f0f2300000)]
  0x000002cea46d0800 JavaThread "Service Thread" daemon [_thread_blocked, id=4484, stack(0x000000f0f3000000,0x000000f0f3100000)]
  0x000002cea45f5000 JavaThread "C1 CompilerThread2" daemon [_thread_blocked, id=15528, stack(0x000000f0f2f00000,0x000000f0f3000000)]
=>0x000002cea45ee000 JavaThread "C2 CompilerThread1" daemon [_thread_in_native, id=14036, stack(0x000000f0f2e00000,0x000000f0f2f00000)]
  0x000002cea45ed000 JavaThread "C2 CompilerThread0" daemon [_thread_in_native, id=6448, stack(0x000000f0f2d00000,0x000000f0f2e00000)]
  0x000002cea2ebb800 JavaThread "Attach Listener" daemon [_thread_blocked, id=1864, stack(0x000000f0f2b00000,0x000000f0f2c00000)]
  0x000002cea2eba800 JavaThread "Signal Dispatcher" daemon [_thread_blocked, id=16400, stack(0x000000f0f2a00000,0x000000f0f2b00000)]
  0x000002cea2e9e800 JavaThread "Finalizer" daemon [_thread_blocked, id=8672, stack(0x000000f0f2900000,0x000000f0f2a00000)]
  0x000002cea2e74800 JavaThread "Reference Handler" daemon [_thread_blocked, id=14428, stack(0x000000f0f2800000,0x000000f0f2900000)]

Other Threads:
  0x000002cea2e6b800 VMThread [stack: 0x000000f0f2700000,0x000000f0f2800000] [id=14388]
  0x000002cea4687000 WatcherThread [stack: 0x000000f0f3100000,0x000000f0f3200000] [id=3536]

VM state:not at safepoint (normal execution)

VM Mutex/Monitor currently owned by a thread: None

OutOfMemory and StackOverflow Exception counts:
OutOfMemoryError java_heap_errors=2

heap address: 0x00000000c1600000, size: 1002 MB, Compressed Oops mode: 32-bit
Narrow klass base: 0x0000000000000000, Narrow klass shift: 3
Compressed class space size: 1073741824 Address: 0x0000000100000000

Heap:
 PSYoungGen      total 18944K, used 14281K [0x00000000eb200000, 0x00000000ec700000, 0x0000000100000000)
  eden space 16384K, 71% used [0x00000000eb200000,0x00000000ebd743f0,0x00000000ec200000)
  from space 2560K, 99% used [0x00000000ec200000,0x00000000ec47e380,0x00000000ec480000)
  to   space 2560K, 0% used [0x00000000ec480000,0x00000000ec480000,0x00000000ec700000)
 ParOldGen       total 44032K, used 24K [0x00000000c1600000, 0x00000000c4100000, 0x00000000eb200000)
  object space 44032K, 0% used [0x00000000c1600000,0x00000000c1606000,0x00000000c4100000)
 Metaspace       used 7337K, capacity 7414K, committed 7552K, reserved 1056768K
  class space    used 776K, capacity 785K, committed 896K, reserved 1048576K

Card table byte_map: [0x000002cea0000000,0x000002cea0200000] byte_map_base: 0x000002ce9f9f5000

Marking Bits: (ParMarkBitMap*) 0x00000000700b7fe0
 Begin Bits: [0x000002cea0350000, 0x000002cea12f8000)
 End Bits:   [0x000002cea12f8000, 0x000002cea22a0000)

Polling page: 0x000002ce8f370000

CodeCache: size=245760Kb used=3104Kb max_used=3104Kb free=242655Kb
 bounds [0x000002ce90c40000, 0x000002ce90f50000, 0x000002ce9fc40000]
 total_blobs=1009 nmethods=681 adapters=241
 compilation: enabled

Compilation events (10 events):
Event: 2.206 Thread 0x000002cea45f5000  670       3       sun.reflect.ReflectionFactory::langReflectAccess (15 bytes)
Event: 2.207 Thread 0x000002cea45f5000 nmethod 670 0x000002ce90f43250 code [0x000002ce90f433c0, 0x000002ce90f435d8]
Event: 2.207 Thread 0x000002cea45f5000  671       3       java.lang.reflect.AccessibleObject::<init> (5 bytes)
Event: 2.207 Thread 0x000002cea45f5000 nmethod 671 0x000002ce90f43690 code [0x000002ce90f437e0, 0x000002ce90f43998]
Event: 2.207 Thread 0x000002cea45f5000  672       1       java.lang.reflect.Field::getModifiers (5 bytes)
Event: 2.207 Thread 0x000002cea45f5000 nmethod 672 0x000002ce90f43e50 code [0x000002ce90f43fa0, 0x000002ce90f440b8]
Event: 2.207 Thread 0x000002cea45f5000  674       1       java.lang.reflect.Field::getType (5 bytes)
Event: 2.207 Thread 0x000002cea45f5000 nmethod 674 0x000002ce90f44110 code [0x000002ce90f44260, 0x000002ce90f44378]
Event: 2.207 Thread 0x000002cea45f5000  675       3       sun.reflect.Reflection::quickCheckMemberAccess (10 bytes)
Event: 2.207 Thread 0x000002cea45f5000 nmethod 675 0x000002ce90f443d0 code [0x000002ce90f44540, 0x000002ce90f44770]

GC Heap History (2 events):
Event: 1.737 GC heap before
{Heap before GC invocations=1 (full 0):
 PSYoungGen      total 18944K, used 16384K [0x00000000eb200000, 0x00000000ec700000, 0x0000000100000000)
  eden space 16384K, 100% used [0x00000000eb200000,0x00000000ec200000,0x00000000ec200000)
  from space 2560K, 0% used [0x00000000ec480000,0x00000000ec480000,0x00000000ec700000)
  to   space 2560K, 0% used [0x00000000ec200000,0x00000000ec200000,0x00000000ec480000)
 ParOldGen       total 44032K, used 0K [0x00000000c1600000, 0x00000000c4100000, 0x00000000eb200000)
  object space 44032K, 0% used [0x00000000c1600000,0x00000000c1600000,0x00000000c4100000)
 Metaspace       used 5647K, capacity 5750K, committed 5888K, reserved 1056768K
  class space    used 629K, capacity 657K, committed 768K, reserved 1048576K
Event: 1.742 GC heap after
Heap after GC invocations=1 (full 0):
 PSYoungGen      total 18944K, used 2552K [0x00000000eb200000, 0x00000000ec700000, 0x0000000100000000)
  eden space 16384K, 0% used [0x00000000eb200000,0x00000000eb200000,0x00000000ec200000)
  from space 2560K, 99% used [0x00000000ec200000,0x00000000ec47e380,0x00000000ec480000)
  to   space 2560K, 0% used [0x00000000ec480000,0x00000000ec480000,0x00000000ec700000)
 ParOldGen       total 44032K, used 24K [0x00000000c1600000, 0x00000000c4100000, 0x00000000eb200000)
  object space 44032K, 0% used [0x00000000c1600000,0x00000000c1606000,0x00000000c4100000)
 Metaspace       used 5647K, capacity 5750K, committed 5888K, reserved 1056768K
  class space    used 629K, capacity 657K, committed 768K, reserved 1048576K
}

Deoptimization events (6 events):
Event: 1.955 Thread 0x000002ce8f3cc000 Uncommon trap: reason=unstable_if action=reinterpret pc=0x000002ce90d95e78 method=sun.misc.URLClassPath.getLoader(I)Lsun/misc/URLClassPath$Loader; @ 36
Event: 1.955 Thread 0x000002ce8f3cc000 Uncommon trap: reason=unstable_if action=reinterpret pc=0x000002ce90d98550 method=sun.misc.URLClassPath.getLoader(I)Lsun/misc/URLClassPath$Loader; @ 36
Event: 1.955 Thread 0x000002ce8f3cc000 Uncommon trap: reason=unstable_if action=reinterpret pc=0x000002ce90d96714 method=sun.misc.URLClassPath$JarLoader.ensureOpen()V @ 4
Event: 2.160 Thread 0x000002ce8f3cc000 Uncommon trap: reason=unstable_if action=reinterpret pc=0x000002ce90f09b34 method=java.lang.String.lastIndexOf([CII[CIII)I @ 66
Event: 2.160 Thread 0x000002ce8f3cc000 Uncommon trap: reason=unstable_if action=reinterpret pc=0x000002ce90db6910 method=java.lang.String.lastIndexOf([CII[CIII)I @ 66
Event: 2.162 Thread 0x000002ce8f3cc000 Uncommon trap: reason=unstable_if action=reinterpret pc=0x000002ce90db43a0 method=java.util.zip.ZipCoder.encoder()Ljava/nio/charset/CharsetEncoder; @ 4

Classes redefined (0 events):
No events

Internal exceptions (10 events):
Event: 0.056 Thread 0x000002ce8f3cc000 Exception <a 'java/lang/NoSuchMethodError': Method sun.misc.Unsafe.defineClass(Ljava/lang/String;[BII)Ljava/lang/Class; name or signature does not match> (0x00000000eb207cc0) thrown at [C:\jenkins\workspace\8-2-build-windows-amd64-cygwin\jdk8u271\605\hots
Event: 0.056 Thread 0x000002ce8f3cc000 Exception <a 'java/lang/NoSuchMethodError': Method sun.misc.Unsafe.prefetchRead(Ljava/lang/Object;J)V name or signature does not match> (0x00000000eb207fa8) thrown at [C:\jenkins\workspace\8-2-build-windows-amd64-cygwin\jdk8u271\605\hotspot\src\share\vm\p
Event: 1.956 Thread 0x000002ce8f3cc000 Exception <a 'java/security/PrivilegedActionException'> (0x00000000eb5a4928) thrown at [C:\jenkins\workspace\8-2-build-windows-amd64-cygwin\jdk8u271\605\hotspot\src\share\vm\prims\jvm.cpp, line 1512]
Event: 1.956 Thread 0x000002ce8f3cc000 Exception <a 'java/security/PrivilegedActionException'> (0x00000000eb5a4b38) thrown at [C:\jenkins\workspace\8-2-build-windows-amd64-cygwin\jdk8u271\605\hotspot\src\share\vm\prims\jvm.cpp, line 1512]
Event: 1.957 Thread 0x000002ce8f3cc000 Exception <a 'java/security/PrivilegedActionException'> (0x00000000eb5a8820) thrown at [C:\jenkins\workspace\8-2-build-windows-amd64-cygwin\jdk8u271\605\hotspot\src\share\vm\prims\jvm.cpp, line 1512]
Event: 1.957 Thread 0x000002ce8f3cc000 Exception <a 'java/security/PrivilegedActionException'> (0x00000000eb5a8a30) thrown at [C:\jenkins\workspace\8-2-build-windows-amd64-cygwin\jdk8u271\605\hotspot\src\share\vm\prims\jvm.cpp, line 1512]
Event: 1.958 Thread 0x000002ce8f3cc000 Exception <a 'java/lang/NoClassDefFoundError': org/slf4j/impl/StaticLoggerBinder> (0x00000000eb5bb950) thrown at [C:\jenkins\workspace\8-2-build-windows-amd64-cygwin\jdk8u271\605\hotspot\src\share\vm\classfile\systemDictionary.cpp, line 201]
Event: 2.162 Thread 0x000002ce8f3cc000 Implicit null exception at 0x000002ce90db3ba5 to 0x000002ce90db4381
Event: 2.205 Thread 0x000002ce8f3cc000 Exception <a 'java/lang/OutOfMemoryError'> (0x00000000ebc97320) thrown at [C:\jenkins\workspace\8-2-build-windows-amd64-cygwin\jdk8u271\605\hotspot\src\share\vm\prims\jni.cpp, line 737]
Event: 2.205 Thread 0x000002ce8f3cc000 Exception <a 'java/lang/OutOfMemoryError'> (0x00000000ebc97320) thrown at [C:\jenkins\workspace\8-2-build-windows-amd64-cygwin\jdk8u271\605\hotspot\src\share\vm\prims\jvm.cpp, line 1516]

Events (10 events):
Event: 2.195 loading class java/net/UnknownHostException done
Event: 2.196 loading class org/apache/hc/client5/http/auth/Credentials
Event: 2.196 loading class org/apache/hc/client5/http/auth/Credentials done
Event: 2.196 loading class org/apache/hc/client5/http/auth/CredentialsProvider
Event: 2.196 loading class org/apache/hc/client5/http/auth/CredentialsProvider done
Event: 2.197 loading class org/apache/hc/client5/http/impl/classic/HttpClientBuilder
Event: 2.197 loading class org/apache/hc/client5/http/impl/classic/HttpClientBuilder done
Event: 2.206 loading class sun/reflect/UnsafeObjectFieldAccessorImpl
Event: 2.207 loading class sun/reflect/UnsafeObjectFieldAccessorImpl done
Event: 2.207 loading class java/lang/Throwable$WrappedPrintStream


Dynamic libraries:
0x00007ff687970000 - 0x00007ff6879b7000 	C:\Program Files\Java\jre1.8.0_271\bin\javaw.exe
0x00007ff9c7e10000 - 0x00007ff9c8006000 	C:\Windows\SYSTEM32\ntdll.dll
0x00007ff9c7c40000 - 0x00007ff9c7cfd000 	C:\Windows\System32\KERNEL32.DLL
0x00007ff9c5870000 - 0x00007ff9c5b39000 	C:\Windows\System32\KERNELBASE.dll
0x00007ff9c6b40000 - 0x00007ff9c6bec000 	C:\Windows\System32\ADVAPI32.dll
0x00007ff9c6060000 - 0x00007ff9c60fe000 	C:\Windows\System32\msvcrt.dll
0x00007ff9c7aa0000 - 0x00007ff9c7b3c000 	C:\Windows\System32\sechost.dll
0x00007ff9c7970000 - 0x00007ff9c7a9b000 	C:\Windows\System32\RPCRT4.dll
0x00007ff9c7720000 - 0x00007ff9c78c0000 	C:\Windows\System32\USER32.dll
0x00007ff9c5550000 - 0x00007ff9c5572000 	C:\Windows\System32\win32u.dll
0x00007ff9c7c10000 - 0x00007ff9c7c3a000 	C:\Windows\System32\GDI32.dll
0x00007ff9c5680000 - 0x00007ff9c578b000 	C:\Windows\System32\gdi32full.dll
0x00007ff9c5c70000 - 0x00007ff9c5d0d000 	C:\Windows\System32\msvcp_win.dll
0x00007ff9c5580000 - 0x00007ff9c5680000 	C:\Windows\System32\ucrtbase.dll
0x00007ff9a9f00000 - 0x00007ff9aa19b000 	C:\Windows\WinSxS\amd64_microsoft.windows.common-controls_6595b64144ccf1df_6.0.19041.746_none_ca02b4b61b8320a4\COMCTL32.dll
0x00007ff9c7d90000 - 0x00007ff9c7dc0000 	C:\Windows\System32\IMM32.DLL
0x00007ff9bc790000 - 0x00007ff9bc7a5000 	C:\Program Files\Java\jre1.8.0_271\bin\vcruntime140.dll
0x00007ff9b5e70000 - 0x00007ff9b5f0b000 	C:\Program Files\Java\jre1.8.0_271\bin\msvcp140.dll
0x000000006f8c0000 - 0x000000007012f000 	C:\Program Files\Java\jre1.8.0_271\bin\server\jvm.dll
0x00007ff9c5f90000 - 0x00007ff9c5f98000 	C:\Windows\System32\PSAPI.DLL
0x00007ff9b9820000 - 0x00007ff9b982a000 	C:\Windows\SYSTEM32\VERSION.dll
0x00007ff9b0b90000 - 0x00007ff9b0bb7000 	C:\Windows\SYSTEM32\WINMM.dll
0x00007ff9c2f10000 - 0x00007ff9c2f19000 	C:\Windows\SYSTEM32\WSOCK32.dll
0x00007ff9c7ba0000 - 0x00007ff9c7c0b000 	C:\Windows\System32\WS2_32.dll
0x00007ff9c34b0000 - 0x00007ff9c34c2000 	C:\Windows\SYSTEM32\kernel.appcore.dll
0x00007ff9c2ee0000 - 0x00007ff9c2ef0000 	C:\Program Files\Java\jre1.8.0_271\bin\verify.dll
0x00007ff9bc730000 - 0x00007ff9bc75b000 	C:\Program Files\Java\jre1.8.0_271\bin\java.dll
0x00007ff9b5e40000 - 0x00007ff9b5e70000 	C:\Program Files\Java\jre1.8.0_271\bin\instrument.dll
0x00007ff9bc710000 - 0x00007ff9bc728000 	C:\Program Files\Java\jre1.8.0_271\bin\zip.dll
0x00007ff9c6dc0000 - 0x00007ff9c7503000 	C:\Windows\System32\SHELL32.dll
0x00007ff9c36b0000 - 0x00007ff9c3e3f000 	C:\Windows\SYSTEM32\windows.storage.dll
0x00007ff9c67d0000 - 0x00007ff9c6b26000 	C:\Windows\System32\combase.dll
0x00007ff9c4ee0000 - 0x00007ff9c4f0c000 	C:\Windows\SYSTEM32\Wldp.dll
0x00007ff9c78c0000 - 0x00007ff9c796e000 	C:\Windows\System32\SHCORE.dll
0x00007ff9c7b40000 - 0x00007ff9c7b95000 	C:\Windows\System32\shlwapi.dll
0x00007ff9c5480000 - 0x00007ff9c54a6000 	C:\Windows\SYSTEM32\profapi.dll
0x00007ff9bbc60000 - 0x00007ff9bbc7c000 	C:\Program Files\Java\jre1.8.0_271\bin\net.dll
0x00007ff9c4c60000 - 0x00007ff9c4cca000 	C:\Windows\system32\mswsock.dll
0x00007ff9aceb0000 - 0x00007ff9acec7000 	C:\Windows\system32\napinsp.dll
0x00007ff9aced0000 - 0x00007ff9aceeb000 	C:\Windows\system32\pnrpnsp.dll
0x00007ff9c0150000 - 0x00007ff9c0165000 	C:\Windows\system32\wshbth.dll
0x00007ff9bfee0000 - 0x00007ff9bfefd000 	C:\Windows\system32\NLAapi.dll
0x00007ff9c4950000 - 0x00007ff9c498b000 	C:\Windows\SYSTEM32\IPHLPAPI.DLL
0x00007ff9c4990000 - 0x00007ff9c4a5b000 	C:\Windows\SYSTEM32\DNSAPI.dll
0x00007ff9c7dc0000 - 0x00007ff9c7dc8000 	C:\Windows\System32\NSI.dll
0x00007ff9acef0000 - 0x00007ff9acf02000 	C:\Windows\System32\winrnr.dll
0x00007ff9bc920000 - 0x00007ff9bc92a000 	C:\Windows\System32\rasadhlp.dll
0x00007ff9bd350000 - 0x00007ff9bd3cf000 	C:\Windows\System32\fwpuclnt.dll
0x00007ff9c5b40000 - 0x00007ff9c5b67000 	C:\Windows\System32\bcrypt.dll
0x00007ff9be230000 - 0x00007ff9be414000 	C:\Windows\SYSTEM32\dbghelp.dll
0x00007ff9c57f0000 - 0x00007ff9c5870000 	C:\Windows\System32\bcryptPrimitives.dll

VM Arguments:
jvm_args: -javaagent:C:\Users\Dell\Downloads\64bit\eclipse_64bit\configuration\org.eclipse.osgi\453\0\.cp\jacocoagent.jar=includes=*,excludes=,exclclassloader=sun.reflect.DelegatingClassLoader,output=tcpclient,port=49883 -Dfile.encoding=Cp1252 
java_command: week2.day1.learnDropDown
java_class_path (initial): D:\Selenium\Mavenproject\target\classes;C:\Users\Dell\.m2\repository\org\seleniumhq\selenium\selenium-java\4.0.0-alpha-6\selenium-java-4.0.0-alpha-6.jar;C:\Users\Dell\.m2\repository\org\seleniumhq\selenium\selenium-api\4.0.0-alpha-6\selenium-api-4.0.0-alpha-6.jar;C:\Users\Dell\.m2\repository\org\seleniumhq\selenium\selenium-chrome-driver\4.0.0-alpha-6\selenium-chrome-driver-4.0.0-alpha-6.jar;C:\Users\Dell\.m2\repository\com\google\auto\service\auto-service-annotations\1.0-rc6\auto-service-annotations-1.0-rc6.jar;C:\Users\Dell\.m2\repository\com\google\auto\service\auto-service\1.0-rc6\auto-service-1.0-rc6.jar;C:\Users\Dell\.m2\repository\com\google\auto\auto-common\0.10\auto-common-0.10.jar;C:\Users\Dell\.m2\repository\com\google\guava\guava\29.0-jre\guava-29.0-jre.jar;C:\Users\Dell\.m2\repository\com\google\guava\failureaccess\1.0.1\failureaccess-1.0.1.jar;C:\Users\Dell\.m2\repository\com\google\guava\listenablefuture\9999.0-empty-to-avoid-conflict-with-guava\listenablefuture-9999.0-empty-to-avoid-conflict-with-guava.jar;C:\Users\Dell\.m2\repository\com\google\code\findbugs\jsr305\3.0.2\jsr305-3.0.2.jar;C:\Users\Dell\.m2\repository\org\checkerframework\checker-qual\2.11.1\checker-qual-2.11.1.jar;C:\Users\Dell\.m2\repository\com\google\errorprone\error_prone_annotations\2.3.4\error_prone_annotations-2.3.4.jar;C:\Users\Dell\.m2\repository\com\google\j2objc\j2objc-annotations\1.3\j2objc-annotations-1.3.jar;C:\Users\Dell\.m2\repository\org\seleniumhq\selenium\selenium-chromium-driver\4.0.0-alpha-6\selenium-chromium-driver-4.0.0-alpha-6.jar;C:\Users\Dell\.m2\repository\org\seleniumhq\selenium\selenium-devtools\4.0.0-alpha-6\selenium-devtools-4.0.0-alpha-6.jar;C:\Users\Dell\.m2\repository\org\seleniumhq\selenium\selenium-http\4.0.0-alpha-6\selenium-http-4.0.0-alpha-6.jar;C:\Users\Dell\.m2\repository\org\seleniumhq\selenium\selenium-json\4.0.0-alpha-6\selenium-json-4.0.0-alpha-6.jar;C:\Users\Dell\.m2\repository\org\seleniumhq\selenium\selenium
Launcher Type: SUN_STANDARD

Environment Variables:
PATH=C:/Program Files/Java/jre1.8.0_271/bin/server;C:/Program Files/Java/jre1.8.0_271/bin;C:/Program Files/Java/jre1.8.0_271/lib/amd64;C:\Program Files (x86)\Common Files\Oracle\Java\javapath;C:\Windows\system32;C:\Windows;C:\Windows\System32\Wbem;C:\Windows\System32\WindowsPowerShell\v1.0\;C:\Windows\System32\OpenSSH\;C:\Users\Dell\AppData\Local\Microsoft\WindowsApps;;C:\Users\Dell\Downloads\64bit\eclipse_64bit;
USERNAME=Dell
OS=Windows_NT
PROCESSOR_IDENTIFIER=Intel64 Family 6 Model 69 Stepping 1, GenuineIntel



---------------  S Y S T E M  ---------------

OS: Windows 10.0 , 64 bit Build 19041 (10.0.19041.662)

CPU:total 4 (initial active 4) (2 cores per cpu, 2 threads per core) family 6 model 69 stepping 1, cmov, cx8, fxsr, mmx, sse, sse2, sse3, ssse3, sse4.1, sse4.2, popcnt, avx, avx2, aes, clmul, erms, lzcnt, ht, tsc, tscinvbit, bmi1, bmi2

Memory: 4k page, physical 4096180k(243876k free), swap 16679092k(4644k free)

vm_info: Java HotSpot(TM) 64-Bit Server VM (25.271-b09) for windows-amd64 JRE (1.8.0_271-b09), built on Sep 16 2020 19:14:59 by "" with MS VC++ 15.9 (VS2017)

time: Thu Feb 25 21:08:05 2021
timezone: India Standard Time
elapsed time: 3.614950 seconds (0d 0h 0m 3s)

