#
# There is insufficient memory for the Java Runtime Environment to continue.
# Native memory allocation (malloc) failed to allocate 218416 bytes for Chunk::new
# Possible reasons:
#   The system is out of physical RAM or swap space
#   The process is running with CompressedOops enabled, and the Java Heap may be blocking the growth of the native heap
# Possible solutions:
#   Reduce memory load on the system
#   Increase physical memory or swap space
#   Check if swap backing store is full
#   Decrease Java heap size (-Xmx/-Xms)
#   Decrease number of Java threads
#   Decrease Java thread stack sizes (-Xss)
#   Set larger code cache with -XX:ReservedCodeCacheSize=
#   JVM is running with Unscaled Compressed Oops mode in which the Java heap is
#     placed in the first 4GB address space. The Java Heap base address is the
#     maximum limit for the native heap growth. Please use -XX:HeapBaseMinAddress
#     to set the Java Heap base and to place the Java Heap above 4GB virtual address.
# This output file may be truncated or incomplete.
#
#  Out of Memory Error (allocation.cpp:389), pid=804, tid=0x0000000000003fc4
#
# JRE version: Java(TM) SE Runtime Environment (8.0_271-b09) (build 1.8.0_271-b09)
# Java VM: Java HotSpot(TM) 64-Bit Server VM (25.271-b09 mixed mode windows-amd64 compressed oops)
# Failed to write core dump. Minidumps are not enabled by default on client versions of Windows
#

---------------  T H R E A D  ---------------

Current thread (0x0000013db6504800):  JavaThread "C2 CompilerThread1" daemon [_thread_in_native, id=16324, stack(0x0000003442e00000,0x0000003442f00000)]

Stack: [0x0000003442e00000,0x0000003442f00000]
Native frames: (J=compiled Java code, j=interpreted, Vv=VM code, C=native code)
V  [jvm.dll+0x33f6c9]
V  [jvm.dll+0x286122]
V  [jvm.dll+0x286dcd]
V  [jvm.dll+0x27d805]
V  [jvm.dll+0xe574c]
V  [jvm.dll+0xe5f4c]
V  [VERSION.dll+0x462b72]
V  [jvm.dll+0x49df9d]
V  [ADVAPI32.dll+0x452bf1]
V  [VERSION.dll+0x44feb4]
V  [msvcp140.dll+0x43aef7]
V  [jvm.dll+0xbc3eb]
V  [jvm.dll+0xbaa4b]
V  [jvm.dll+0x24e7c2]
V  [kernel.appcore.dll+0x2a2dcc]
C  [ucrtbase.dll+0x214c2]
C  [KERNEL32.DLL+0x17034]
C  [ntdll.dll+0x4d0d1]


Current CompileTask:
C2:   1434  861       4       sun.security.provider.SHA2::implCompress (331 bytes)


---------------  P R O C E S S  ---------------

Java Threads: ( => current thread )
  0x0000013db6580000 JavaThread "Service Thread" daemon [_thread_blocked, id=16288, stack(0x0000003443000000,0x0000003443100000)]
  0x0000013db650b000 JavaThread "C1 CompilerThread2" daemon [_thread_in_vm, id=15784, stack(0x0000003442f00000,0x0000003443000000)]
=>0x0000013db6504800 JavaThread "C2 CompilerThread1" daemon [_thread_in_native, id=16324, stack(0x0000003442e00000,0x0000003442f00000)]
  0x0000013db64f7800 JavaThread "C2 CompilerThread0" daemon [_thread_in_native, id=5900, stack(0x0000003442d00000,0x0000003442e00000)]
  0x0000013db64f3000 JavaThread "Attach Listener" daemon [_thread_blocked, id=15060, stack(0x0000003442c00000,0x0000003442d00000)]
  0x0000013db64f2000 JavaThread "Signal Dispatcher" daemon [_thread_blocked, id=5712, stack(0x0000003442b00000,0x0000003442c00000)]
  0x0000013db64d4000 JavaThread "Finalizer" daemon [_thread_blocked, id=13904, stack(0x0000003442900000,0x0000003442a00000)]
  0x0000013db64aa800 JavaThread "Reference Handler" daemon [_thread_blocked, id=9300, stack(0x0000003442800000,0x0000003442900000)]
  0x0000013da2396000 JavaThread "main" [_thread_in_Java, id=6660, stack(0x0000003442200000,0x0000003442300000)]

Other Threads:
  0x0000013db64a2800 VMThread [stack: 0x0000003442700000,0x0000003442800000] [id=16616]
  0x0000013db65f5000 WatcherThread [stack: 0x0000003443100000,0x0000003443200000] [id=6668]

VM state:not at safepoint (normal execution)

VM Mutex/Monitor currently owned by a thread: None

heap address: 0x00000000c1600000, size: 1002 MB, Compressed Oops mode: 32-bit
Narrow klass base: 0x0000000000000000, Narrow klass shift: 3
Compressed class space size: 1073741824 Address: 0x0000000100000000

Heap:
 PSYoungGen      total 18944K, used 6205K [0x00000000eb200000, 0x00000000ec700000, 0x0000000100000000)
  eden space 16384K, 22% used [0x00000000eb200000,0x00000000eb5920e0,0x00000000ec200000)
  from space 2560K, 99% used [0x00000000ec200000,0x00000000ec47d560,0x00000000ec480000)
  to   space 2560K, 0% used [0x00000000ec480000,0x00000000ec480000,0x00000000ec700000)
 ParOldGen       total 44032K, used 1119K [0x00000000c1600000, 0x00000000c4100000, 0x00000000eb200000)
  object space 44032K, 2% used [0x00000000c1600000,0x00000000c1717db0,0x00000000c4100000)
 Metaspace       used 8017K, capacity 8238K, committed 8448K, reserved 1056768K
  class space    used 873K, capacity 934K, committed 1024K, reserved 1048576K

Card table byte_map: [0x0000013db30f0000,0x0000013db32f0000] byte_map_base: 0x0000013db2ae5000

Marking Bits: (ParMarkBitMap*) 0x00000000702d7fe0
 Begin Bits: [0x0000013db3440000, 0x0000013db43e8000)
 End Bits:   [0x0000013db43e8000, 0x0000013db5390000)

Polling page: 0x0000013da2300000

CodeCache: size=245760Kb used=3351Kb max_used=3351Kb free=242408Kb
 bounds [0x0000013da3d30000, 0x0000013da4080000, 0x0000013db2d30000]
 total_blobs=1255 nmethods=917 adapters=251
 compilation: enabled

Compilation events (10 events):
Event: 1.335 Thread 0x0000013db650b000 nmethod 859 0x0000013da4047390 code [0x0000013da4047500, 0x0000013da40477b8]
Event: 1.335 Thread 0x0000013db650b000  856       3       java.util.HashMap::entrySet (27 bytes)
Event: 1.336 Thread 0x0000013db650b000 nmethod 856 0x0000013da40478d0 code [0x0000013da4047a60, 0x0000013da4047e18]
Event: 1.336 Thread 0x0000013db650b000  857       3       java.util.HashMap$EntrySet::iterator (12 bytes)
Event: 1.336 Thread 0x0000013db650b000 nmethod 857 0x0000013da4047fd0 code [0x0000013da4048140, 0x0000013da40483b0]
Event: 1.336 Thread 0x0000013db650b000  860   !   3       sun.security.x509.AlgorithmId::getName (92 bytes)
Event: 1.336 Thread 0x0000013db6504800  861       4       sun.security.provider.SHA2::implCompress (331 bytes)
Event: 1.338 Thread 0x0000013db650b000 nmethod 860 0x0000013da4048490 code [0x0000013da40487a0, 0x0000013da404a170]
Event: 1.341 Thread 0x0000013db64f7800  862 %     4       java.math.BigInteger::multiplyToLen @ 135 (216 bytes)
Event: 1.345 Thread 0x0000013db650b000  863       3       sun.security.util.SignatureFileVerifier::updateSigners (132 bytes)

GC Heap History (2 events):
Event: 1.285 GC heap before
{Heap before GC invocations=1 (full 0):
 PSYoungGen      total 18944K, used 16384K [0x00000000eb200000, 0x00000000ec700000, 0x0000000100000000)
  eden space 16384K, 100% used [0x00000000eb200000,0x00000000ec200000,0x00000000ec200000)
  from space 2560K, 0% used [0x00000000ec480000,0x00000000ec480000,0x00000000ec700000)
  to   space 2560K, 0% used [0x00000000ec200000,0x00000000ec200000,0x00000000ec480000)
 ParOldGen       total 44032K, used 0K [0x00000000c1600000, 0x00000000c4100000, 0x00000000eb200000)
  object space 44032K, 0% used [0x00000000c1600000,0x00000000c1600000,0x00000000c4100000)
 Metaspace       used 7895K, capacity 8136K, committed 8448K, reserved 1056768K
  class space    used 861K, capacity 901K, committed 1024K, reserved 1048576K
Event: 1.299 GC heap after
Heap after GC invocations=1 (full 0):
 PSYoungGen      total 18944K, used 2549K [0x00000000eb200000, 0x00000000ec700000, 0x0000000100000000)
  eden space 16384K, 0% used [0x00000000eb200000,0x00000000eb200000,0x00000000ec200000)
  from space 2560K, 99% used [0x00000000ec200000,0x00000000ec47d560,0x00000000ec480000)
  to   space 2560K, 0% used [0x00000000ec480000,0x00000000ec480000,0x00000000ec700000)
 ParOldGen       total 44032K, used 1119K [0x00000000c1600000, 0x00000000c4100000, 0x00000000eb200000)
  object space 44032K, 2% used [0x00000000c1600000,0x00000000c1717db0,0x00000000c4100000)
 Metaspace       used 7895K, capacity 8136K, committed 8448K, reserved 1056768K
  class space    used 861K, capacity 901K, committed 1024K, reserved 1048576K
}

Deoptimization events (8 events):
Event: 0.252 Thread 0x0000013da2396000 Uncommon trap: reason=unstable_if action=reinterpret pc=0x0000013da3e43720 method=java.lang.String.hashCode()I @ 14
Event: 0.668 Thread 0x0000013da2396000 Uncommon trap: reason=unstable_if action=reinterpret pc=0x0000013da3efe318 method=java.util.Properties.loadConvert([CII[C)Ljava/lang/String; @ 4
Event: 0.676 Thread 0x0000013da2396000 Uncommon trap: reason=unstable_if action=reinterpret pc=0x0000013da3f53c38 method=java.lang.String.indexOf([CII[CIII)I @ 3
Event: 0.686 Thread 0x0000013da2396000 Uncommon trap: reason=unstable_if action=reinterpret pc=0x0000013da3f1a0ac method=sun.misc.MetaIndex.mayContain(Ljava/lang/String;)Z @ 38
Event: 0.909 Thread 0x0000013da2396000 Uncommon trap: reason=unstable_if action=reinterpret pc=0x0000013da3fdafec method=java.io.ByteArrayInputStream.read([BII)I @ 63
Event: 0.956 Thread 0x0000013da2396000 Uncommon trap: reason=unstable_if action=reinterpret pc=0x0000013da3fb4ad0 method=java.io.ByteArrayInputStream.read()I @ 8
Event: 0.964 Thread 0x0000013da2396000 Uncommon trap: reason=class_check action=maybe_recompile pc=0x0000013da40190dc method=java.util.regex.Pattern$BmpCharProperty.match(Ljava/util/regex/Matcher;ILjava/lang/CharSequence;)Z @ 31
Event: 0.964 Thread 0x0000013da2396000 Uncommon trap: reason=unstable_if action=reinterpret pc=0x0000013da4019078 method=java.util.regex.Pattern$BmpCharProperty.match(Ljava/util/regex/Matcher;ILjava/lang/CharSequence;)Z @ 5

Classes redefined (0 events):
No events

Internal exceptions (9 events):
Event: 0.049 Thread 0x0000013da2396000 Exception <a 'java/lang/NoSuchMethodError': Method sun.misc.Unsafe.defineClass(Ljava/lang/String;[BII)Ljava/lang/Class; name or signature does not match> (0x00000000eb207cc0) thrown at [C:\jenkins\workspace\8-2-build-windows-amd64-cygwin\jdk8u271\605\hots
Event: 0.049 Thread 0x0000013da2396000 Exception <a 'java/lang/NoSuchMethodError': Method sun.misc.Unsafe.prefetchRead(Ljava/lang/Object;J)V name or signature does not match> (0x00000000eb207fa8) thrown at [C:\jenkins\workspace\8-2-build-windows-amd64-cygwin\jdk8u271\605\hotspot\src\share\vm\p
Event: 0.414 Thread 0x0000013da2396000 Exception <a 'java/security/PrivilegedActionException'> (0x00000000eb59f448) thrown at [C:\jenkins\workspace\8-2-build-windows-amd64-cygwin\jdk8u271\605\hotspot\src\share\vm\prims\jvm.cpp, line 1512]
Event: 0.414 Thread 0x0000013da2396000 Exception <a 'java/security/PrivilegedActionException'> (0x00000000eb59f658) thrown at [C:\jenkins\workspace\8-2-build-windows-amd64-cygwin\jdk8u271\605\hotspot\src\share\vm\prims\jvm.cpp, line 1512]
Event: 0.415 Thread 0x0000013da2396000 Exception <a 'java/security/PrivilegedActionException'> (0x00000000eb5a32c8) thrown at [C:\jenkins\workspace\8-2-build-windows-amd64-cygwin\jdk8u271\605\hotspot\src\share\vm\prims\jvm.cpp, line 1512]
Event: 0.415 Thread 0x0000013da2396000 Exception <a 'java/security/PrivilegedActionException'> (0x00000000eb5a34d8) thrown at [C:\jenkins\workspace\8-2-build-windows-amd64-cygwin\jdk8u271\605\hotspot\src\share\vm\prims\jvm.cpp, line 1512]
Event: 0.417 Thread 0x0000013da2396000 Exception <a 'java/lang/NoClassDefFoundError': org/slf4j/impl/StaticLoggerBinder> (0x00000000eb5bd4d8) thrown at [C:\jenkins\workspace\8-2-build-windows-amd64-cygwin\jdk8u271\605\hotspot\src\share\vm\classfile\systemDictionary.cpp, line 201]
Event: 0.629 Thread 0x0000013da2396000 Exception <a 'java/lang/NoSuchFieldError': method resolution failed> (0x00000000eba3a390) thrown at [C:\jenkins\workspace\8-2-build-windows-amd64-cygwin\jdk8u271\605\hotspot\src\share\vm\prims\methodHandles.cpp, line 1169]
Event: 0.632 Thread 0x0000013da2396000 Exception <a 'java/lang/NoSuchFieldError': method resolution failed> (0x00000000eba47730) thrown at [C:\jenkins\workspace\8-2-build-windows-amd64-cygwin\jdk8u271\605\hotspot\src\share\vm\prims\methodHandles.cpp, line 1169]

Events (10 events):
Event: 1.338 Thread 0x0000013da2396000 DEOPT PACKING pc=0x0000013da3f7fbae sp=0x00000034422fbf90
Event: 1.338 Thread 0x0000013da2396000 DEOPT UNPACKING pc=0x0000013da3d77898 sp=0x00000034422fbcd0 mode 0
Event: 1.343 Thread 0x0000013da2396000 DEOPT PACKING pc=0x0000013da3f7fbae sp=0x00000034422fc1d0
Event: 1.343 Thread 0x0000013da2396000 DEOPT UNPACKING pc=0x0000013da3d77898 sp=0x00000034422fbf10 mode 0
Event: 1.344 Thread 0x0000013da2396000 DEOPT PACKING pc=0x0000013da3f7fbae sp=0x00000034422fc1d0
Event: 1.344 Thread 0x0000013da2396000 DEOPT UNPACKING pc=0x0000013da3d77898 sp=0x00000034422fbf10 mode 0
Event: 1.344 Thread 0x0000013da2396000 DEOPT PACKING pc=0x0000013da3f7fbae sp=0x00000034422fc1d0
Event: 1.344 Thread 0x0000013da2396000 DEOPT UNPACKING pc=0x0000013da3d77898 sp=0x00000034422fbf10 mode 0
Event: 1.345 Thread 0x0000013da2396000 DEOPT PACKING pc=0x0000013da3f7fbae sp=0x00000034422fc1d0
Event: 1.345 Thread 0x0000013da2396000 DEOPT UNPACKING pc=0x0000013da3d77898 sp=0x00000034422fbf10 mode 0


Dynamic libraries:
0x00007ff6554d0000 - 0x00007ff655517000 	C:\Program Files\Java\jre1.8.0_271\bin\javaw.exe
0x00007ff9c7e10000 - 0x00007ff9c8006000 	C:\Windows\SYSTEM32\ntdll.dll
0x00007ff9c7c40000 - 0x00007ff9c7cfd000 	C:\Windows\System32\KERNEL32.DLL
0x00007ff9c5870000 - 0x00007ff9c5b39000 	C:\Windows\System32\KERNELBASE.dll
0x00007ff9c6b40000 - 0x00007ff9c6bec000 	C:\Windows\System32\ADVAPI32.dll
0x00007ff9c6060000 - 0x00007ff9c60fe000 	C:\Windows\System32\msvcrt.dll
0x00007ff9c7aa0000 - 0x00007ff9c7b3c000 	C:\Windows\System32\sechost.dll
0x00007ff9c7970000 - 0x00007ff9c7a9b000 	C:\Windows\System32\RPCRT4.dll
0x00007ff9c7720000 - 0x00007ff9c78c0000 	C:\Windows\System32\USER32.dll
0x00007ff9c5550000 - 0x00007ff9c5572000 	C:\Windows\System32\win32u.dll
0x00007ff9c7c10000 - 0x00007ff9c7c3a000 	C:\Windows\System32\GDI32.dll
0x00007ff9c5680000 - 0x00007ff9c578b000 	C:\Windows\System32\gdi32full.dll
0x00007ff9c5c70000 - 0x00007ff9c5d0d000 	C:\Windows\System32\msvcp_win.dll
0x00007ff9c5580000 - 0x00007ff9c5680000 	C:\Windows\System32\ucrtbase.dll
0x00007ff9a9f00000 - 0x00007ff9aa19b000 	C:\Windows\WinSxS\amd64_microsoft.windows.common-controls_6595b64144ccf1df_6.0.19041.746_none_ca02b4b61b8320a4\COMCTL32.dll
0x00007ff9c7d90000 - 0x00007ff9c7dc0000 	C:\Windows\System32\IMM32.DLL
0x00007ff9bcae0000 - 0x00007ff9bcaf5000 	C:\Program Files\Java\jre1.8.0_271\bin\vcruntime140.dll
0x00007ff9b60b0000 - 0x00007ff9b614b000 	C:\Program Files\Java\jre1.8.0_271\bin\msvcp140.dll
0x000000006fae0000 - 0x000000007034f000 	C:\Program Files\Java\jre1.8.0_271\bin\server\jvm.dll
0x00007ff9c5f90000 - 0x00007ff9c5f98000 	C:\Windows\System32\PSAPI.DLL
0x00007ff9bef70000 - 0x00007ff9bef79000 	C:\Windows\SYSTEM32\WSOCK32.dll
0x00007ff9c7ba0000 - 0x00007ff9c7c0b000 	C:\Windows\System32\WS2_32.dll
0x00007ff9b9820000 - 0x00007ff9b982a000 	C:\Windows\SYSTEM32\VERSION.dll
0x00007ff9b0b90000 - 0x00007ff9b0bb7000 	C:\Windows\SYSTEM32\WINMM.dll
0x00007ff9c34b0000 - 0x00007ff9c34c2000 	C:\Windows\SYSTEM32\kernel.appcore.dll
0x00007ff9b0ad0000 - 0x00007ff9b0ae0000 	C:\Program Files\Java\jre1.8.0_271\bin\verify.dll
0x00007ff9b0aa0000 - 0x00007ff9b0acb000 	C:\Program Files\Java\jre1.8.0_271\bin\java.dll
0x00007ff9afb90000 - 0x00007ff9afba8000 	C:\Program Files\Java\jre1.8.0_271\bin\zip.dll
0x00007ff9c6dc0000 - 0x00007ff9c7503000 	C:\Windows\System32\SHELL32.dll
0x00007ff9c36b0000 - 0x00007ff9c3e3f000 	C:\Windows\SYSTEM32\windows.storage.dll
0x00007ff9c67d0000 - 0x00007ff9c6b26000 	C:\Windows\System32\combase.dll
0x00007ff9c4ee0000 - 0x00007ff9c4f0c000 	C:\Windows\SYSTEM32\Wldp.dll
0x00007ff9c78c0000 - 0x00007ff9c796e000 	C:\Windows\System32\SHCORE.dll
0x00007ff9c7b40000 - 0x00007ff9c7b95000 	C:\Windows\System32\shlwapi.dll
0x00007ff9c5480000 - 0x00007ff9c54a6000 	C:\Windows\SYSTEM32\profapi.dll
0x00007ff9b5830000 - 0x00007ff9b5854000 	C:\Program Files\Java\jre1.8.0_271\bin\sunec.dll
0x00007ff9afb70000 - 0x00007ff9afb8c000 	C:\Program Files\Java\jre1.8.0_271\bin\net.dll
0x00007ff9c4c60000 - 0x00007ff9c4cca000 	C:\Windows\system32\mswsock.dll
0x00007ff9c4950000 - 0x00007ff9c498b000 	C:\Windows\SYSTEM32\IPHLPAPI.DLL
0x00007ff9c7dc0000 - 0x00007ff9c7dc8000 	C:\Windows\System32\NSI.dll
0x00007ff9bedd0000 - 0x00007ff9bede7000 	C:\Windows\SYSTEM32\dhcpcsvc6.DLL
0x00007ff9bf5f0000 - 0x00007ff9bf60d000 	C:\Windows\SYSTEM32\dhcpcsvc.DLL
0x00007ff9c4990000 - 0x00007ff9c4a5b000 	C:\Windows\SYSTEM32\DNSAPI.dll
0x00007ff9afb50000 - 0x00007ff9afb63000 	C:\Program Files\Java\jre1.8.0_271\bin\nio.dll
0x00007ff9be230000 - 0x00007ff9be414000 	C:\Windows\SYSTEM32\dbghelp.dll
0x00007ff9c57f0000 - 0x00007ff9c5870000 	C:\Windows\System32\bcryptPrimitives.dll

VM Arguments:
jvm_args: -Dfile.encoding=Cp1252 
java_command: week2.day1.interactWiithImages
java_class_path (initial): D:\Selenium\Mavenproject\target\classes;C:\Users\Dell\.m2\repository\org\seleniumhq\selenium\selenium-java\4.0.0-alpha-6\selenium-java-4.0.0-alpha-6.jar;C:\Users\Dell\.m2\repository\org\seleniumhq\selenium\selenium-api\4.0.0-alpha-6\selenium-api-4.0.0-alpha-6.jar;C:\Users\Dell\.m2\repository\org\seleniumhq\selenium\selenium-chrome-driver\4.0.0-alpha-6\selenium-chrome-driver-4.0.0-alpha-6.jar;C:\Users\Dell\.m2\repository\com\google\auto\service\auto-service-annotations\1.0-rc6\auto-service-annotations-1.0-rc6.jar;C:\Users\Dell\.m2\repository\com\google\auto\service\auto-service\1.0-rc6\auto-service-1.0-rc6.jar;C:\Users\Dell\.m2\repository\com\google\auto\auto-common\0.10\auto-common-0.10.jar;C:\Users\Dell\.m2\repository\com\google\guava\guava\29.0-jre\guava-29.0-jre.jar;C:\Users\Dell\.m2\repository\com\google\guava\failureaccess\1.0.1\failureaccess-1.0.1.jar;C:\Users\Dell\.m2\repository\com\google\guava\listenablefuture\9999.0-empty-to-avoid-conflict-with-guava\listenablefuture-9999.0-empty-to-avoid-conflict-with-guava.jar;C:\Users\Dell\.m2\repository\com\google\code\findbugs\jsr305\3.0.2\jsr305-3.0.2.jar;C:\Users\Dell\.m2\repository\org\checkerframework\checker-qual\2.11.1\checker-qual-2.11.1.jar;C:\Users\Dell\.m2\repository\com\google\errorprone\error_prone_annotations\2.3.4\error_prone_annotations-2.3.4.jar;C:\Users\Dell\.m2\repository\com\google\j2objc\j2objc-annotations\1.3\j2objc-annotations-1.3.jar;C:\Users\Dell\.m2\repository\org\seleniumhq\selenium\selenium-chromium-driver\4.0.0-alpha-6\selenium-chromium-driver-4.0.0-alpha-6.jar;C:\Users\Dell\.m2\repository\org\seleniumhq\selenium\selenium-devtools\4.0.0-alpha-6\selenium-devtools-4.0.0-alpha-6.jar;C:\Users\Dell\.m2\repository\org\seleniumhq\selenium\selenium-http\4.0.0-alpha-6\selenium-http-4.0.0-alpha-6.jar;C:\Users\Dell\.m2\repository\org\seleniumhq\selenium\selenium-json\4.0.0-alpha-6\selenium-json-4.0.0-alpha-6.jar;C:\Users\Dell\.m2\repository\org\seleniumhq\selenium\selenium
Launcher Type: SUN_STANDARD

Environment Variables:
PATH=C:/Program Files/Java/jre1.8.0_271/bin/server;C:/Program Files/Java/jre1.8.0_271/bin;C:/Program Files/Java/jre1.8.0_271/lib/amd64;C:\Program Files (x86)\Common Files\Oracle\Java\javapath;C:\Windows\system32;C:\Windows;C:\Windows\System32\Wbem;C:\Windows\System32\WindowsPowerShell\v1.0\;C:\Windows\System32\OpenSSH\;C:\Users\Dell\AppData\Local\Microsoft\WindowsApps;;C:\Users\Dell\Downloads\64bit\eclipse_64bit;
USERNAME=Dell
OS=Windows_NT
PROCESSOR_IDENTIFIER=Intel64 Family 6 Model 69 Stepping 1, GenuineIntel



---------------  S Y S T E M  ---------------

OS: Windows 10.0 , 64 bit Build 19041 (10.0.19041.662)

CPU:total 4 (initial active 4) (2 cores per cpu, 2 threads per core) family 6 model 69 stepping 1, cmov, cx8, fxsr, mmx, sse, sse2, sse3, ssse3, sse4.1, sse4.2, popcnt, avx, avx2, aes, clmul, erms, lzcnt, ht, tsc, tscinvbit, bmi1, bmi2

Memory: 4k page, physical 4096180k(602360k free), swap 16679092k(4072k free)

vm_info: Java HotSpot(TM) 64-Bit Server VM (25.271-b09) for windows-amd64 JRE (1.8.0_271-b09), built on Sep 16 2020 19:14:59 by "" with MS VC++ 15.9 (VS2017)

time: Thu Feb 25 13:55:28 2021
timezone: India Standard Time
elapsed time: 1.440335 seconds (0d 0h 0m 1s)

