#
# There is insufficient memory for the Java Runtime Environment to continue.
# Native memory allocation (malloc) failed to allocate 970736 bytes for Chunk::new
# Possible reasons:
#   The system is out of physical RAM or swap space
#   The process is running with CompressedOops enabled, and the Java Heap may be blocking the growth of the native heap
# Possible solutions:
#   Reduce memory load on the system
#   Increase physical memory or swap space
#   Check if swap backing store is full
#   Decrease Java heap size (-Xmx/-Xms)
#   Decrease number of Java threads
#   Decrease Java thread stack sizes (-Xss)
#   Set larger code cache with -XX:ReservedCodeCacheSize=
#   JVM is running with Unscaled Compressed Oops mode in which the Java heap is
#     placed in the first 4GB address space. The Java Heap base address is the
#     maximum limit for the native heap growth. Please use -XX:HeapBaseMinAddress
#     to set the Java Heap base and to place the Java Heap above 4GB virtual address.
# This output file may be truncated or incomplete.
#
#  Out of Memory Error (allocation.cpp:389), pid=17056, tid=0x0000000000000c88
#
# JRE version: Java(TM) SE Runtime Environment (8.0_271-b09) (build 1.8.0_271-b09)
# Java VM: Java HotSpot(TM) 64-Bit Server VM (25.271-b09 mixed mode windows-amd64 compressed oops)
# Failed to write core dump. Minidumps are not enabled by default on client versions of Windows
#

---------------  T H R E A D  ---------------

Current thread (0x000001901d4bb000):  JavaThread "C2 CompilerThread1" daemon [_thread_in_native, id=3208, stack(0x0000007eb4000000,0x0000007eb4100000)]

Stack: [0x0000007eb4000000,0x0000007eb4100000]
Native frames: (J=compiled Java code, j=interpreted, Vv=VM code, C=native code)
V  [jvm.dll+0x33f6c9]
V  [jvm.dll+0x286122]
V  [jvm.dll+0x286dcd]
V  [jvm.dll+0x27d805]
V  [jvm.dll+0xe574c]
V  [jvm.dll+0xe5f4c]
V  [jvm.dll+0x480043]
V  [jvm.dll+0x447af3]
V  [vcruntime140.dll+0x450c25]
V  [ntdll.dll+0x44ffe5]
V  [WSOCK32.dll+0x43aef7]
V  [jvm.dll+0xbc3eb]
V  [jvm.dll+0xbaa4b]
V  [jvm.dll+0x24e7c2]
V  [jvm.dll+0x2a2dcc]
C  [ucrtbase.dll+0x214c2]
C  [KERNEL32.DLL+0x17034]
C  [ntdll.dll+0x4d0d1]


Current CompileTask:
C2:  13044 2341       4       org.jacoco.agent.rt.internal_1f1cc91.asm.ClassReader::readCode (5089 bytes)


---------------  P R O C E S S  ---------------

Java Threads: ( => current thread )
  0x000001901fbbe000 JavaThread "DestroyJavaVM" [_thread_blocked, id=6660, stack(0x0000007eb3400000,0x0000007eb3500000)]
  0x000001901fbc3000 JavaThread "AsyncHttpClient-3-3" [_thread_in_native, id=16152, stack(0x0000007eb4e00000,0x0000007eb4f00000)]
  0x000001901fbc2800 JavaThread "AsyncHttpClient-3-2" [_thread_in_native, id=14452, stack(0x0000007eb4c00000,0x0000007eb4d00000)]
  0x000001901fbc1000 JavaThread "AsyncHttpClient-3-1" [_thread_in_native, id=8840, stack(0x0000007eb4d00000,0x0000007eb4e00000)]
  0x000001901f5f3800 JavaThread "Exec Stream Pumper" daemon [_thread_in_native, id=16500, stack(0x0000007eb4b00000,0x0000007eb4c00000)]
  0x000001901f399000 JavaThread "Exec Stream Pumper" daemon [_thread_in_native, id=14860, stack(0x0000007eb4a00000,0x0000007eb4b00000)]
  0x000001901e70f000 JavaThread "UrlChecker-2" daemon [_thread_blocked, id=16648, stack(0x0000007eb4800000,0x0000007eb4900000)]
  0x000001901fad6000 JavaThread "ForkJoinPool.commonPool-worker-2" daemon [_thread_blocked, id=10908, stack(0x0000007eb4700000,0x0000007eb4800000)]
  0x000001901e356800 JavaThread "Exec Default Executor" daemon [_thread_in_native, id=17144, stack(0x0000007eb4600000,0x0000007eb4700000)]
  0x000001901f6b0800 JavaThread "AsyncHttpClient-timer-1-1" [_thread_blocked, id=11612, stack(0x0000007eb4500000,0x0000007eb4600000)]
  0x000001901e385800 JavaThread "ForkJoinPool.commonPool-worker-1" daemon [_thread_blocked, id=8576, stack(0x0000007eb4400000,0x0000007eb4500000)]
  0x000001901d5e5800 JavaThread "Service Thread" daemon [_thread_blocked, id=1432, stack(0x0000007eb4200000,0x0000007eb4300000)]
  0x000001901d4c3000 JavaThread "C1 CompilerThread2" daemon [_thread_blocked, id=17064, stack(0x0000007eb4100000,0x0000007eb4200000)]
=>0x000001901d4bb000 JavaThread "C2 CompilerThread1" daemon [_thread_in_native, id=3208, stack(0x0000007eb4000000,0x0000007eb4100000)]
  0x000001901d4b1800 JavaThread "C2 CompilerThread0" daemon [_thread_blocked, id=8460, stack(0x0000007eb3f00000,0x0000007eb4000000)]
  0x000001901d4ae800 JavaThread "org.jacoco.agent.rt.internal_1f1cc91.output.TcpClientOutput" daemon [_thread_in_native, id=15584, stack(0x0000007eb3e00000,0x0000007eb3f00000)]
  0x000001901bdab800 JavaThread "Attach Listener" daemon [_thread_blocked, id=6600, stack(0x0000007eb3d00000,0x0000007eb3e00000)]
  0x000001901bdaa800 JavaThread "Signal Dispatcher" daemon [_thread_blocked, id=14696, stack(0x0000007eb3c00000,0x0000007eb3d00000)]
  0x000001901bd8f800 JavaThread "Finalizer" daemon [_thread_blocked, id=14220, stack(0x0000007eb3b00000,0x0000007eb3c00000)]
  0x000001901bd65800 JavaThread "Reference Handler" daemon [_thread_blocked, id=11772, stack(0x0000007eb3a00000,0x0000007eb3b00000)]

Other Threads:
  0x000001901bd59800 VMThread [stack: 0x0000007eb3900000,0x0000007eb3a00000] [id=1344]
  0x000001901d592000 WatcherThread [stack: 0x0000007eb4300000,0x0000007eb4400000] [id=14924]

VM state:not at safepoint (normal execution)

VM Mutex/Monitor currently owned by a thread: None

heap address: 0x00000000c1600000, size: 1002 MB, Compressed Oops mode: 32-bit
Narrow klass base: 0x0000000000000000, Narrow klass shift: 3
Compressed class space size: 1073741824 Address: 0x0000000100000000

Heap:
 PSYoungGen      total 112128K, used 100943K [0x00000000eb200000, 0x00000000f2680000, 0x0000000100000000)
  eden space 104960K, 96% used [0x00000000eb200000,0x00000000f1493f68,0x00000000f1880000)
  from space 7168K, 0% used [0x00000000f1f80000,0x00000000f1f80000,0x00000000f2680000)
  to   space 7168K, 0% used [0x00000000f1880000,0x00000000f1880000,0x00000000f1f80000)
 ParOldGen       total 34304K, used 9058K [0x00000000c1600000, 0x00000000c3780000, 0x00000000eb200000)
  object space 34304K, 26% used [0x00000000c1600000,0x00000000c1ed8b20,0x00000000c3780000)
 Metaspace       used 24557K, capacity 25410K, committed 25600K, reserved 1071104K
  class space    used 2821K, capacity 3065K, committed 3072K, reserved 1048576K

Card table byte_map: [0x0000019018f10000,0x0000019019110000] byte_map_base: 0x0000019018905000

Marking Bits: (ParMarkBitMap*) 0x00000000702d7fe0
 Begin Bits: [0x0000019019260000, 0x000001901a208000)
 End Bits:   [0x000001901a208000, 0x000001901b1b0000)

Polling page: 0x0000019008160000

CodeCache: size=245760Kb used=8907Kb max_used=8913Kb free=236852Kb
 bounds [0x0000019009b50000, 0x000001900a410000, 0x0000019018b50000]
 total_blobs=2856 nmethods=2375 adapters=393
 compilation: enabled

Compilation events (10 events):
Event: 11.988 Thread 0x000001901d4c3000 nmethod 2408 0x0000019009d22c10 code [0x0000019009d22de0, 0x0000019009d23660]
Event: 11.988 Thread 0x000001901d4c3000 2409       3       io.netty.util.internal.shaded.org.jctools.queues.MpscArrayQueue::$jacocoInit (52 bytes)
Event: 11.988 Thread 0x000001901d4c3000 nmethod 2409 0x000001900a3d0810 code [0x000001900a3d09e0, 0x000001900a3d1260]
Event: 11.989 Thread 0x000001901d4c3000 2410       3       java.util.concurrent.ThreadLocalRandom::nextSecondarySeed (76 bytes)
Event: 11.990 Thread 0x000001901d4c3000 nmethod 2410 0x0000019009c883d0 code [0x0000019009c88540, 0x0000019009c887b0]
Event: 12.053 Thread 0x000001901d4b1800 nmethod 2264 0x0000019009d128d0 code [0x0000019009d12ac0, 0x0000019009d13fe8]
Event: 12.053 Thread 0x000001901d4b1800 2406       4       java.util.regex.Pattern$CharProperty::match (56 bytes)
Event: 12.068 Thread 0x000001901d4b1800 nmethod 2406 0x000001900a3d49d0 code [0x000001900a3d4b60, 0x000001900a3d5138]
Event: 12.068 Thread 0x000001901d4b1800 2268       4       org.jacoco.agent.rt.internal_1f1cc91.asm.ByteVector::enlarge (51 bytes)
Event: 12.072 Thread 0x000001901d4b1800 nmethod 2268 0x000001900a3c8b90 code [0x000001900a3c8ce0, 0x000001900a3c8ed8]

GC Heap History (10 events):
Event: 3.899 GC heap before
{Heap before GC invocations=7 (full 0):
 PSYoungGen      total 37888K, used 36503K [0x00000000eb200000, 0x00000000edc00000, 0x0000000100000000)
  eden space 32768K, 100% used [0x00000000eb200000,0x00000000ed200000,0x00000000ed200000)
  from space 5120K, 72% used [0x00000000ed700000,0x00000000edaa5f80,0x00000000edc00000)
  to   space 5120K, 0% used [0x00000000ed200000,0x00000000ed200000,0x00000000ed700000)
 ParOldGen       total 44032K, used 4211K [0x00000000c1600000, 0x00000000c4100000, 0x00000000eb200000)
  object space 44032K, 9% used [0x00000000c1600000,0x00000000c1a1cc48,0x00000000c4100000)
 Metaspace       used 12457K, capacity 12738K, committed 13056K, reserved 1060864K
  class space    used 1347K, capacity 1469K, committed 1536K, reserved 1048576K
Event: 3.919 GC heap after
Heap after GC invocations=7 (full 0):
 PSYoungGen      total 37888K, used 5098K [0x00000000eb200000, 0x00000000eff00000, 0x0000000100000000)
  eden space 32768K, 0% used [0x00000000eb200000,0x00000000eb200000,0x00000000ed200000)
  from space 5120K, 99% used [0x00000000ed200000,0x00000000ed6fab50,0x00000000ed700000)
  to   space 6656K, 0% used [0x00000000ef880000,0x00000000ef880000,0x00000000eff00000)
 ParOldGen       total 44032K, used 6327K [0x00000000c1600000, 0x00000000c4100000, 0x00000000eb200000)
  object space 44032K, 14% used [0x00000000c1600000,0x00000000c1c2dcd8,0x00000000c4100000)
 Metaspace       used 12457K, capacity 12738K, committed 13056K, reserved 1060864K
  class space    used 1347K, capacity 1469K, committed 1536K, reserved 1048576K
}
Event: 4.320 GC heap before
{Heap before GC invocations=8 (full 0):
 PSYoungGen      total 37888K, used 37866K [0x00000000eb200000, 0x00000000eff00000, 0x0000000100000000)
  eden space 32768K, 100% used [0x00000000eb200000,0x00000000ed200000,0x00000000ed200000)
  from space 5120K, 99% used [0x00000000ed200000,0x00000000ed6fab50,0x00000000ed700000)
  to   space 6656K, 0% used [0x00000000ef880000,0x00000000ef880000,0x00000000eff00000)
 ParOldGen       total 44032K, used 6327K [0x00000000c1600000, 0x00000000c4100000, 0x00000000eb200000)
  object space 44032K, 14% used [0x00000000c1600000,0x00000000c1c2dcd8,0x00000000c4100000)
 Metaspace       used 14283K, capacity 14508K, committed 14720K, reserved 1062912K
  class space    used 1455K, capacity 1568K, committed 1664K, reserved 1048576K
Event: 4.330 GC heap after
Heap after GC invocations=8 (full 0):
 PSYoungGen      total 72192K, used 4710K [0x00000000eb200000, 0x00000000eff00000, 0x0000000100000000)
  eden space 65536K, 0% used [0x00000000eb200000,0x00000000eb200000,0x00000000ef200000)
  from space 6656K, 70% used [0x00000000ef880000,0x00000000efd19948,0x00000000eff00000)
  to   space 6656K, 0% used [0x00000000ef200000,0x00000000ef200000,0x00000000ef880000)
 ParOldGen       total 44032K, used 7567K [0x00000000c1600000, 0x00000000c4100000, 0x00000000eb200000)
  object space 44032K, 17% used [0x00000000c1600000,0x00000000c1d63cd8,0x00000000c4100000)
 Metaspace       used 14283K, capacity 14508K, committed 14720K, reserved 1062912K
  class space    used 1455K, capacity 1568K, committed 1664K, reserved 1048576K
}
Event: 5.147 GC heap before
{Heap before GC invocations=9 (full 0):
 PSYoungGen      total 72192K, used 70246K [0x00000000eb200000, 0x00000000eff00000, 0x0000000100000000)
  eden space 65536K, 100% used [0x00000000eb200000,0x00000000ef200000,0x00000000ef200000)
  from space 6656K, 70% used [0x00000000ef880000,0x00000000efd19948,0x00000000eff00000)
  to   space 6656K, 0% used [0x00000000ef200000,0x00000000ef200000,0x00000000ef880000)
 ParOldGen       total 44032K, used 7567K [0x00000000c1600000, 0x00000000c4100000, 0x00000000eb200000)
  object space 44032K, 17% used [0x00000000c1600000,0x00000000c1d63cd8,0x00000000c4100000)
 Metaspace       used 17999K, capacity 18246K, committed 18432K, reserved 1064960K
  class space    used 1906K, capacity 2021K, committed 2048K, reserved 1048576K
Event: 5.162 GC heap after
Heap after GC invocations=9 (full 0):
 PSYoungGen      total 72192K, used 5543K [0x00000000eb200000, 0x00000000f2680000, 0x0000000100000000)
  eden space 65536K, 0% used [0x00000000eb200000,0x00000000eb200000,0x00000000ef200000)
  from space 6656K, 83% used [0x00000000ef200000,0x00000000ef769d90,0x00000000ef880000)
  to   space 7168K, 0% used [0x00000000f1f80000,0x00000000f1f80000,0x00000000f2680000)
 ParOldGen       total 44032K, used 8840K [0x00000000c1600000, 0x00000000c4100000, 0x00000000eb200000)
  object space 44032K, 20% used [0x00000000c1600000,0x00000000c1ea22e8,0x00000000c4100000)
 Metaspace       used 17999K, capacity 18246K, committed 18432K, reserved 1064960K
  class space    used 1906K, capacity 2021K, committed 2048K, reserved 1048576K
}
Event: 6.254 GC heap before
{Heap before GC invocations=10 (full 0):
 PSYoungGen      total 72192K, used 42271K [0x00000000eb200000, 0x00000000f2680000, 0x0000000100000000)
  eden space 65536K, 56% used [0x00000000eb200000,0x00000000ed5de140,0x00000000ef200000)
  from space 6656K, 83% used [0x00000000ef200000,0x00000000ef769d90,0x00000000ef880000)
  to   space 7168K, 0% used [0x00000000f1f80000,0x00000000f1f80000,0x00000000f2680000)
 ParOldGen       total 44032K, used 8840K [0x00000000c1600000, 0x00000000c4100000, 0x00000000eb200000)
  object space 44032K, 20% used [0x00000000c1600000,0x00000000c1ea22e8,0x00000000c4100000)
 Metaspace       used 20531K, capacity 21200K, committed 21296K, reserved 1069056K
  class space    used 2301K, capacity 2492K, committed 2560K, reserved 1048576K
Event: 6.265 GC heap after
Heap after GC invocations=10 (full 0):
 PSYoungGen      total 112128K, used 2678K [0x00000000eb200000, 0x00000000f2680000, 0x0000000100000000)
  eden space 104960K, 0% used [0x00000000eb200000,0x00000000eb200000,0x00000000f1880000)
  from space 7168K, 37% used [0x00000000f1f80000,0x00000000f221da18,0x00000000f2680000)
  to   space 7168K, 0% used [0x00000000f1880000,0x00000000f1880000,0x00000000f1f80000)
 ParOldGen       total 44032K, used 11205K [0x00000000c1600000, 0x00000000c4100000, 0x00000000eb200000)
  object space 44032K, 25% used [0x00000000c1600000,0x00000000c20f1448,0x00000000c4100000)
 Metaspace       used 20531K, capacity 21200K, committed 21296K, reserved 1069056K
  class space    used 2301K, capacity 2492K, committed 2560K, reserved 1048576K
}
Event: 6.265 GC heap before
{Heap before GC invocations=11 (full 1):
 PSYoungGen      total 112128K, used 2678K [0x00000000eb200000, 0x00000000f2680000, 0x0000000100000000)
  eden space 104960K, 0% used [0x00000000eb200000,0x00000000eb200000,0x00000000f1880000)
  from space 7168K, 37% used [0x00000000f1f80000,0x00000000f221da18,0x00000000f2680000)
  to   space 7168K, 0% used [0x00000000f1880000,0x00000000f1880000,0x00000000f1f80000)
 ParOldGen       total 44032K, used 11205K [0x00000000c1600000, 0x00000000c4100000, 0x00000000eb200000)
  object space 44032K, 25% used [0x00000000c1600000,0x00000000c20f1448,0x00000000c4100000)
 Metaspace       used 20531K, capacity 21200K, committed 21296K, reserved 1069056K
  class space    used 2301K, capacity 2492K, committed 2560K, reserved 1048576K
Event: 6.333 GC heap after
Heap after GC invocations=11 (full 1):
 PSYoungGen      total 112128K, used 0K [0x00000000eb200000, 0x00000000f2680000, 0x0000000100000000)
  eden space 104960K, 0% used [0x00000000eb200000,0x00000000eb200000,0x00000000f1880000)
  from space 7168K, 0% used [0x00000000f1f80000,0x00000000f1f80000,0x00000000f2680000)
  to   space 7168K, 0% used [0x00000000f1880000,0x00000000f1880000,0x00000000f1f80000)
 ParOldGen       total 34304K, used 9058K [0x00000000c1600000, 0x00000000c3780000, 0x00000000eb200000)
  object space 34304K, 26% used [0x00000000c1600000,0x00000000c1ed8b20,0x00000000c3780000)
 Metaspace       used 20531K, capacity 21200K, committed 21296K, reserved 1069056K
  class space    used 2301K, capacity 2492K, committed 2560K, reserved 1048576K
}

Deoptimization events (10 events):
Event: 4.417 Thread 0x00000190081dc800 Uncommon trap: reason=class_check action=maybe_recompile pc=0x0000019009f81a4c method=java.util.regex.Pattern$Curly.match(Ljava/util/regex/Matcher;ILjava/lang/CharSequence;)Z @ 19
Event: 4.417 Thread 0x00000190081dc800 Uncommon trap: reason=class_check action=maybe_recompile pc=0x0000019009f81a4c method=java.util.regex.Pattern$Curly.match(Ljava/util/regex/Matcher;ILjava/lang/CharSequence;)Z @ 19
Event: 5.277 Thread 0x00000190081dc800 Uncommon trap: reason=unstable_if action=reinterpret pc=0x0000019009ea8d1c method=java.lang.String.replace(CC)Ljava/lang/String; @ 2
Event: 6.012 Thread 0x00000190081dc800 Uncommon trap: reason=predicate action=maybe_recompile pc=0x000001900a26d844 method=org.jacoco.agent.rt.internal_1f1cc91.asm.tree.MethodNode.accept(Lorg/jacoco/agent/rt/internal_1f1cc91/asm/MethodVisitor;)V @ 220
Event: 6.221 Thread 0x00000190081dc800 Uncommon trap: reason=class_check action=maybe_recompile pc=0x000001900a03ec04 method=java.util.regex.Matcher.search(I)Z @ 86
Event: 6.221 Thread 0x00000190081dc800 Uncommon trap: reason=class_check action=maybe_recompile pc=0x000001900a03ec04 method=java.util.regex.Matcher.search(I)Z @ 86
Event: 6.221 Thread 0x00000190081dc800 Uncommon trap: reason=class_check action=maybe_recompile pc=0x000001900a03ec04 method=java.util.regex.Matcher.search(I)Z @ 86
Event: 6.221 Thread 0x00000190081dc800 Uncommon trap: reason=class_check action=maybe_recompile pc=0x000001900a03ec04 method=java.util.regex.Matcher.search(I)Z @ 86
Event: 6.706 Thread 0x00000190081dc800 Uncommon trap: reason=class_check action=maybe_recompile pc=0x000001900a218160 method=java.util.HashMap.putVal(ILjava/lang/Object;Ljava/lang/Object;ZZ)Ljava/lang/Object; @ 253
Event: 11.585 Thread 0x00000190081dc800 Uncommon trap: reason=class_check action=maybe_recompile pc=0x000001900a218160 method=java.util.HashMap.putVal(ILjava/lang/Object;Ljava/lang/Object;ZZ)Ljava/lang/Object; @ 253

Classes redefined (0 events):
No events

Internal exceptions (10 events):
Event: 11.847 Thread 0x00000190081dc800 Exception <a 'java/lang/NullPointerException'> (0x00000000f0d44fe0) thrown at [C:\jenkins\workspace\8-2-build-windows-amd64-cygwin\jdk8u271\605\hotspot\src\share\vm\runtime\sharedRuntime.cpp, line 609]
Event: 11.858 Thread 0x000001901fbc3000 Implicit null exception at 0x0000019009f5a030 to 0x0000019009f5a836
Event: 11.858 Thread 0x000001901fbc3000 Exception <a 'java/lang/NullPointerException'> (0x00000000f0e31178) thrown at [C:\jenkins\workspace\8-2-build-windows-amd64-cygwin\jdk8u271\605\hotspot\src\share\vm\runtime\sharedRuntime.cpp, line 609]
Event: 11.859 Thread 0x000001901fbc3000 Implicit null exception at 0x0000019009f5a030 to 0x0000019009f5a836
Event: 11.859 Thread 0x000001901fbc3000 Exception <a 'java/lang/NullPointerException'> (0x00000000f0e33b98) thrown at [C:\jenkins\workspace\8-2-build-windows-amd64-cygwin\jdk8u271\605\hotspot\src\share\vm\runtime\sharedRuntime.cpp, line 609]
Event: 11.876 Thread 0x000001901fbc3000 Exception <a 'java/lang/ArrayIndexOutOfBoundsException'> (0x00000000f0f5bbd8) thrown at [C:\jenkins\workspace\8-2-build-windows-amd64-cygwin\jdk8u271\605\hotspot\src\share\vm\runtime\sharedRuntime.cpp, line 609]
Event: 11.947 Thread 0x000001901fbc3000 Exception <a 'java/lang/ArrayIndexOutOfBoundsException'> (0x00000000f111dfe0) thrown at [C:\jenkins\workspace\8-2-build-windows-amd64-cygwin\jdk8u271\605\hotspot\src\share\vm\runtime\sharedRuntime.cpp, line 609]
Event: 11.948 Thread 0x000001901fbc3000 Exception <a 'java/lang/ArrayIndexOutOfBoundsException'> (0x00000000f1120ec0) thrown at [C:\jenkins\workspace\8-2-build-windows-amd64-cygwin\jdk8u271\605\hotspot\src\share\vm\runtime\sharedRuntime.cpp, line 609]
Event: 11.954 Thread 0x00000190081dc800 Implicit null exception at 0x0000019009f5a030 to 0x0000019009f5a836
Event: 11.954 Thread 0x00000190081dc800 Exception <a 'java/lang/NullPointerException'> (0x00000000f0d7bdf8) thrown at [C:\jenkins\workspace\8-2-build-windows-amd64-cygwin\jdk8u271\605\hotspot\src\share\vm\runtime\sharedRuntime.cpp, line 609]

Events (10 events):
Event: 11.970 loading class io/netty/util/Recycler$WeakOrderQueue
Event: 11.970 loading class io/netty/util/Recycler$WeakOrderQueue done
Event: 11.973 loading class io/netty/util/Recycler$WeakOrderQueue$Head
Event: 11.973 loading class io/netty/util/Recycler$WeakOrderQueue$Head done
Event: 11.974 loading class io/netty/util/Recycler$WeakOrderQueue$Link
Event: 11.974 loading class io/netty/util/Recycler$WeakOrderQueue$Link done
Event: 11.977 Executing VM operation: RevokeBias
Event: 11.987 Executing VM operation: RevokeBias done
Event: 11.989 Executing VM operation: RevokeBias
Event: 11.989 Executing VM operation: RevokeBias done


Dynamic libraries:
0x00007ff6554d0000 - 0x00007ff655517000 	C:\Program Files\Java\jre1.8.0_271\bin\javaw.exe
0x00007ff9c7e10000 - 0x00007ff9c8006000 	C:\Windows\SYSTEM32\ntdll.dll
0x00007ff9c7c40000 - 0x00007ff9c7cfd000 	C:\Windows\System32\KERNEL32.DLL
0x00007ff9c5870000 - 0x00007ff9c5b39000 	C:\Windows\System32\KERNELBASE.dll
0x00007ff9c6b40000 - 0x00007ff9c6bec000 	C:\Windows\System32\ADVAPI32.dll
0x00007ff9c6060000 - 0x00007ff9c60fe000 	C:\Windows\System32\msvcrt.dll
0x00007ff9c7aa0000 - 0x00007ff9c7b3c000 	C:\Windows\System32\sechost.dll
0x00007ff9c7970000 - 0x00007ff9c7a9b000 	C:\Windows\System32\RPCRT4.dll
0x00007ff9c7720000 - 0x00007ff9c78c0000 	C:\Windows\System32\USER32.dll
0x00007ff9c5550000 - 0x00007ff9c5572000 	C:\Windows\System32\win32u.dll
0x00007ff9c7c10000 - 0x00007ff9c7c3a000 	C:\Windows\System32\GDI32.dll
0x00007ff9c5680000 - 0x00007ff9c578b000 	C:\Windows\System32\gdi32full.dll
0x00007ff9c5c70000 - 0x00007ff9c5d0d000 	C:\Windows\System32\msvcp_win.dll
0x00007ff9c5580000 - 0x00007ff9c5680000 	C:\Windows\System32\ucrtbase.dll
0x00007ff9a9f00000 - 0x00007ff9aa19b000 	C:\Windows\WinSxS\amd64_microsoft.windows.common-controls_6595b64144ccf1df_6.0.19041.746_none_ca02b4b61b8320a4\COMCTL32.dll
0x00007ff9c7d90000 - 0x00007ff9c7dc0000 	C:\Windows\System32\IMM32.DLL
0x00007ff9bcae0000 - 0x00007ff9bcaf5000 	C:\Program Files\Java\jre1.8.0_271\bin\vcruntime140.dll
0x00007ff9b60b0000 - 0x00007ff9b614b000 	C:\Program Files\Java\jre1.8.0_271\bin\msvcp140.dll
0x000000006fae0000 - 0x000000007034f000 	C:\Program Files\Java\jre1.8.0_271\bin\server\jvm.dll
0x00007ff9c5f90000 - 0x00007ff9c5f98000 	C:\Windows\System32\PSAPI.DLL
0x00007ff9b0b90000 - 0x00007ff9b0bb7000 	C:\Windows\SYSTEM32\WINMM.dll
0x00007ff9b9820000 - 0x00007ff9b982a000 	C:\Windows\SYSTEM32\VERSION.dll
0x00007ff9bef70000 - 0x00007ff9bef79000 	C:\Windows\SYSTEM32\WSOCK32.dll
0x00007ff9c7ba0000 - 0x00007ff9c7c0b000 	C:\Windows\System32\WS2_32.dll
0x00007ff9c34b0000 - 0x00007ff9c34c2000 	C:\Windows\SYSTEM32\kernel.appcore.dll
0x00007ff9b0ad0000 - 0x00007ff9b0ae0000 	C:\Program Files\Java\jre1.8.0_271\bin\verify.dll
0x00007ff9b0aa0000 - 0x00007ff9b0acb000 	C:\Program Files\Java\jre1.8.0_271\bin\java.dll
0x00007ff9b6080000 - 0x00007ff9b60b0000 	C:\Program Files\Java\jre1.8.0_271\bin\instrument.dll
0x00007ff9afb90000 - 0x00007ff9afba8000 	C:\Program Files\Java\jre1.8.0_271\bin\zip.dll
0x00007ff9c6dc0000 - 0x00007ff9c7503000 	C:\Windows\System32\SHELL32.dll
0x00007ff9c36b0000 - 0x00007ff9c3e3f000 	C:\Windows\SYSTEM32\windows.storage.dll
0x00007ff9c67d0000 - 0x00007ff9c6b26000 	C:\Windows\System32\combase.dll
0x00007ff9c4ee0000 - 0x00007ff9c4f0c000 	C:\Windows\SYSTEM32\Wldp.dll
0x00007ff9c78c0000 - 0x00007ff9c796e000 	C:\Windows\System32\SHCORE.dll
0x00007ff9c7b40000 - 0x00007ff9c7b95000 	C:\Windows\System32\shlwapi.dll
0x00007ff9c5480000 - 0x00007ff9c54a6000 	C:\Windows\SYSTEM32\profapi.dll
0x00007ff9afb70000 - 0x00007ff9afb8c000 	C:\Program Files\Java\jre1.8.0_271\bin\net.dll
0x00007ff9c4c60000 - 0x00007ff9c4cca000 	C:\Windows\system32\mswsock.dll
0x00007ff9aceb0000 - 0x00007ff9acec7000 	C:\Windows\system32\napinsp.dll
0x00007ff9aced0000 - 0x00007ff9aceeb000 	C:\Windows\system32\pnrpnsp.dll
0x00007ff9c0150000 - 0x00007ff9c0165000 	C:\Windows\system32\wshbth.dll
0x00007ff9bfee0000 - 0x00007ff9bfefd000 	C:\Windows\system32\NLAapi.dll
0x00007ff9c4950000 - 0x00007ff9c498b000 	C:\Windows\SYSTEM32\IPHLPAPI.DLL
0x00007ff9c4990000 - 0x00007ff9c4a5b000 	C:\Windows\SYSTEM32\DNSAPI.dll
0x00007ff9c7dc0000 - 0x00007ff9c7dc8000 	C:\Windows\System32\NSI.dll
0x00007ff9acef0000 - 0x00007ff9acf02000 	C:\Windows\System32\winrnr.dll
0x00007ff9bc920000 - 0x00007ff9bc92a000 	C:\Windows\System32\rasadhlp.dll
0x00007ff9bd350000 - 0x00007ff9bd3cf000 	C:\Windows\System32\fwpuclnt.dll
0x00007ff9c5b40000 - 0x00007ff9c5b67000 	C:\Windows\System32\bcrypt.dll
0x00007ff9b5830000 - 0x00007ff9b5854000 	C:\Program Files\Java\jre1.8.0_271\bin\sunec.dll
0x00007ff9bedd0000 - 0x00007ff9bede7000 	C:\Windows\SYSTEM32\dhcpcsvc6.DLL
0x00007ff9bf5f0000 - 0x00007ff9bf60d000 	C:\Windows\SYSTEM32\dhcpcsvc.DLL
0x00007ff9afb50000 - 0x00007ff9afb63000 	C:\Program Files\Java\jre1.8.0_271\bin\nio.dll
0x00007ff9c4e40000 - 0x00007ff9c4e58000 	C:\Windows\SYSTEM32\CRYPTSP.dll
0x00007ff9c4600000 - 0x00007ff9c4634000 	C:\Windows\system32\rsaenh.dll
0x00007ff9c53d0000 - 0x00007ff9c53fe000 	C:\Windows\SYSTEM32\USERENV.dll
0x00007ff9c57f0000 - 0x00007ff9c5870000 	C:\Windows\System32\bcryptprimitives.dll
0x00007ff9c4e30000 - 0x00007ff9c4e3c000 	C:\Windows\SYSTEM32\CRYPTBASE.dll
0x00007ff9c0600000 - 0x00007ff9c060d000 	C:\Program Files\Java\jre1.8.0_271\bin\management.dll
0x00007ff9be230000 - 0x00007ff9be414000 	C:\Windows\SYSTEM32\dbghelp.dll

VM Arguments:
jvm_args: -javaagent:C:\Users\Dell\Downloads\64bit\eclipse_64bit\configuration\org.eclipse.osgi\453\0\.cp\jacocoagent.jar=includes=*,excludes=,exclclassloader=sun.reflect.DelegatingClassLoader,output=tcpclient,port=56657 -Dfile.encoding=Cp1252 
java_command: week2.day1.interactWiithImages
java_class_path (initial): D:\Selenium\Mavenproject\target\classes;C:\Users\Dell\.m2\repository\org\seleniumhq\selenium\selenium-java\4.0.0-alpha-6\selenium-java-4.0.0-alpha-6.jar;C:\Users\Dell\.m2\repository\org\seleniumhq\selenium\selenium-api\4.0.0-alpha-6\selenium-api-4.0.0-alpha-6.jar;C:\Users\Dell\.m2\repository\org\seleniumhq\selenium\selenium-chrome-driver\4.0.0-alpha-6\selenium-chrome-driver-4.0.0-alpha-6.jar;C:\Users\Dell\.m2\repository\com\google\auto\service\auto-service-annotations\1.0-rc6\auto-service-annotations-1.0-rc6.jar;C:\Users\Dell\.m2\repository\com\google\auto\service\auto-service\1.0-rc6\auto-service-1.0-rc6.jar;C:\Users\Dell\.m2\repository\com\google\auto\auto-common\0.10\auto-common-0.10.jar;C:\Users\Dell\.m2\repository\com\google\guava\guava\29.0-jre\guava-29.0-jre.jar;C:\Users\Dell\.m2\repository\com\google\guava\failureaccess\1.0.1\failureaccess-1.0.1.jar;C:\Users\Dell\.m2\repository\com\google\guava\listenablefuture\9999.0-empty-to-avoid-conflict-with-guava\listenablefuture-9999.0-empty-to-avoid-conflict-with-guava.jar;C:\Users\Dell\.m2\repository\com\google\code\findbugs\jsr305\3.0.2\jsr305-3.0.2.jar;C:\Users\Dell\.m2\repository\org\checkerframework\checker-qual\2.11.1\checker-qual-2.11.1.jar;C:\Users\Dell\.m2\repository\com\google\errorprone\error_prone_annotations\2.3.4\error_prone_annotations-2.3.4.jar;C:\Users\Dell\.m2\repository\com\google\j2objc\j2objc-annotations\1.3\j2objc-annotations-1.3.jar;C:\Users\Dell\.m2\repository\org\seleniumhq\selenium\selenium-chromium-driver\4.0.0-alpha-6\selenium-chromium-driver-4.0.0-alpha-6.jar;C:\Users\Dell\.m2\repository\org\seleniumhq\selenium\selenium-devtools\4.0.0-alpha-6\selenium-devtools-4.0.0-alpha-6.jar;C:\Users\Dell\.m2\repository\org\seleniumhq\selenium\selenium-http\4.0.0-alpha-6\selenium-http-4.0.0-alpha-6.jar;C:\Users\Dell\.m2\repository\org\seleniumhq\selenium\selenium-json\4.0.0-alpha-6\selenium-json-4.0.0-alpha-6.jar;C:\Users\Dell\.m2\repository\org\seleniumhq\selenium\selenium
Launcher Type: SUN_STANDARD

Environment Variables:
PATH=C:/Program Files/Java/jre1.8.0_271/bin/server;C:/Program Files/Java/jre1.8.0_271/bin;C:/Program Files/Java/jre1.8.0_271/lib/amd64;C:\Program Files (x86)\Common Files\Oracle\Java\javapath;C:\Windows\system32;C:\Windows;C:\Windows\System32\Wbem;C:\Windows\System32\WindowsPowerShell\v1.0\;C:\Windows\System32\OpenSSH\;C:\Users\Dell\AppData\Local\Microsoft\WindowsApps;;C:\Users\Dell\Downloads\64bit\eclipse_64bit;
USERNAME=Dell
OS=Windows_NT
PROCESSOR_IDENTIFIER=Intel64 Family 6 Model 69 Stepping 1, GenuineIntel



---------------  S Y S T E M  ---------------

OS: Windows 10.0 , 64 bit Build 19041 (10.0.19041.662)

CPU:total 4 (initial active 4) (2 cores per cpu, 2 threads per core) family 6 model 69 stepping 1, cmov, cx8, fxsr, mmx, sse, sse2, sse3, ssse3, sse4.1, sse4.2, popcnt, avx, avx2, aes, clmul, erms, lzcnt, ht, tsc, tscinvbit, bmi1, bmi2

Memory: 4k page, physical 4096180k(353184k free), swap 16679092k(13692k free)

vm_info: Java HotSpot(TM) 64-Bit Server VM (25.271-b09) for windows-amd64 JRE (1.8.0_271-b09), built on Sep 16 2020 19:14:59 by "" with MS VC++ 15.9 (VS2017)

time: Thu Feb 25 13:37:03 2021
timezone: India Standard Time
elapsed time: 13.099144 seconds (0d 0h 0m 13s)

