#
# There is insufficient memory for the Java Runtime Environment to continue.
# Native memory allocation (malloc) failed to allocate 367936 bytes for Chunk::new
# Possible reasons:
#   The system is out of physical RAM or swap space
#   The process is running with CompressedOops enabled, and the Java Heap may be blocking the growth of the native heap
# Possible solutions:
#   Reduce memory load on the system
#   Increase physical memory or swap space
#   Check if swap backing store is full
#   Decrease Java heap size (-Xmx/-Xms)
#   Decrease number of Java threads
#   Decrease Java thread stack sizes (-Xss)
#   Set larger code cache with -XX:ReservedCodeCacheSize=
#   JVM is running with Unscaled Compressed Oops mode in which the Java heap is
#     placed in the first 4GB address space. The Java Heap base address is the
#     maximum limit for the native heap growth. Please use -XX:HeapBaseMinAddress
#     to set the Java Heap base and to place the Java Heap above 4GB virtual address.
# This output file may be truncated or incomplete.
#
#  Out of Memory Error (allocation.cpp:389), pid=15188, tid=0x0000000000001820
#
# JRE version: Java(TM) SE Runtime Environment (8.0_271-b09) (build 1.8.0_271-b09)
# Java VM: Java HotSpot(TM) 64-Bit Server VM (25.271-b09 mixed mode windows-amd64 compressed oops)
# Failed to write core dump. Minidumps are not enabled by default on client versions of Windows
#

---------------  T H R E A D  ---------------

Current thread (0x000001f37f7b7800):  JavaThread "C2 CompilerThread1" daemon [_thread_in_native, id=6176, stack(0x000000763e700000,0x000000763e800000)]

Stack: [0x000000763e700000,0x000000763e800000]
Native frames: (J=compiled Java code, j=interpreted, Vv=VM code, C=native code)
V  [jvm.dll+0x33f6c9]
V  [jvm.dll+0x286122]
V  [jvm.dll+0x286dcd]
V  [jvm.dll+0x27d805]
V  [jvm.dll+0xe574c]
V  [jvm.dll+0xe5f4c]
V  [jvm.dll+0x462b72]
V  [jvm.dll+0x49df9d]
V  [jvm.dll+0x452bf1]
V  [jvm.dll+0x44feb4]
V  [jvm.dll+0x43aef7]
V  [jvm.dll+0xbc3eb]
V  [jvm.dll+0xbaa4b]
V  [jvm.dll+0x24e7c2]
V  [jvm.dll+0x2a2dcc]
C  [ucrtbase.dll+0x21bb2]
C  [KERNEL32.DLL+0x17034]
C  [ntdll.dll+0x4d241]


Current CompileTask:
C2:   6487 1563   !   4       java.util.jar.Attributes::read (380 bytes)


---------------  P R O C E S S  ---------------

Java Threads: ( => current thread )
  0x000001f303f2d000 JavaThread "DestroyJavaVM" [_thread_blocked, id=9208, stack(0x000000763dc00000,0x000000763dd00000)]
  0x000001f30428f800 JavaThread "AsyncHttpClient-3-1" [_thread_in_native, id=396, stack(0x000000763f400000,0x000000763f500000)]
  0x000001f30395c800 JavaThread "Keep-Alive-Timer" daemon [_thread_blocked, id=15148, stack(0x000000763f300000,0x000000763f400000)]
  0x000001f30390a000 JavaThread "Exec Stream Pumper" daemon [_thread_in_native, id=6284, stack(0x000000763f200000,0x000000763f300000)]
  0x000001f303f2f800 JavaThread "Exec Stream Pumper" daemon [_thread_in_native, id=3016, stack(0x000000763f100000,0x000000763f200000)]
  0x000001f303c68000 JavaThread "UrlChecker-2" daemon [_thread_blocked, id=13836, stack(0x000000763ef00000,0x000000763f000000)]
  0x000001f303c51000 JavaThread "ForkJoinPool.commonPool-worker-2" daemon [_thread_blocked, id=6924, stack(0x000000763ee00000,0x000000763ef00000)]
  0x000001f303c50800 JavaThread "Exec Default Executor" daemon [_thread_in_native, id=10768, stack(0x000000763ed00000,0x000000763ee00000)]
  0x000001f3038e7800 JavaThread "AsyncHttpClient-timer-1-1" [_thread_blocked, id=17016, stack(0x000000763ec00000,0x000000763ed00000)]
  0x000001f3037af800 JavaThread "ForkJoinPool.commonPool-worker-1" daemon [_thread_blocked, id=11720, stack(0x000000763eb00000,0x000000763ec00000)]
  0x000001f37f833000 JavaThread "Service Thread" daemon [_thread_blocked, id=5344, stack(0x000000763e900000,0x000000763ea00000)]
  0x000001f37f7c1000 JavaThread "C1 CompilerThread2" daemon [_thread_blocked, id=17492, stack(0x000000763e800000,0x000000763e900000)]
=>0x000001f37f7b7800 JavaThread "C2 CompilerThread1" daemon [_thread_in_native, id=6176, stack(0x000000763e700000,0x000000763e800000)]
  0x000001f37f7b2000 JavaThread "C2 CompilerThread0" daemon [_thread_blocked, id=18332, stack(0x000000763e600000,0x000000763e700000)]
  0x000001f37f7b0000 JavaThread "Attach Listener" daemon [_thread_blocked, id=17868, stack(0x000000763e500000,0x000000763e600000)]
  0x000001f37f7af000 JavaThread "Signal Dispatcher" daemon [_thread_blocked, id=6592, stack(0x000000763e400000,0x000000763e500000)]
  0x000001f37f797800 JavaThread "Finalizer" daemon [_thread_blocked, id=12092, stack(0x000000763e300000,0x000000763e400000)]
  0x000001f37f76f000 JavaThread "Reference Handler" daemon [_thread_blocked, id=19020, stack(0x000000763e200000,0x000000763e300000)]

Other Threads:
  0x000001f37f769800 VMThread [stack: 0x000000763e100000,0x000000763e200000] [id=17272]
  0x000001f37f8b6000 WatcherThread [stack: 0x000000763ea00000,0x000000763eb00000] [id=9144]

VM state:not at safepoint (normal execution)

VM Mutex/Monitor currently owned by a thread: None

heap address: 0x00000000c1600000, size: 1002 MB, Compressed Oops mode: 32-bit
Narrow klass base: 0x0000000000000000, Narrow klass shift: 3
Compressed class space size: 1073741824 Address: 0x0000000100000000

Heap:
 PSYoungGen      total 35328K, used 23075K [0x00000000eb200000, 0x00000000ed700000, 0x0000000100000000)
  eden space 32768K, 70% used [0x00000000eb200000,0x00000000ec888c38,0x00000000ed200000)
  from space 2560K, 0% used [0x00000000ed200000,0x00000000ed200000,0x00000000ed480000)
  to   space 2560K, 0% used [0x00000000ed480000,0x00000000ed480000,0x00000000ed700000)
 ParOldGen       total 38400K, used 9285K [0x00000000c1600000, 0x00000000c3b80000, 0x00000000eb200000)
  object space 38400K, 24% used [0x00000000c1600000,0x00000000c1f11680,0x00000000c3b80000)
 Metaspace       used 21365K, capacity 22164K, committed 22400K, reserved 1069056K
  class space    used 2662K, capacity 2890K, committed 2944K, reserved 1048576K

Card table byte_map: [0x000001f37e850000,0x000001f37ea50000] byte_map_base: 0x000001f37e245000

Marking Bits: (ParMarkBitMap*) 0x000000006b3d7fe0
 Begin Bits: [0x000001f300000000, 0x000001f300fa8000)
 End Bits:   [0x000001f300fa8000, 0x000001f301f50000)

Polling page: 0x000001f36f460000

CodeCache: size=245760Kb used=5634Kb max_used=5634Kb free=240125Kb
 bounds [0x000001f36f490000, 0x000001f36fa20000, 0x000001f37e490000]
 total_blobs=2048 nmethods=1597 adapters=363
 compilation: enabled

Compilation events (10 events):
Event: 5.443 Thread 0x000001f37f7c1000 nmethod 1586 0x000001f36fa02490 code [0x000001f36fa02740, 0x000001f36fa03f60]
Event: 5.443 Thread 0x000001f37f7c1000 1585       3       java.lang.invoke.DirectMethodHandle::preparedLambdaForm (230 bytes)
Event: 5.445 Thread 0x000001f37f7c1000 nmethod 1585 0x000001f36fa04850 code [0x000001f36fa04ac0, 0x000001f36fa05b00]
Event: 5.463 Thread 0x000001f37f7b2000 nmethod 1577 0x000001f36fa09e10 code [0x000001f36fa09fc0, 0x000001f36fa0b078]
Event: 5.464 Thread 0x000001f37f7b2000 1580       4       java.nio.Buffer::position (43 bytes)
Event: 5.465 Thread 0x000001f37f7b2000 nmethod 1580 0x000001f36f9ffe50 code [0x000001f36f9fff80, 0x000001f36fa00038]
Event: 5.465 Thread 0x000001f37f7b2000 1581       4       org.openqa.selenium.json.Input::peek (9 bytes)
Event: 5.465 Thread 0x000001f37f7b2000 nmethod 1581 0x000001f36f9ffbd0 code [0x000001f36f9ffd20, 0x000001f36f9ffda8]
Event: 5.559 Thread 0x000001f37f7b2000 1587       4       java.nio.DirectLongBufferU::put (18 bytes)
Event: 5.561 Thread 0x000001f37f7b2000 nmethod 1587 0x000001f36f9ff950 code [0x000001f36f9ffa80, 0x000001f36f9ffb18]

GC Heap History (10 events):
Event: 1.958 GC heap before
{Heap before GC invocations=2 (full 0):
 PSYoungGen      total 18944K, used 18917K [0x00000000eb200000, 0x00000000ec700000, 0x0000000100000000)
  eden space 16384K, 100% used [0x00000000eb200000,0x00000000ec200000,0x00000000ec200000)
  from space 2560K, 98% used [0x00000000ec200000,0x00000000ec479570,0x00000000ec480000)
  to   space 2560K, 0% used [0x00000000ec480000,0x00000000ec480000,0x00000000ec700000)
 ParOldGen       total 44032K, used 1167K [0x00000000c1600000, 0x00000000c4100000, 0x00000000eb200000)
  object space 44032K, 2% used [0x00000000c1600000,0x00000000c1723e88,0x00000000c4100000)
 Metaspace       used 8975K, capacity 9220K, committed 9344K, reserved 1056768K
  class space    used 1010K, capacity 1130K, committed 1152K, reserved 1048576K
Event: 1.968 GC heap after
Heap after GC invocations=2 (full 0):
 PSYoungGen      total 18944K, used 2544K [0x00000000eb200000, 0x00000000ed700000, 0x0000000100000000)
  eden space 16384K, 0% used [0x00000000eb200000,0x00000000eb200000,0x00000000ec200000)
  from space 2560K, 99% used [0x00000000ec480000,0x00000000ec6fc010,0x00000000ec700000)
  to   space 2560K, 0% used [0x00000000ec200000,0x00000000ec200000,0x00000000ec480000)
 ParOldGen       total 44032K, used 2922K [0x00000000c1600000, 0x00000000c4100000, 0x00000000eb200000)
  object space 44032K, 6% used [0x00000000c1600000,0x00000000c18daa40,0x00000000c4100000)
 Metaspace       used 8975K, capacity 9220K, committed 9344K, reserved 1056768K
  class space    used 1010K, capacity 1130K, committed 1152K, reserved 1048576K
}
Event: 2.380 GC heap before
{Heap before GC invocations=3 (full 0):
 PSYoungGen      total 18944K, used 18928K [0x00000000eb200000, 0x00000000ed700000, 0x0000000100000000)
  eden space 16384K, 100% used [0x00000000eb200000,0x00000000ec200000,0x00000000ec200000)
  from space 2560K, 99% used [0x00000000ec480000,0x00000000ec6fc010,0x00000000ec700000)
  to   space 2560K, 0% used [0x00000000ec200000,0x00000000ec200000,0x00000000ec480000)
 ParOldGen       total 44032K, used 2922K [0x00000000c1600000, 0x00000000c4100000, 0x00000000eb200000)
  object space 44032K, 6% used [0x00000000c1600000,0x00000000c18daa40,0x00000000c4100000)
 Metaspace       used 12405K, capacity 12596K, committed 12672K, reserved 1060864K
  class space    used 1325K, capacity 1404K, committed 1408K, reserved 1048576K
Event: 2.389 GC heap after
Heap after GC invocations=3 (full 0):
 PSYoungGen      total 18944K, used 2549K [0x00000000eb200000, 0x00000000ed700000, 0x0000000100000000)
  eden space 16384K, 0% used [0x00000000eb200000,0x00000000eb200000,0x00000000ec200000)
  from space 2560K, 99% used [0x00000000ec200000,0x00000000ec47d590,0x00000000ec480000)
  to   space 2560K, 0% used [0x00000000ed480000,0x00000000ed480000,0x00000000ed700000)
 ParOldGen       total 44032K, used 6003K [0x00000000c1600000, 0x00000000c4100000, 0x00000000eb200000)
  object space 44032K, 13% used [0x00000000c1600000,0x00000000c1bdcc78,0x00000000c4100000)
 Metaspace       used 12405K, capacity 12596K, committed 12672K, reserved 1060864K
  class space    used 1325K, capacity 1404K, committed 1408K, reserved 1048576K
}
Event: 2.755 GC heap before
{Heap before GC invocations=4 (full 0):
 PSYoungGen      total 18944K, used 18933K [0x00000000eb200000, 0x00000000ed700000, 0x0000000100000000)
  eden space 16384K, 100% used [0x00000000eb200000,0x00000000ec200000,0x00000000ec200000)
  from space 2560K, 99% used [0x00000000ec200000,0x00000000ec47d590,0x00000000ec480000)
  to   space 2560K, 0% used [0x00000000ed480000,0x00000000ed480000,0x00000000ed700000)
 ParOldGen       total 44032K, used 6003K [0x00000000c1600000, 0x00000000c4100000, 0x00000000eb200000)
  object space 44032K, 13% used [0x00000000c1600000,0x00000000c1bdcc78,0x00000000c4100000)
 Metaspace       used 15823K, capacity 16100K, committed 16256K, reserved 1062912K
  class space    used 1778K, capacity 1888K, committed 1920K, reserved 1048576K
Event: 2.764 GC heap after
Heap after GC invocations=4 (full 0):
 PSYoungGen      total 35328K, used 2544K [0x00000000eb200000, 0x00000000ed700000, 0x0000000100000000)
  eden space 32768K, 0% used [0x00000000eb200000,0x00000000eb200000,0x00000000ed200000)
  from space 2560K, 99% used [0x00000000ed480000,0x00000000ed6fc030,0x00000000ed700000)
  to   space 2560K, 0% used [0x00000000ed200000,0x00000000ed200000,0x00000000ed480000)
 ParOldGen       total 44032K, used 8800K [0x00000000c1600000, 0x00000000c4100000, 0x00000000eb200000)
  object space 44032K, 19% used [0x00000000c1600000,0x00000000c1e98190,0x00000000c4100000)
 Metaspace       used 15823K, capacity 16100K, committed 16256K, reserved 1062912K
  class space    used 1778K, capacity 1888K, committed 1920K, reserved 1048576K
}
Event: 4.581 GC heap before
{Heap before GC invocations=5 (full 0):
 PSYoungGen      total 35328K, used 29624K [0x00000000eb200000, 0x00000000ed700000, 0x0000000100000000)
  eden space 32768K, 82% used [0x00000000eb200000,0x00000000ecc72368,0x00000000ed200000)
  from space 2560K, 99% used [0x00000000ed480000,0x00000000ed6fc030,0x00000000ed700000)
  to   space 2560K, 0% used [0x00000000ed200000,0x00000000ed200000,0x00000000ed480000)
 ParOldGen       total 44032K, used 8800K [0x00000000c1600000, 0x00000000c4100000, 0x00000000eb200000)
  object space 44032K, 19% used [0x00000000c1600000,0x00000000c1e98190,0x00000000c4100000)
 Metaspace       used 20384K, capacity 21128K, committed 21248K, reserved 1067008K
  class space    used 2477K, capacity 2700K, committed 2816K, reserved 1048576K
Event: 4.593 GC heap after
Heap after GC invocations=5 (full 0):
 PSYoungGen      total 35328K, used 2549K [0x00000000eb200000, 0x00000000ed700000, 0x0000000100000000)
  eden space 32768K, 0% used [0x00000000eb200000,0x00000000eb200000,0x00000000ed200000)
  from space 2560K, 99% used [0x00000000ed200000,0x00000000ed47d590,0x00000000ed480000)
  to   space 2560K, 0% used [0x00000000ed480000,0x00000000ed480000,0x00000000ed700000)
 ParOldGen       total 44032K, used 12545K [0x00000000c1600000, 0x00000000c4100000, 0x00000000eb200000)
  object space 44032K, 28% used [0x00000000c1600000,0x00000000c2240788,0x00000000c4100000)
 Metaspace       used 20384K, capacity 21128K, committed 21248K, reserved 1067008K
  class space    used 2477K, capacity 2700K, committed 2816K, reserved 1048576K
}
Event: 4.593 GC heap before
{Heap before GC invocations=6 (full 1):
 PSYoungGen      total 35328K, used 2549K [0x00000000eb200000, 0x00000000ed700000, 0x0000000100000000)
  eden space 32768K, 0% used [0x00000000eb200000,0x00000000eb200000,0x00000000ed200000)
  from space 2560K, 99% used [0x00000000ed200000,0x00000000ed47d590,0x00000000ed480000)
  to   space 2560K, 0% used [0x00000000ed480000,0x00000000ed480000,0x00000000ed700000)
 ParOldGen       total 44032K, used 12545K [0x00000000c1600000, 0x00000000c4100000, 0x00000000eb200000)
  object space 44032K, 28% used [0x00000000c1600000,0x00000000c2240788,0x00000000c4100000)
 Metaspace       used 20384K, capacity 21128K, committed 21248K, reserved 1067008K
  class space    used 2477K, capacity 2700K, committed 2816K, reserved 1048576K
Event: 4.652 GC heap after
Heap after GC invocations=6 (full 1):
 PSYoungGen      total 35328K, used 0K [0x00000000eb200000, 0x00000000ed700000, 0x0000000100000000)
  eden space 32768K, 0% used [0x00000000eb200000,0x00000000eb200000,0x00000000ed200000)
  from space 2560K, 0% used [0x00000000ed200000,0x00000000ed200000,0x00000000ed480000)
  to   space 2560K, 0% used [0x00000000ed480000,0x00000000ed480000,0x00000000ed700000)
 ParOldGen       total 38400K, used 9285K [0x00000000c1600000, 0x00000000c3b80000, 0x00000000eb200000)
  object space 38400K, 24% used [0x00000000c1600000,0x00000000c1f11680,0x00000000c3b80000)
 Metaspace       used 20384K, capacity 21128K, committed 21248K, reserved 1067008K
  class space    used 2477K, capacity 2700K, committed 2816K, reserved 1048576K
}

Deoptimization events (10 events):
Event: 2.476 Thread 0x000001f36daf7800 Uncommon trap: reason=class_check action=maybe_recompile pc=0x000001f36f787fa4 method=java.util.regex.Pattern$Curly.match(Ljava/util/regex/Matcher;ILjava/lang/CharSequence;)Z @ 19
Event: 2.476 Thread 0x000001f36daf7800 Uncommon trap: reason=class_check action=maybe_recompile pc=0x000001f36f787fa4 method=java.util.regex.Pattern$Curly.match(Ljava/util/regex/Matcher;ILjava/lang/CharSequence;)Z @ 19
Event: 2.476 Thread 0x000001f36daf7800 Uncommon trap: reason=class_check action=maybe_recompile pc=0x000001f36f787fa4 method=java.util.regex.Pattern$Curly.match(Ljava/util/regex/Matcher;ILjava/lang/CharSequence;)Z @ 19
Event: 2.500 Thread 0x000001f36daf7800 Uncommon trap: reason=unstable_if action=reinterpret pc=0x000001f36f8cdd2c method=java.io.WinNTFileSystem.isLetter(C)Z @ 3
Event: 2.839 Thread 0x000001f36daf7800 Uncommon trap: reason=unstable_if action=reinterpret pc=0x000001f36f84dc54 method=java.lang.String.replace(CC)Ljava/lang/String; @ 2
Event: 3.683 Thread 0x000001f36daf7800 Uncommon trap: reason=class_check action=maybe_recompile pc=0x000001f36f81671c method=java.util.regex.Matcher.search(I)Z @ 86
Event: 3.683 Thread 0x000001f36daf7800 Uncommon trap: reason=class_check action=maybe_recompile pc=0x000001f36f81671c method=java.util.regex.Matcher.search(I)Z @ 86
Event: 3.683 Thread 0x000001f36daf7800 Uncommon trap: reason=class_check action=maybe_recompile pc=0x000001f36f81671c method=java.util.regex.Matcher.search(I)Z @ 86
Event: 3.683 Thread 0x000001f36daf7800 Uncommon trap: reason=class_check action=maybe_recompile pc=0x000001f36f81671c method=java.util.regex.Matcher.search(I)Z @ 86
Event: 3.785 Thread 0x000001f36daf7800 Uncommon trap: reason=unstable_if action=reinterpret pc=0x000001f36f8fa1e8 method=java.util.regex.Pattern$BmpCharProperty.match(Ljava/util/regex/Matcher;ILjava/lang/CharSequence;)Z @ 34

Classes redefined (0 events):
No events

Internal exceptions (10 events):
Event: 3.469 Thread 0x000001f36daf7800 Exception <a 'java/lang/ArrayIndexOutOfBoundsException'> (0x00000000eb934a40) thrown at [C:\jenkins\workspace\8-2-build-windows-amd64-cygwin\jdk8u271\605\hotspot\src\share\vm\runtime\sharedRuntime.cpp, line 609]
Event: 3.470 Thread 0x000001f36daf7800 Exception <a 'java/lang/ArrayIndexOutOfBoundsException'> (0x00000000eb939670) thrown at [C:\jenkins\workspace\8-2-build-windows-amd64-cygwin\jdk8u271\605\hotspot\src\share\vm\runtime\sharedRuntime.cpp, line 609]
Event: 3.475 Thread 0x000001f36daf7800 Exception <a 'java/lang/NoSuchMethodError': java.lang.Object.lambda$andThen$1(Ljava/util/function/Function;Ljava/lang/Object;)Ljava/lang/Object;> (0x00000000eb94e7a8) thrown at [C:\jenkins\workspace\8-2-build-windows-amd64-cygwin\jdk8u271\605\hotspot\src\
Event: 3.572 Thread 0x000001f36daf7800 Exception <a 'java/lang/NoSuchMethodError': java.lang.Object.lambda$chars$0()Ljava/util/Spliterator$OfInt;> (0x00000000ebb29348) thrown at [C:\jenkins\workspace\8-2-build-windows-amd64-cygwin\jdk8u271\605\hotspot\src\share\vm\interpreter\linkResolver.cpp,
Event: 4.678 Thread 0x000001f30428f800 Exception <a 'java/lang/ArrayIndexOutOfBoundsException'> (0x00000000eb347d78) thrown at [C:\jenkins\workspace\8-2-build-windows-amd64-cygwin\jdk8u271\605\hotspot\src\share\vm\runtime\sharedRuntime.cpp, line 609]
Event: 4.679 Thread 0x000001f30428f800 Exception <a 'java/lang/ArrayIndexOutOfBoundsException'> (0x00000000eb3495a0) thrown at [C:\jenkins\workspace\8-2-build-windows-amd64-cygwin\jdk8u271\605\hotspot\src\share\vm\runtime\sharedRuntime.cpp, line 609]
Event: 4.680 Thread 0x000001f30428f800 Exception <a 'java/lang/ArrayIndexOutOfBoundsException'> (0x00000000eb34ccf8) thrown at [C:\jenkins\workspace\8-2-build-windows-amd64-cygwin\jdk8u271\605\hotspot\src\share\vm\runtime\sharedRuntime.cpp, line 609]
Event: 4.680 Thread 0x000001f30428f800 Exception <a 'java/lang/ArrayIndexOutOfBoundsException'> (0x00000000eb34de70) thrown at [C:\jenkins\workspace\8-2-build-windows-amd64-cygwin\jdk8u271\605\hotspot\src\share\vm\runtime\sharedRuntime.cpp, line 609]
Event: 5.430 Thread 0x000001f36daf7800 Exception <a 'java/lang/NoSuchMethodError': java.lang.Object.lambda$getResponseFunction$0(Lorg/openqa/selenium/remote/InitialHandshakeResponse;)Lorg/openqa/selenium/remote/ProtocolHandshake$Result;> (0x00000000ec7a8460) thrown at [C:\jenkins\workspace\8-2
Event: 5.438 Thread 0x000001f36daf7800 Exception <a 'java/lang/NoSuchMethodError': java.lang.Object.lambda$comparingInt$7b0bb60$1(Ljava/util/function/ToIntFunction;Ljava/lang/Object;Ljava/lang/Object;)I> (0x00000000ec7cfa68) thrown at [C:\jenkins\workspace\8-2-build-windows-amd64-cygwin\jdk8u2

Events (10 events):
Event: 5.561 loading class sun/misc/JavaObjectInputStreamAccess
Event: 5.561 loading class sun/misc/JavaObjectInputStreamAccess done
Event: 5.561 loading class sun/misc/JavaObjectInputStreamReadString
Event: 5.562 loading class sun/misc/JavaObjectInputStreamReadString done
Event: 5.562 loading class sun/misc/JavaxCryptoSealedObjectAccess
Event: 5.562 loading class sun/misc/JavaxCryptoSealedObjectAccess done
Event: 5.563 loading class org/openqa/selenium/devtools/Connection
Event: 5.563 loading class org/openqa/selenium/devtools/Connection done
Event: 5.565 loading class org/openqa/selenium/devtools/DevToolsException
Event: 5.565 loading class org/openqa/selenium/devtools/DevToolsException done


Dynamic libraries:
0x00007ff670420000 - 0x00007ff670467000 	C:\Program Files\Java\jre1.8.0_271\bin\javaw.exe
0x00007ff8756f0000 - 0x00007ff8758e6000 	C:\Windows\SYSTEM32\ntdll.dll
0x00007ff873750000 - 0x00007ff87380d000 	C:\Windows\System32\KERNEL32.DLL
0x00007ff873350000 - 0x00007ff873619000 	C:\Windows\System32\KERNELBASE.dll
0x00007ff8755a0000 - 0x00007ff87564c000 	C:\Windows\System32\ADVAPI32.dll
0x00007ff874ae0000 - 0x00007ff874b7e000 	C:\Windows\System32\msvcrt.dll
0x00007ff875430000 - 0x00007ff8754cc000 	C:\Windows\System32\sechost.dll
0x00007ff8747e0000 - 0x00007ff87490b000 	C:\Windows\System32\RPCRT4.dll
0x00007ff874c60000 - 0x00007ff874e00000 	C:\Windows\System32\USER32.dll
0x00007ff873000000 - 0x00007ff873022000 	C:\Windows\System32\win32u.dll
0x00007ff873f60000 - 0x00007ff873f8a000 	C:\Windows\System32\GDI32.dll
0x00007ff8731e0000 - 0x00007ff8732eb000 	C:\Windows\System32\gdi32full.dll
0x00007ff872e60000 - 0x00007ff872efd000 	C:\Windows\System32\msvcp_win.dll
0x00007ff872f00000 - 0x00007ff873000000 	C:\Windows\System32\ucrtbase.dll
0x00007ff85e7f0000 - 0x00007ff85ea8b000 	C:\Windows\WinSxS\amd64_microsoft.windows.common-controls_6595b64144ccf1df_6.0.19041.746_none_ca02b4b61b8320a4\COMCTL32.dll
0x00007ff8741a0000 - 0x00007ff8741d0000 	C:\Windows\System32\IMM32.DLL
0x00007ff85d710000 - 0x00007ff85d725000 	C:\Program Files\Java\jre1.8.0_271\bin\vcruntime140.dll
0x00007ff8414f0000 - 0x00007ff84158b000 	C:\Program Files\Java\jre1.8.0_271\bin\msvcp140.dll
0x000000006abe0000 - 0x000000006b44f000 	C:\Program Files\Java\jre1.8.0_271\bin\server\jvm.dll
0x00007ff875420000 - 0x00007ff875428000 	C:\Windows\System32\PSAPI.DLL
0x00007ff85d310000 - 0x00007ff85d337000 	C:\Windows\SYSTEM32\WINMM.dll
0x00007ff865ca0000 - 0x00007ff865caa000 	C:\Windows\SYSTEM32\VERSION.dll
0x00007ff862480000 - 0x00007ff862489000 	C:\Windows\SYSTEM32\WSOCK32.dll
0x00007ff874770000 - 0x00007ff8747db000 	C:\Windows\System32\WS2_32.dll
0x00007ff870d80000 - 0x00007ff870d92000 	C:\Windows\SYSTEM32\kernel.appcore.dll
0x00007ff8610d0000 - 0x00007ff8610e0000 	C:\Program Files\Java\jre1.8.0_271\bin\verify.dll
0x00007ff845480000 - 0x00007ff8454ab000 	C:\Program Files\Java\jre1.8.0_271\bin\java.dll
0x00007ff85c060000 - 0x00007ff85c078000 	C:\Program Files\Java\jre1.8.0_271\bin\zip.dll
0x00007ff873810000 - 0x00007ff873f52000 	C:\Windows\System32\SHELL32.dll
0x00007ff870f80000 - 0x00007ff871710000 	C:\Windows\SYSTEM32\windows.storage.dll
0x00007ff874e60000 - 0x00007ff8751b6000 	C:\Windows\System32\combase.dll
0x00007ff8727c0000 - 0x00007ff8727ec000 	C:\Windows\SYSTEM32\Wldp.dll
0x00007ff874a30000 - 0x00007ff874ade000 	C:\Windows\System32\SHCORE.dll
0x00007ff874140000 - 0x00007ff874195000 	C:\Windows\System32\shlwapi.dll
0x00007ff872d60000 - 0x00007ff872d86000 	C:\Windows\SYSTEM32\profapi.dll
0x00007ff85f330000 - 0x00007ff85f354000 	C:\Program Files\Java\jre1.8.0_271\bin\sunec.dll
0x00007ff86d2b0000 - 0x00007ff86d2cc000 	C:\Program Files\Java\jre1.8.0_271\bin\net.dll
0x00007ff872540000 - 0x00007ff8725aa000 	C:\Windows\system32\mswsock.dll
0x00007ff872230000 - 0x00007ff87226b000 	C:\Windows\SYSTEM32\IPHLPAPI.DLL
0x00007ff874910000 - 0x00007ff874918000 	C:\Windows\System32\NSI.dll
0x00007ff867b30000 - 0x00007ff867b47000 	C:\Windows\SYSTEM32\dhcpcsvc6.DLL
0x00007ff867f50000 - 0x00007ff867f6d000 	C:\Windows\SYSTEM32\dhcpcsvc.DLL
0x00007ff8722c0000 - 0x00007ff87238b000 	C:\Windows\SYSTEM32\DNSAPI.dll
0x00007ff85ff00000 - 0x00007ff85ff13000 	C:\Program Files\Java\jre1.8.0_271\bin\nio.dll
0x00007ff872710000 - 0x00007ff872728000 	C:\Windows\SYSTEM32\CRYPTSP.dll
0x00007ff871ee0000 - 0x00007ff871f14000 	C:\Windows\system32\rsaenh.dll
0x00007ff872e30000 - 0x00007ff872e57000 	C:\Windows\System32\bcrypt.dll
0x00007ff872ce0000 - 0x00007ff872d0e000 	C:\Windows\SYSTEM32\USERENV.dll
0x00007ff8736d0000 - 0x00007ff873750000 	C:\Windows\System32\bcryptprimitives.dll
0x00007ff872730000 - 0x00007ff87273c000 	C:\Windows\SYSTEM32\CRYPTBASE.dll
0x00007ff865b00000 - 0x00007ff865b0a000 	C:\Windows\System32\rasadhlp.dll
0x00007ff865cc0000 - 0x00007ff865d3f000 	C:\Windows\System32\fwpuclnt.dll
0x00007ff865f60000 - 0x00007ff865f6d000 	C:\Program Files\Java\jre1.8.0_271\bin\management.dll
0x00007ff85f3e0000 - 0x00007ff85f3f7000 	C:\Windows\system32\napinsp.dll
0x00007ff85f200000 - 0x00007ff85f21b000 	C:\Windows\system32\pnrpnsp.dll
0x00007ff86d640000 - 0x00007ff86d655000 	C:\Windows\system32\wshbth.dll
0x00007ff86e890000 - 0x00007ff86e8ad000 	C:\Windows\system32\NLAapi.dll
0x00007ff85f1e0000 - 0x00007ff85f1f2000 	C:\Windows\System32\winrnr.dll
0x00007ff860c80000 - 0x00007ff860e64000 	C:\Windows\SYSTEM32\dbghelp.dll

VM Arguments:
jvm_args: -Dfile.encoding=Cp1252 
java_command: Assignments_4thWeek.MergeLead
java_class_path (initial): D:\Selenium\Mavenproject\target\classes;C:\Users\Dell\.m2\repository\org\seleniumhq\selenium\selenium-java\4.0.0-alpha-6\selenium-java-4.0.0-alpha-6.jar;C:\Users\Dell\.m2\repository\org\seleniumhq\selenium\selenium-api\4.0.0-alpha-6\selenium-api-4.0.0-alpha-6.jar;C:\Users\Dell\.m2\repository\org\seleniumhq\selenium\selenium-chrome-driver\4.0.0-alpha-6\selenium-chrome-driver-4.0.0-alpha-6.jar;C:\Users\Dell\.m2\repository\com\google\auto\service\auto-service-annotations\1.0-rc6\auto-service-annotations-1.0-rc6.jar;C:\Users\Dell\.m2\repository\com\google\auto\service\auto-service\1.0-rc6\auto-service-1.0-rc6.jar;C:\Users\Dell\.m2\repository\com\google\auto\auto-common\0.10\auto-common-0.10.jar;C:\Users\Dell\.m2\repository\com\google\guava\guava\29.0-jre\guava-29.0-jre.jar;C:\Users\Dell\.m2\repository\com\google\guava\failureaccess\1.0.1\failureaccess-1.0.1.jar;C:\Users\Dell\.m2\repository\com\google\guava\listenablefuture\9999.0-empty-to-avoid-conflict-with-guava\listenablefuture-9999.0-empty-to-avoid-conflict-with-guava.jar;C:\Users\Dell\.m2\repository\com\google\code\findbugs\jsr305\3.0.2\jsr305-3.0.2.jar;C:\Users\Dell\.m2\repository\org\checkerframework\checker-qual\2.11.1\checker-qual-2.11.1.jar;C:\Users\Dell\.m2\repository\com\google\errorprone\error_prone_annotations\2.3.4\error_prone_annotations-2.3.4.jar;C:\Users\Dell\.m2\repository\com\google\j2objc\j2objc-annotations\1.3\j2objc-annotations-1.3.jar;C:\Users\Dell\.m2\repository\org\seleniumhq\selenium\selenium-chromium-driver\4.0.0-alpha-6\selenium-chromium-driver-4.0.0-alpha-6.jar;C:\Users\Dell\.m2\repository\org\seleniumhq\selenium\selenium-devtools\4.0.0-alpha-6\selenium-devtools-4.0.0-alpha-6.jar;C:\Users\Dell\.m2\repository\org\seleniumhq\selenium\selenium-http\4.0.0-alpha-6\selenium-http-4.0.0-alpha-6.jar;C:\Users\Dell\.m2\repository\org\seleniumhq\selenium\selenium-json\4.0.0-alpha-6\selenium-json-4.0.0-alpha-6.jar;C:\Users\Dell\.m2\repository\org\seleniumhq\selenium\selenium
Launcher Type: SUN_STANDARD

Environment Variables:
PATH=C:/Program Files/Java/jre1.8.0_271/bin/server;C:/Program Files/Java/jre1.8.0_271/bin;C:/Program Files/Java/jre1.8.0_271/lib/amd64;C:\Program Files (x86)\Common Files\Oracle\Java\javapath;C:\Windows\system32;C:\Windows;C:\Windows\System32\Wbem;C:\Windows\System32\WindowsPowerShell\v1.0\;C:\Windows\System32\OpenSSH\;C:\Users\Dell\AppData\Local\Microsoft\WindowsApps;;C:\Users\Dell\Downloads\64bit\eclipse_64bit;
USERNAME=Dell
OS=Windows_NT
PROCESSOR_IDENTIFIER=Intel64 Family 6 Model 69 Stepping 1, GenuineIntel



---------------  S Y S T E M  ---------------

OS: Windows 10.0 , 64 bit Build 19041 (10.0.19041.804)

CPU:total 4 (initial active 4) (2 cores per cpu, 2 threads per core) family 6 model 69 stepping 1, cmov, cx8, fxsr, mmx, sse, sse2, sse3, ssse3, sse4.1, sse4.2, popcnt, avx, avx2, aes, clmul, erms, lzcnt, ht, tsc, tscinvbit, bmi1, bmi2

Memory: 4k page, physical 4096180k(393676k free), swap 16679092k(4036k free)

vm_info: Java HotSpot(TM) 64-Bit Server VM (25.271-b09) for windows-amd64 JRE (1.8.0_271-b09), built on Sep 16 2020 19:14:59 by "" with MS VC++ 15.9 (VS2017)

time: Wed Mar 10 23:05:43 2021
timezone: India Standard Time
elapsed time: 6.524949 seconds (0d 0h 0m 6s)

